
 N E X T F L O W   ~  version 25.04.6

Launching `main.nf` [irreverent_albattani] DSL2 - revision: 2d60c0741a

[-        ] CHECK_FNA_HEADERS   -
[-        ] CMSEARCH            -
[-        ] GET_CMSTATS         -
[-        ] EXTRACT_SEQUENCES   -
[-        ] BLAST_ANNOTATE      -
[-        ] MERGE_BLAST_RESULTS -
[-        ] PROCESS_RESULTS     -
[-        ] BUILD_SUMMARY       -

executor >  local (1)
[e9/e6d0c5] CHECK_FNA_HEADERS (combined_dataset) | 0 of 1
[-        ] CMSEARCH                             -
[-        ] GET_CMSTATS                          -
[-        ] EXTRACT_SEQUENCES                    -
[-        ] BLAST_ANNOTATE                       -
[-        ] MERGE_BLAST_RESULTS                  -
[-        ] PROCESS_RESULTS                      -
[-        ] BUILD_SUMMARY                        -

executor >  local (3)
[e9/e6d0c5] CHECK_FNA_HEADERS (combined_dataset) | 1 of 1 ✔
[cc/174fcc] CMSEARCH (combined_dataset_RF00177)  | 0 of 2
[-        ] GET_CMSTATS                          -
[-        ] EXTRACT_SEQUENCES                    -
[-        ] BLAST_ANNOTATE                       -
[-        ] MERGE_BLAST_RESULTS                  -
[-        ] PROCESS_RESULTS                      -
[-        ] BUILD_SUMMARY                        -

executor >  local (4)
[e9/e6d0c5] CHECK_FNA_HEADERS (combined_dataset)   | 1 of 1 ✔
[cc/174fcc] CMSEARCH (combined_dataset_RF00177)    | 1 of 2
[24/8a11af] GET_CMSTATS (combined_dataset_RF00177) | 0 of 1
[-        ] EXTRACT_SEQUENCES                      -
[-        ] BLAST_ANNOTATE                         -
[-        ] MERGE_BLAST_RESULTS                    -
[-        ] PROCESS_RESULTS                        -
[-        ] BUILD_SUMMARY                          -

executor >  local (4)
[e9/e6d0c5] CHECK_FNA_HEADERS (combined_dataset)   | 1 of 1 ✔
[cc/174fcc] CMSEARCH (combined_dataset_RF00177)    | 1 of 2
[24/8a11af] GET_CMSTATS (combined_dataset_RF00177) | 0 of 1
[-        ] EXTRACT_SEQUENCES                      -
[-        ] BLAST_ANNOTATE                         -
[-        ] MERGE_BLAST_RESULTS                    -
[-        ] PROCESS_RESULTS                        -
[-        ] BUILD_SUMMARY                          -

executor >  local (5)
[e9/e6d0c5] CHECK_FNA_HEADERS (combined_dataset)         | 1 of 1 ✔
[cc/174fcc] CMSEARCH (combined_dataset_RF00177)          | 1 of 2
[24/8a11af] GET_CMSTATS (combined_dataset_RF00177)       | 1 of 1
[08/044226] EXTRACT_SEQUENCES (combined_dataset_RF00177) | 0 of 1
[-        ] BLAST_ANNOTATE                               -
[-        ] MERGE_BLAST_RESULTS                          -
[-        ] PROCESS_RESULTS                              -
[-        ] BUILD_SUMMARY                                -

executor >  local (6)
[e9/e6d0c5] CHECK_FNA_HEADERS (combined_dataset)         | 1 of 1 ✔
[cc/174fcc] CMSEARCH (combined_dataset_RF00177)          | 1 of 2
[24/8a11af] GET_CMSTATS (combined_dataset_RF00177)       | 1 of 1
[08/044226] EXTRACT_SEQUENCES (combined_dataset_RF00177) | 1 of 1
[a2/ca469e] BLAST_ANNOTATE (combined_dataset_RF00177)    | 0 of 1
[-        ] MERGE_BLAST_RESULTS                          -
[-        ] PROCESS_RESULTS                              -
[-        ] BUILD_SUMMARY                                -

executor >  local (6)
[e9/e6d0c5] CHECK_FNA_HEADERS (combined_dataset)         | 1 of 1 ✔
[cc/174fcc] CMSEARCH (combined_dataset_RF00177)          | 1 of 2
[24/8a11af] GET_CMSTATS (combined_dataset_RF00177)       | 1 of 1
[08/044226] EXTRACT_SEQUENCES (combined_dataset_RF00177) | 1 of 1
[a2/ca469e] BLAST_ANNOTATE (combined_dataset_RF00177)    | 1 of 1
[-        ] MERGE_BLAST_RESULTS                          -
[-        ] PROCESS_RESULTS                              -
[-        ] BUILD_SUMMARY                                -

executor >  local (7)
[e9/e6d0c5] CHECK_FNA_HEADERS (combined_dataset)         | 1 of 1 ✔
[40/67d306] CMSEARCH (combined_dataset_RF01960)          | 2 of 2 ✔
[3d/283c35] GET_CMSTATS (combined_dataset_RF01960)       | 1 of 2
[08/044226] EXTRACT_SEQUENCES (combined_dataset_RF00177) | 1 of 1
[a2/ca469e] BLAST_ANNOTATE (combined_dataset_RF00177)    | 1 of 1
[-        ] MERGE_BLAST_RESULTS                          -
[-        ] PROCESS_RESULTS                              -
[-        ] BUILD_SUMMARY                                -

executor >  local (8)
[e9/e6d0c5] CHECK_FNA_HEADERS (combined_dataset)         | 1 of 1 ✔
[40/67d306] CMSEARCH (combined_dataset_RF01960)          | 2 of 2 ✔
[3d/283c35] GET_CMSTATS (combined_dataset_RF01960)       | 2 of 2 ✔
[f0/33b283] EXTRACT_SEQUENCES (combined_dataset_RF01960) | 1 of 2
[a2/ca469e] BLAST_ANNOTATE (combined_dataset_RF00177)    | 1 of 1
[-        ] MERGE_BLAST_RESULTS                          -
[-        ] PROCESS_RESULTS                              -
[-        ] BUILD_SUMMARY                                -

executor >  local (8)
[e9/e6d0c5] CHECK_FNA_HEADERS (combined_dataset)         | 1 of 1 ✔
[40/67d306] CMSEARCH (combined_dataset_RF01960)          | 2 of 2 ✔
[3d/283c35] GET_CMSTATS (combined_dataset_RF01960)       | 2 of 2 ✔
[f0/33b283] EXTRACT_SEQUENCES (combined_dataset_RF01960) | 1 of 2
[a2/ca469e] BLAST_ANNOTATE (combined_dataset_RF00177)    | 1 of 1
[-        ] MERGE_BLAST_RESULTS                          -
[-        ] PROCESS_RESULTS                              -
[-        ] BUILD_SUMMARY                                -

executor >  local (9)
[e9/e6d0c5] CHECK_FNA_HEADERS (combined_dataset)         | 1 of 1 ✔
[40/67d306] CMSEARCH (combined_dataset_RF01960)          | 2 of 2 ✔
[3d/283c35] GET_CMSTATS (combined_dataset_RF01960)       | 2 of 2 ✔
[f0/33b283] EXTRACT_SEQUENCES (combined_dataset_RF01960) | 2 of 2 ✔
[5d/246676] BLAST_ANNOTATE (combined_dataset_RF01960)    | 1 of 2
[-        ] MERGE_BLAST_RESULTS                          -
[-        ] PROCESS_RESULTS                              -
[-        ] BUILD_SUMMARY                                -

executor >  local (9)
[e9/e6d0c5] CHECK_FNA_HEADERS (combined_dataset)         | 1 of 1 ✔
[40/67d306] CMSEARCH (combined_dataset_RF01960)          | 2 of 2 ✔
[3d/283c35] GET_CMSTATS (combined_dataset_RF01960)       | 2 of 2 ✔
[f0/33b283] EXTRACT_SEQUENCES (combined_dataset_RF01960) | 2 of 2 ✔
[5d/246676] BLAST_ANNOTATE (combined_dataset_RF01960)    | 1 of 2
[-        ] MERGE_BLAST_RESULTS                          -
[-        ] PROCESS_RESULTS                              -
[-        ] BUILD_SUMMARY                                -

executor >  local (10)
[e9/e6d0c5] CHECK_FNA_HEADERS (combined_dataset)         | 1 of 1 ✔
[40/67d306] CMSEARCH (combined_dataset_RF01960)          | 2 of 2 ✔
[3d/283c35] GET_CMSTATS (combined_dataset_RF01960)       | 2 of 2 ✔
[f0/33b283] EXTRACT_SEQUENCES (combined_dataset_RF01960) | 2 of 2 ✔
[5d/246676] BLAST_ANNOTATE (combined_dataset_RF01960)    | 2 of 2 ✔
[91/835d27] MERGE_BLAST_RESULTS                          | 0 of 1
[-        ] PROCESS_RESULTS                              -
[-        ] BUILD_SUMMARY                                -

executor >  local (11)
[e9/e6d0c5] CHECK_FNA_HEADERS (combined_dataset)         | 1 of 1 ✔
[40/67d306] CMSEARCH (combined_dataset_RF01960)          | 2 of 2 ✔
[3d/283c35] GET_CMSTATS (combined_dataset_RF01960)       | 2 of 2 ✔
[f0/33b283] EXTRACT_SEQUENCES (combined_dataset_RF01960) | 2 of 2 ✔
[5d/246676] BLAST_ANNOTATE (combined_dataset_RF01960)    | 2 of 2 ✔
[91/835d27] MERGE_BLAST_RESULTS                          | 1 of 1 ✔
[e6/83345d] PROCESS_RESULTS                              | 0 of 1
[-        ] BUILD_SUMMARY                                -

executor >  local (11)
[e9/e6d0c5] CHECK_FNA_HEADERS (combined_dataset)         | 1 of 1 ✔
[40/67d306] CMSEARCH (combined_dataset_RF01960)          | 2 of 2 ✔
[3d/283c35] GET_CMSTATS (combined_dataset_RF01960)       | 2 of 2 ✔
[f0/33b283] EXTRACT_SEQUENCES (combined_dataset_RF01960) | 2 of 2 ✔
[5d/246676] BLAST_ANNOTATE (combined_dataset_RF01960)    | 2 of 2 ✔
[91/835d27] MERGE_BLAST_RESULTS                          | 1 of 1 ✔
[e6/83345d] PROCESS_RESULTS                              | 1 of 1 ✔
[-        ] BUILD_SUMMARY                                -

executor >  local (12)
[e9/e6d0c5] CHECK_FNA_HEADERS (combined_dataset)         | 1 of 1 ✔
[40/67d306] CMSEARCH (combined_dataset_RF01960)          | 2 of 2 ✔
[3d/283c35] GET_CMSTATS (combined_dataset_RF01960)       | 2 of 2 ✔
[f0/33b283] EXTRACT_SEQUENCES (combined_dataset_RF01960) | 2 of 2 ✔
[5d/246676] BLAST_ANNOTATE (combined_dataset_RF01960)    | 2 of 2 ✔
[91/835d27] MERGE_BLAST_RESULTS                          | 1 of 1 ✔
[e6/83345d] PROCESS_RESULTS                              | 1 of 1 ✔
[e4/78d441] BUILD_SUMMARY                                | 0 of 1

executor >  local (12)
[e9/e6d0c5] CHECK_FNA_HEADERS (combined_dataset)         | 1 of 1 ✔
[40/67d306] CMSEARCH (combined_dataset_RF01960)          | 2 of 2 ✔
[3d/283c35] GET_CMSTATS (combined_dataset_RF01960)       | 2 of 2 ✔
[f0/33b283] EXTRACT_SEQUENCES (combined_dataset_RF01960) | 2 of 2 ✔
[5d/246676] BLAST_ANNOTATE (combined_dataset_RF01960)    | 2 of 2 ✔
[91/835d27] MERGE_BLAST_RESULTS                          | 1 of 1 ✔
[e6/83345d] PROCESS_RESULTS                              | 1 of 1 ✔
[e4/78d441] BUILD_SUMMARY                                | 1 of 1 ✔
Pipeline completed at: 2025-07-28T14:13:27.357886829-07:00
Execution status: OK
Results directory: results/combined

executor >  local (12)
[e9/e6d0c5] CHECK_FNA_HEADERS (combined_dataset)         | 1 of 1 ✔
[40/67d306] CMSEARCH (combined_dataset_RF01960)          | 2 of 2 ✔
[3d/283c35] GET_CMSTATS (combined_dataset_RF01960)       | 2 of 2 ✔
[f0/33b283] EXTRACT_SEQUENCES (combined_dataset_RF01960) | 2 of 2 ✔
[5d/246676] BLAST_ANNOTATE (combined_dataset_RF01960)    | 2 of 2 ✔
[91/835d27] MERGE_BLAST_RESULTS                          | 1 of 1 ✔
[e6/83345d] PROCESS_RESULTS                              | 1 of 1 ✔
[e4/78d441] BUILD_SUMMARY                                | 1 of 1 ✔
Pipeline completed at: 2025-07-28T14:13:27.357886829-07:00
Execution status: OK
Results directory: results/combined
Completed at: 28-Jul-2025 14:13:28
Duration    : 10m 48s
CPU hours   : 0.6
Succeeded   : 12


