
 N E X T F L O W   ~  version 25.04.6

Launching `main.nf` [soggy_roentgen] DSL2 - revision: 2d60c0741a

[-        ] CHECK_FNA_HEADERS -

[-        ] CHECK_FNA_HEADERS   | 0 of 1
[-        ] CMSEARCH            -
[-        ] GET_CMSTATS         -
[-        ] EXTRACT_SEQUENCES   -
[-        ] BLAST_ANNOTATE      -
[-        ] MERGE_BLAST_RESULTS -
[-        ] PROCESS_RESULTS     -
[-        ] BUILD_SUMMARY       -

executor >  local (1)
[86/14d837] CHECK_FNA_HEADERS (combined_dataset) | 0 of 1
[-        ] CMSEARCH                             -
[-        ] GET_CMSTATS                          -
[-        ] EXTRACT_SEQUENCES                    -
[-        ] BLAST_ANNOTATE                       -
[-        ] MERGE_BLAST_RESULTS                  -
[-        ] PROCESS_RESULTS                      -
[-        ] BUILD_SUMMARY                        -

executor >  local (2)
[86/14d837] CHECK_FNA_HEADERS (combined_dataset) | 1 of 1 ✔
[30/743f31] CMSEARCH (combined_dataset_RF01960)  | 0 of 2
[-        ] GET_CMSTATS                          -
[-        ] EXTRACT_SEQUENCES                    -
[-        ] BLAST_ANNOTATE                       -
[-        ] MERGE_BLAST_RESULTS                  -
[-        ] PROCESS_RESULTS                      -
[-        ] BUILD_SUMMARY                        -

executor >  local (3)
[86/14d837] CHECK_FNA_HEADERS (combined_dataset) | 1 of 1 ✔
[c6/099b11] CMSEARCH (combined_dataset_RF00177)  | 0 of 2
[-        ] GET_CMSTATS                          -
[-        ] EXTRACT_SEQUENCES                    -
[-        ] BLAST_ANNOTATE                       -
[-        ] MERGE_BLAST_RESULTS                  -
[-        ] PROCESS_RESULTS                      -
[-        ] BUILD_SUMMARY                        -

executor >  local (3)
[86/14d837] CHECK_FNA_HEADERS (combined_dataset) | 1 of 1 ✔
[c6/099b11] CMSEARCH (combined_dataset_RF00177)  | 1 of 2
[-        ] GET_CMSTATS                          | 0 of 1
[-        ] EXTRACT_SEQUENCES                    -
[-        ] BLAST_ANNOTATE                       -
[-        ] MERGE_BLAST_RESULTS                  -
[-        ] PROCESS_RESULTS                      -
[-        ] BUILD_SUMMARY                        -

executor >  local (4)
[86/14d837] CHECK_FNA_HEADERS (combined_dataset)   | 1 of 1 ✔
[c6/099b11] CMSEARCH (combined_dataset_RF00177)    | 1 of 2
[09/319a15] GET_CMSTATS (combined_dataset_RF00177) | 0 of 1
[-        ] EXTRACT_SEQUENCES                      -
[-        ] BLAST_ANNOTATE                         -
[-        ] MERGE_BLAST_RESULTS                    -
[-        ] PROCESS_RESULTS                        -
[-        ] BUILD_SUMMARY                          -

executor >  local (4)
[86/14d837] CHECK_FNA_HEADERS (combined_dataset)   | 1 of 1 ✔
[c6/099b11] CMSEARCH (combined_dataset_RF00177)    | 1 of 2
[09/319a15] GET_CMSTATS (combined_dataset_RF00177) | 0 of 1
[-        ] EXTRACT_SEQUENCES                      -
[-        ] BLAST_ANNOTATE                         -
[-        ] MERGE_BLAST_RESULTS                    -
[-        ] PROCESS_RESULTS                        -
[-        ] BUILD_SUMMARY                          -

executor >  local (4)
[86/14d837] CHECK_FNA_HEADERS (combined_dataset)   | 1 of 1 ✔
[c6/099b11] CMSEARCH (combined_dataset_RF00177)    | 1 of 2
[09/319a15] GET_CMSTATS (combined_dataset_RF00177) | 1 of 1
[-        ] EXTRACT_SEQUENCES                      | 0 of 1
[-        ] BLAST_ANNOTATE                         -
[-        ] MERGE_BLAST_RESULTS                    -
[-        ] PROCESS_RESULTS                        -
[-        ] BUILD_SUMMARY                          -

executor >  local (5)
[86/14d837] CHECK_FNA_HEADERS (combined_dataset)         | 1 of 1 ✔
[c6/099b11] CMSEARCH (combined_dataset_RF00177)          | 1 of 2
[09/319a15] GET_CMSTATS (combined_dataset_RF00177)       | 1 of 1
[75/0b7850] EXTRACT_SEQUENCES (combined_dataset_RF00177) | 0 of 1
[-        ] BLAST_ANNOTATE                               -
[-        ] MERGE_BLAST_RESULTS                          -
[-        ] PROCESS_RESULTS                              -
[-        ] BUILD_SUMMARY                                -

executor >  local (6)
[86/14d837] CHECK_FNA_HEADERS (combined_dataset)         | 1 of 1 ✔
[c6/099b11] CMSEARCH (combined_dataset_RF00177)          | 1 of 2
[09/319a15] GET_CMSTATS (combined_dataset_RF00177)       | 1 of 1
[75/0b7850] EXTRACT_SEQUENCES (combined_dataset_RF00177) | 1 of 1
[44/7e6a43] BLAST_ANNOTATE (combined_dataset_RF00177)    | 0 of 1
[-        ] MERGE_BLAST_RESULTS                          -
[-        ] PROCESS_RESULTS                              -
[-        ] BUILD_SUMMARY                                -

executor >  local (6)
[86/14d837] CHECK_FNA_HEADERS (combined_dataset)         | 1 of 1 ✔
[c6/099b11] CMSEARCH (combined_dataset_RF00177)          | 1 of 2
[09/319a15] GET_CMSTATS (combined_dataset_RF00177)       | 1 of 1
[75/0b7850] EXTRACT_SEQUENCES (combined_dataset_RF00177) | 1 of 1
[44/7e6a43] BLAST_ANNOTATE (combined_dataset_RF00177)    | 0 of 1
[-        ] MERGE_BLAST_RESULTS                          -
[-        ] PROCESS_RESULTS                              -
[-        ] BUILD_SUMMARY                                -

executor >  local (6)
[86/14d837] CHECK_FNA_HEADERS (combined_dataset)         | 1 of 1 ✔
[c6/099b11] CMSEARCH (combined_dataset_RF00177)          | 1 of 2
[09/319a15] GET_CMSTATS (combined_dataset_RF00177)       | 1 of 1
[75/0b7850] EXTRACT_SEQUENCES (combined_dataset_RF00177) | 1 of 1
[44/7e6a43] BLAST_ANNOTATE (combined_dataset_RF00177)    | 1 of 1
[-        ] MERGE_BLAST_RESULTS                          -
[-        ] PROCESS_RESULTS                              -
[-        ] BUILD_SUMMARY                                -

executor >  local (7)
[86/14d837] CHECK_FNA_HEADERS (combined_dataset)         | 1 of 1 ✔
[30/743f31] CMSEARCH (combined_dataset_RF01960)          | 2 of 2 ✔
[1f/7eb663] GET_CMSTATS (combined_dataset_RF01960)       | 1 of 2
[75/0b7850] EXTRACT_SEQUENCES (combined_dataset_RF00177) | 1 of 1
[44/7e6a43] BLAST_ANNOTATE (combined_dataset_RF00177)    | 1 of 1
[-        ] MERGE_BLAST_RESULTS                          -
[-        ] PROCESS_RESULTS                              -
[-        ] BUILD_SUMMARY                                -

executor >  local (8)
[86/14d837] CHECK_FNA_HEADERS (combined_dataset)         | 1 of 1 ✔
[30/743f31] CMSEARCH (combined_dataset_RF01960)          | 2 of 2 ✔
[1f/7eb663] GET_CMSTATS (combined_dataset_RF01960)       | 2 of 2 ✔
[73/f89573] EXTRACT_SEQUENCES (combined_dataset_RF01960) | 1 of 2
[44/7e6a43] BLAST_ANNOTATE (combined_dataset_RF00177)    | 1 of 1
[-        ] MERGE_BLAST_RESULTS                          -
[-        ] PROCESS_RESULTS                              -
[-        ] BUILD_SUMMARY                                -

executor >  local (9)
[86/14d837] CHECK_FNA_HEADERS (combined_dataset)         | 1 of 1 ✔
[30/743f31] CMSEARCH (combined_dataset_RF01960)          | 2 of 2 ✔
[1f/7eb663] GET_CMSTATS (combined_dataset_RF01960)       | 2 of 2 ✔
[73/f89573] EXTRACT_SEQUENCES (combined_dataset_RF01960) | 2 of 2 ✔
[8f/62005e] BLAST_ANNOTATE (combined_dataset_RF01960)    | 1 of 2
[-        ] MERGE_BLAST_RESULTS                          -
[-        ] PROCESS_RESULTS                              -
[-        ] BUILD_SUMMARY                                -

executor >  local (10)
[86/14d837] CHECK_FNA_HEADERS (combined_dataset)         | 1 of 1 ✔
[30/743f31] CMSEARCH (combined_dataset_RF01960)          | 2 of 2 ✔
[1f/7eb663] GET_CMSTATS (combined_dataset_RF01960)       | 2 of 2 ✔
[73/f89573] EXTRACT_SEQUENCES (combined_dataset_RF01960) | 2 of 2 ✔
[8f/62005e] BLAST_ANNOTATE (combined_dataset_RF01960)    | 2 of 2 ✔
[5b/105f74] MERGE_BLAST_RESULTS                          | 0 of 1
[-        ] PROCESS_RESULTS                              -
[-        ] BUILD_SUMMARY                                -

executor >  local (11)
[86/14d837] CHECK_FNA_HEADERS (combined_dataset)         | 1 of 1 ✔
[30/743f31] CMSEARCH (combined_dataset_RF01960)          | 2 of 2 ✔
[1f/7eb663] GET_CMSTATS (combined_dataset_RF01960)       | 2 of 2 ✔
[73/f89573] EXTRACT_SEQUENCES (combined_dataset_RF01960) | 2 of 2 ✔
[8f/62005e] BLAST_ANNOTATE (combined_dataset_RF01960)    | 2 of 2 ✔
[5b/105f74] MERGE_BLAST_RESULTS                          | 1 of 1 ✔
[32/fa1313] PROCESS_RESULTS                              | 0 of 1
[-        ] BUILD_SUMMARY                                -

executor >  local (11)
[86/14d837] CHECK_FNA_HEADERS (combined_dataset)         | 1 of 1 ✔
[30/743f31] CMSEARCH (combined_dataset_RF01960)          | 2 of 2 ✔
[1f/7eb663] GET_CMSTATS (combined_dataset_RF01960)       | 2 of 2 ✔
[73/f89573] EXTRACT_SEQUENCES (combined_dataset_RF01960) | 2 of 2 ✔
[8f/62005e] BLAST_ANNOTATE (combined_dataset_RF01960)    | 2 of 2 ✔
[5b/105f74] MERGE_BLAST_RESULTS                          | 1 of 1 ✔
[32/fa1313] PROCESS_RESULTS                              | 0 of 1
[-        ] BUILD_SUMMARY                                -

executor >  local (11)
[86/14d837] CHECK_FNA_HEADERS (combined_dataset)         | 1 of 1 ✔
[30/743f31] CMSEARCH (combined_dataset_RF01960)          | 2 of 2 ✔
[1f/7eb663] GET_CMSTATS (combined_dataset_RF01960)       | 2 of 2 ✔
[73/f89573] EXTRACT_SEQUENCES (combined_dataset_RF01960) | 2 of 2 ✔
[8f/62005e] BLAST_ANNOTATE (combined_dataset_RF01960)    | 2 of 2 ✔
[5b/105f74] MERGE_BLAST_RESULTS                          | 1 of 1 ✔
[32/fa1313] PROCESS_RESULTS                              | 1 of 1 ✔
[-        ] BUILD_SUMMARY                                -

executor >  local (12)
[86/14d837] CHECK_FNA_HEADERS (combined_dataset)         | 1 of 1 ✔
[30/743f31] CMSEARCH (combined_dataset_RF01960)          | 2 of 2 ✔
[1f/7eb663] GET_CMSTATS (combined_dataset_RF01960)       | 2 of 2 ✔
[73/f89573] EXTRACT_SEQUENCES (combined_dataset_RF01960) | 2 of 2 ✔
[8f/62005e] BLAST_ANNOTATE (combined_dataset_RF01960)    | 2 of 2 ✔
[5b/105f74] MERGE_BLAST_RESULTS                          | 1 of 1 ✔
[32/fa1313] PROCESS_RESULTS                              | 1 of 1 ✔
[9a/e0eefe] BUILD_SUMMARY                                | 0 of 1

executor >  local (12)
[86/14d837] CHECK_FNA_HEADERS (combined_dataset)         | 1 of 1 ✔
[30/743f31] CMSEARCH (combined_dataset_RF01960)          | 2 of 2 ✔
[1f/7eb663] GET_CMSTATS (combined_dataset_RF01960)       | 2 of 2 ✔
[73/f89573] EXTRACT_SEQUENCES (combined_dataset_RF01960) | 2 of 2 ✔
[8f/62005e] BLAST_ANNOTATE (combined_dataset_RF01960)    | 2 of 2 ✔
[5b/105f74] MERGE_BLAST_RESULTS                          | 1 of 1 ✔
[32/fa1313] PROCESS_RESULTS                              | 1 of 1 ✔
[9a/e0eefe] BUILD_SUMMARY                                | 1 of 1 ✔
Pipeline completed at: 2025-07-28T14:22:17.042153743-07:00
Execution status: OK
Results directory: results/combined

executor >  local (12)
[86/14d837] CHECK_FNA_HEADERS (combined_dataset)         | 1 of 1 ✔
[30/743f31] CMSEARCH (combined_dataset_RF01960)          | 2 of 2 ✔
[1f/7eb663] GET_CMSTATS (combined_dataset_RF01960)       | 2 of 2 ✔
[73/f89573] EXTRACT_SEQUENCES (combined_dataset_RF01960) | 2 of 2 ✔
[8f/62005e] BLAST_ANNOTATE (combined_dataset_RF01960)    | 2 of 2 ✔
[5b/105f74] MERGE_BLAST_RESULTS                          | 1 of 1 ✔
[32/fa1313] PROCESS_RESULTS                              | 1 of 1 ✔
[9a/e0eefe] BUILD_SUMMARY                                | 1 of 1 ✔
Pipeline completed at: 2025-07-28T14:22:17.042153743-07:00
Execution status: OK
Results directory: results/combined
Completed at: 28-Jul-2025 14:22:17
Duration    : 3m 1s
CPU hours   : 0.6
Succeeded   : 12


