
[1m[38;5;232m[48;5;43m N E X T F L O W [0;2m  ~  [mversion 25.04.6[m
[K
Launching[35m `main.nf` [0;2m[[0;1;36mtrusting_tesla[0;2m] DSL2 - [36mrevision: [0;36m2d60c0741a[m
[K
[2m[[0;34m-        [0;2m] [0;2m[mCHECK_FNA_HEADERS   -[K
[2m[[0;34m-        [0;2m] [0;2m[mCMSEARCH            -[K
[2m[[0;34m-        [0;2m] [0;2m[mGET_CMSTATS         -[K
[2m[[0;34m-        [0;2m] [0;2m[mEXTRACT_SEQUENCES   -[K
[2m[[0;34m-        [0;2m] [0;2m[mBLAST_ANNOTATE      -[K
[2m[[0;34m-        [0;2m] [0;2m[mMERGE_BLAST_RESULTS -[K
[2m[[0;34m-        [0;2m] [0;2m[mPROCESS_RESULTS     -[K
[8A
[2mexecutor >  local (3)[m[K
[2m[[0;34med/a07d40[0;2m] [0;2m[mCHECK_FNA_HEADERS[33;2m ([0;33mcontigs_drinking_water_microbiome_spike_in_GCF_000008485__depth10[2m)[m[2m [[0;34m  0%[0;2m][m 0 of 3[K
[2m[[0;34m-        [0;2m] [0;2m[mCMSEARCH                                                                              -[K
[2m[[0;34m-        [0;2m] [0;2m[mGET_CMSTATS                                                                           -[K
[2m[[0;34m-        [0;2m] [0;2m[mEXTRACT_SEQUENCES                                                                     -[K
[2m[[0;34m-        [0;2m] [0;2m[mBLAST_ANNOTATE                                                                        -[K
[2m[[0;34m-        [0;2m] [0;2m[mMERGE_BLAST_RESULTS                                                                   -[K
[2m[[0;34m-        [0;2m] [0;2m[mPROCESS_RESULTS                                                                       -[K
[2m[[0;34m-        [0;2m] [0;2m[mBUILD_SUMMARY                                                                         -[K
[10A
[2mexecutor >  local (4)[m[K
[2m[[0;34med/a07d40[0;2m] [0;2m[mCHECK_FNA_HEADERS[33;2m ([0;33mcontigs_drinking_water_microbiome_spike_in_GCF_000008485__depth10[2m)[m[2m [[0;34m 33%[0;2m][m 1 of 3[K
[2m[[0;34mc3/af5996[0;2m] [0;2m[mCMSEARCH[33;2m ([0;33mcontigs_drinking_water_microbiome_spike_in_GCF_000008485__depth10_RF00177[2m)[m [2m [[0;34m  0%[0;2m][m 0 of 2[K
[2m[[0;34m-        [0;2m] [0;2m[mGET_CMSTATS                                                                           -[K
[2m[[0;34m-        [0;2m] [0;2m[mEXTRACT_SEQUENCES                                                                     -[K
[2m[[0;34m-        [0;2m] [0;2m[mBLAST_ANNOTATE                                                                        -[K
[2m[[0;34m-        [0;2m] [0;2m[mMERGE_BLAST_RESULTS                                                                   -[K
[2m[[0;34m-        [0;2m] [0;2m[mPROCESS_RESULTS                                                                       -[K
[2m[[0;34m-        [0;2m] [0;2m[mBUILD_SUMMARY                                                                         -[K
[10A
[2mexecutor >  local (7)[m[K
[2m[[0;34mdc/62c498[0;2m] [0;2m[mCHECK_FNA_HEADERS[33;2m ([0;33mcontigs_drinking_water_microbiome_spike_in_GCF_001457615__depth10[2m)[m[2m [[0;34m 66%[0;2m][m 2 of 3[K
[2m[[0;34m99/716b10[0;2m] [0;2m[mCMSEARCH[33;2m ([0;33mcontigs_drinking_water_microbiome_spike_in_GCF_001457615__depth10_RF00177[2m)[m [2m [[0;34m  0%[0;2m][m 0 of 4[K
[2m[[0;34m-        [0;2m] [0;2m[mGET_CMSTATS                                                                           -[K
[2m[[0;34m-        [0;2m] [0;2m[mEXTRACT_SEQUENCES                                                                     -[K
[2m[[0;34m-        [0;2m] [0;2m[mBLAST_ANNOTATE                                                                        -[K
[2m[[0;34m-        [0;2m] [0;2m[mMERGE_BLAST_RESULTS                                                                   -[K
[2m[[0;34m-        [0;2m] [0;2m[mPROCESS_RESULTS                                                                       -[K
[2m[[0;34m-        [0;2m] [0;2m[mBUILD_SUMMARY                                                                         -[K
[10A
[2mexecutor >  local (8)[m[K
[2m[[0;34mfe/6741cd[0;2m] [0;2m[mCHECK_FNA_HEADERS[33;2m ([0;33mcontigs_drinking_water_microbiome_spike_in_GCF_000621645__depth10[2m)[m[2m [[0;32m100%[0;2m][m 3 of 3[32m ✔[m[K
[2m[[0;34mc5/6340fa[0;2m] [0;2m[mCMSEARCH[33;2m ([0;33mcontigs_drinking_water_microbiome_spike_in_GCF_000621645__depth10_RF00177[2m)[m [2m [[0;34m  0%[0;2m][m 0 of 6[K
[2m[[0;34m-        [0;2m] [0;2m[mGET_CMSTATS                                                                           -[K
[2m[[0;34m-        [0;2m] [0;2m[mEXTRACT_SEQUENCES                                                                     -[K
[2m[[0;34m-        [0;2m] [0;2m[mBLAST_ANNOTATE                                                                        -[K
[2m[[0;34m-        [0;2m] [0;2m[mMERGE_BLAST_RESULTS                                                                   -[K
[2m[[0;34m-        [0;2m] [0;2m[mPROCESS_RESULTS                                                                       -[K
[2m[[0;34m-        [0;2m] [0;2m[mBUILD_SUMMARY                                                                         -[K
[10A
[2mexecutor >  local (9)[m[K
[2m[[0;34mfe/6741cd[0;2m] [0;2m[mCHECK_FNA_HEADERS[33;2m ([0;33mcontigs_drinking_water_microbiome_spike_in_GCF_000621645__depth10[2m)[m[2m [[0;32m100%[0;2m][m 3 of 3[32m ✔[m[K
[2m[[0;34m2d/a3b2f0[0;2m] [0;2m[mCMSEARCH[33;2m ([0;33mcontigs_drinking_water_microbiome_spike_in_GCF_000621645__depth10_RF01960[2m)[m [2m [[0;34m  0%[0;2m][m 0 of 6[K
[2m[[0;34m-        [0;2m] [0;2m[mGET_CMSTATS                                                                           -[K
[2m[[0;34m-        [0;2m] [0;2m[mEXTRACT_SEQUENCES                                                                     -[K
[2m[[0;34m-        [0;2m] [0;2m[mBLAST_ANNOTATE                                                                        -[K
[2m[[0;34m-        [0;2m] [0;2m[mMERGE_BLAST_RESULTS                                                                   -[K
[2m[[0;34m-        [0;2m] [0;2m[mPROCESS_RESULTS                                                                       -[K
[2m[[0;34m-        [0;2m] [0;2m[mBUILD_SUMMARY                                                                         -[K
[10A
[2mexecutor >  local (9)[m[K
[2m[[0;34mfe/6741cd[0;2m] [0;2m[mCHECK_FNA_HEADERS[33;2m ([0;33mcontigs_drinking_water_microbiome_spike_in_GCF_000621645__depth10[2m)[m[2m [[0;32m100%[0;2m][m 3 of 3[32m ✔[m[K
[2m[[0;34m2d/a3b2f0[0;2m] [0;2m[mCMSEARCH[33;2m ([0;33mcontigs_drinking_water_microbiome_spike_in_GCF_000621645__depth10_RF01960[2m)[m [2m [[0;34m  0%[0;2m][m 0 of 6[K
[2m[[0;34m-        [0;2m] [0;2m[mGET_CMSTATS                                                                           -[K
[2m[[0;34m-        [0;2m] [0;2m[mEXTRACT_SEQUENCES                                                                     -[K
[2m[[0;34m-        [0;2m] [0;2m[mBLAST_ANNOTATE                                                                        -[K
[2m[[0;34m-        [0;2m] [0;2m[mMERGE_BLAST_RESULTS                                                                   -[K
[2m[[0;34m-        [0;2m] [0;2m[mPROCESS_RESULTS                                                                       -[K
[2m[[0;34m-        [0;2m] [0;2m[mBUILD_SUMMARY                                                                         -[K
[10A
[2mexecutor >  local (10)[m[K
[2m[[0;34mfe/6741cd[0;2m] [0;2m[mCHECK_FNA_HEADERS[33;2m ([0;33mcontigs_drinking_water_microbiome_spike_in_GCF_000621645__depth10[2m)[m  [2m [[0;32m100%[0;2m][m 3 of 3[32m ✔[m[K
[2m[[0;34mc3/af5996[0;2m] [0;2m[mCMSEARCH[33;2m ([0;33mcontigs_drinking_water_microbiome_spike_in_GCF_000008485__depth10_RF00177[2m)[m   [2m [[0;34m 16%[0;2m][m 1 of 6[K
[2m[[0;34m04/71567d[0;2m] [0;2m[mGET_CMSTATS[33;2m ([0;33mcontigs_drinking_water_microbiome_spike_in_GCF_000008485__depth10_RF00177[2m)[m[2m [[0;34m  0%[0;2m][m 0 of 1[K
[2m[[0;34m-        [0;2m] [0;2m[mEXTRACT_SEQUENCES                                                                       -[K
[2m[[0;34m-        [0;2m] [0;2m[mBLAST_ANNOTATE                                                                          -[K
[2m[[0;34m-        [0;2m] [0;2m[mMERGE_BLAST_RESULTS                                                                     -[K
[2m[[0;34m-        [0;2m] [0;2m[mPROCESS_RESULTS                                                                         -[K
[2m[[0;34m-        [0;2m] [0;2m[mBUILD_SUMMARY                                                                           -[K
[10A
[2mexecutor >  local (11)[m[K
[2m[[0;34mfe/6741cd[0;2m] [0;2m[mCHECK_FNA_HEADERS[33;2m ([0;33mcontigs_drinking_water_microbiome_spike_in_GCF_000621645__depth10[2m)[m  [2m [[0;32m100%[0;2m][m 3 of 3[32m ✔[m[K
[2m[[0;34mc5/6340fa[0;2m] [0;2m[mCMSEARCH[33;2m ([0;33mcontigs_drinking_water_microbiome_spike_in_GCF_000621645__depth10_RF00177[2m)[m   [2m [[0;34m 33%[0;2m][m 2 of 6[K
[2m[[0;34m96/ace395[0;2m] [0;2m[mGET_CMSTATS[33;2m ([0;33mcontigs_drinking_water_microbiome_spike_in_GCF_000621645__depth10_RF00177[2m)[m[2m [[0;34m  0%[0;2m][m 0 of 2[K
[2m[[0;34m-        [0;2m] [0;2m[mEXTRACT_SEQUENCES                                                                       -[K
[2m[[0;34m-        [0;2m] [0;2m[mBLAST_ANNOTATE                                                                          -[K
[2m[[0;34m-        [0;2m] [0;2m[mMERGE_BLAST_RESULTS                                                                     -[K
[2m[[0;34m-        [0;2m] [0;2m[mPROCESS_RESULTS                                                                         -[K
[2m[[0;34m-        [0;2m] [0;2m[mBUILD_SUMMARY                                                                           -[K
[10A
[2mexecutor >  local (11)[m[K
[2m[[0;34mfe/6741cd[0;2m] [0;2m[mCHECK_FNA_HEADERS[33;2m ([0;33mcontigs_drinking_water_microbiome_spike_in_GCF_000621645__depth10[2m)[m  [2m [[0;32m100%[0;2m][m 3 of 3[32m ✔[m[K
[2m[[0;34mc5/6340fa[0;2m] [0;2m[mCMSEARCH[33;2m ([0;33mcontigs_drinking_water_microbiome_spike_in_GCF_000621645__depth10_RF00177[2m)[m   [2m [[0;34m 33%[0;2m][m 2 of 6[K
[2m[[0;34m96/ace395[0;2m] [0;2m[mGET_CMSTATS[33;2m ([0;33mcontigs_drinking_water_microbiome_spike_in_GCF_000621645__depth10_RF00177[2m)[m[2m [[0;34m  0%[0;2m][m 0 of 2[K
[2m[[0;34m-        [0;2m] [0;2m[mEXTRACT_SEQUENCES                                                                       -[K
[2m[[0;34m-        [0;2m] [0;2m[mBLAST_ANNOTATE                                                                          -[K
[2m[[0;34m-        [0;2m] [0;2m[mMERGE_BLAST_RESULTS                                                                     -[K
[2m[[0;34m-        [0;2m] [0;2m[mPROCESS_RESULTS                                                                         -[K
[2m[[0;34m-        [0;2m] [0;2m[mBUILD_SUMMARY                                                                           -[K
[10A
[2mexecutor >  local (11)[m[K
[2m[[0;34mfe/6741cd[0;2m] [0;2m[mCHECK_FNA_HEADERS[33;2m ([0;33mcontigs_drinking_water_microbiome_spike_in_GCF_000621645__depth10[2m)[m  [2m [[0;32m100%[0;2m][m 3 of 3[32m ✔[m[K
[2m[[0;34m99/716b10[0;2m] [0;2m[mCMSEARCH[33;2m ([0;33mcontigs_drinking_water_microbiome_spike_in_GCF_001457615__depth10_RF00177[2m)[m   [2m [[0;34m 50%[0;2m][m 3 of 6[K
[2m[[0;34m96/ace395[0;2m] [0;2m[mGET_CMSTATS[33;2m ([0;33mcontigs_drinking_water_microbiome_spike_in_GCF_000621645__depth10_RF00177[2m)[m[2m [[0;34m  0%[0;2m][m 0 of 2[K
[2m[[0;34m-        [0;2m] [0;2m[mEXTRACT_SEQUENCES                                                                       -[K
[2m[[0;34m-        [0;2m] [0;2m[mBLAST_ANNOTATE                                                                          -[K
[2m[[0;34m-        [0;2m] [0;2m[mMERGE_BLAST_RESULTS                                                                     -[K
[2m[[0;34m-        [0;2m] [0;2m[mPROCESS_RESULTS                                                                         -[K
[2m[[0;34m-        [0;2m] [0;2m[mBUILD_SUMMARY                                                                           -[K
[10A
[2mexecutor >  local (12)[m[K
[2m[[0;34mfe/6741cd[0;2m] [0;2m[mCHECK_FNA_HEADERS[33;2m ([0;33mcontigs_drinking_water_microbiome_spike_in_GCF_000621645__depth10[2m)[m  [2m [[0;32m100%[0;2m][m 3 of 3[32m ✔[m[K
[2m[[0;34m99/716b10[0;2m] [0;2m[mCMSEARCH[33;2m ([0;33mcontigs_drinking_water_microbiome_spike_in_GCF_001457615__depth10_RF00177[2m)[m   [2m [[0;34m 50%[0;2m][m 3 of 6[K
[2m[[0;34m8d/23d514[0;2m] [0;2m[mGET_CMSTATS[33;2m ([0;33mcontigs_drinking_water_microbiome_spike_in_GCF_001457615__depth10_RF00177[2m)[m[2m [[0;34m  0%[0;2m][m 0 of 3[K
[2m[[0;34m-        [0;2m] [0;2m[mEXTRACT_SEQUENCES                                                                       -[K
[2m[[0;34m-        [0;2m] [0;2m[mBLAST_ANNOTATE                                                                          -[K
[2m[[0;34m-        [0;2m] [0;2m[mMERGE_BLAST_RESULTS                                                                     -[K
[2m[[0;34m-        [0;2m] [0;2m[mPROCESS_RESULTS                                                                         -[K
[2m[[0;34m-        [0;2m] [0;2m[mBUILD_SUMMARY                                                                           -[K
[10A
[2mexecutor >  local (13)[m[K
[2m[[0;34mfe/6741cd[0;2m] [0;2m[mCHECK_FNA_HEADERS[33;2m ([0;33mcontigs_drinking_water_microbiome_spike_in_GCF_000621645__depth10[2m)[m   [2m [[0;32m100%[0;2m][m 3 of 3[32m ✔[m[K
[2m[[0;34m99/716b10[0;2m] [0;2m[mCMSEARCH[33;2m ([0;33mcontigs_drinking_water_microbiome_spike_in_GCF_001457615__depth10_RF00177[2m)[m    [2m [[0;34m 50%[0;2m][m 3 of 6[K
[2m[[0;34m96/ace395[0;2m] [0;2m[mGET_CMSTATS[33;2m ([0;33mcontigs_drinking_water_microbiome_spike_in_GCF_000621645__depth10_RF00177[2m)[m [2m [[0;34m 66%[0;2m][m 2 of 3[K
[2m[[0;34m82/4c966c[0;2m] [0;2m[mEXT…EQUENCES[33;2m ([0;33mcontigs_drinking_water_microbiome_spike_in_GCF_000008485__depth10_RF00177[2m)[m[2m [[0;34m  0%[0;2m][m 0 of 2[K
[2m[[0;34m-        [0;2m] [0;2m[mBLAST_ANNOTATE                                                                           -[K
[2m[[0;34m-        [0;2m] [0;2m[mMERGE_BLAST_RESULTS                                                                      -[K
[2m[[0;34m-        [0;2m] [0;2m[mPROCESS_RESULTS                                                                          -[K
[2m[[0;34m-        [0;2m] [0;2m[mBUILD_SUMMARY                                                                            -[K
[10A
[2mexecutor >  local (14)[m[K
[2m[[0;34mfe/6741cd[0;2m] [0;2m[mCHECK_FNA_HEADERS[33;2m ([0;33mcontigs_drinking_water_microbiome_spike_in_GCF_000621645__depth10[2m)[m   [2m [[0;32m100%[0;2m][m 3 of 3[32m ✔[m[K
[2m[[0;34m99/716b10[0;2m] [0;2m[mCMSEARCH[33;2m ([0;33mcontigs_drinking_water_microbiome_spike_in_GCF_001457615__depth10_RF00177[2m)[m    [2m [[0;34m 50%[0;2m][m 3 of 6[K
[2m[[0;34m96/ace395[0;2m] [0;2m[mGET_CMSTATS[33;2m ([0;33mcontigs_drinking_water_microbiome_spike_in_GCF_000621645__depth10_RF00177[2m)[m [2m [[0;34m 66%[0;2m][m 2 of 3[K
[2m[[0;34med/ca1cba[0;2m] [0;2m[mEXT…EQUENCES[33;2m ([0;33mcontigs_drinking_water_microbiome_spike_in_GCF_000621645__depth10_RF00177[2m)[m[2m [[0;34m  0%[0;2m][m 0 of 2[K
[2m[[0;34m-        [0;2m] [0;2m[mBLAST_ANNOTATE                                                                           -[K
[2m[[0;34m-        [0;2m] [0;2m[mMERGE_BLAST_RESULTS                                                                      -[K
[2m[[0;34m-        [0;2m] [0;2m[mPROCESS_RESULTS                                                                          -[K
[2m[[0;34m-        [0;2m] [0;2m[mBUILD_SUMMARY                                                                            -[K
[10A
[2mexecutor >  local (15)[m[K
[2m[[0;34mfe/6741cd[0;2m] [0;2m[mCHECK_FNA_HEADERS[33;2m ([0;33mcontigs_drinking_water_microbiome_spike_in_GCF_000621645__depth10[2m)[m   [2m [[0;32m100%[0;2m][m 3 of 3[32m ✔[m[K
[2m[[0;34m99/716b10[0;2m] [0;2m[mCMSEARCH[33;2m ([0;33mcontigs_drinking_water_microbiome_spike_in_GCF_001457615__depth10_RF00177[2m)[m    [2m [[0;34m 50%[0;2m][m 3 of 6[K
[2m[[0;34m96/ace395[0;2m] [0;2m[mGET_CMSTATS[33;2m ([0;33mcontigs_drinking_water_microbiome_spike_in_GCF_000621645__depth10_RF00177[2m)[m [2m [[0;34m 66%[0;2m][m 2 of 3[K
[2m[[0;34med/ca1cba[0;2m] [0;2m[mEXT…EQUENCES[33;2m ([0;33mcontigs_drinking_water_microbiome_spike_in_GCF_000621645__depth10_RF00177[2m)[m[2m [[0;32m100%[0;2m][m 2 of 2[K
[2m[[0;34m52/aa612a[0;2m] [0;2m[mBLA…ANNOTATE[33;2m ([0;33mcontigs_drinking_water_microbiome_spike_in_GCF_000008485__depth10_RF00177[2m)[m[2m [[0;34m  0%[0;2m][m 0 of 2[K
[2m[[0;34m-        [0;2m] [0;2m[mMERGE_BLAST_RESULTS                                                                      -[K
[2m[[0;34m-        [0;2m] [0;2m[mPROCESS_RESULTS                                                                          -[K
[2m[[0;34m-        [0;2m] [0;2m[mBUILD_SUMMARY                                                                            -[K
[10A
[2mexecutor >  local (16)[m[K
[2m[[0;34mfe/6741cd[0;2m] [0;2m[mCHECK_FNA_HEADERS[33;2m ([0;33mcontigs_drinking_water_microbiome_spike_in_GCF_000621645__depth10[2m)[m   [2m [[0;32m100%[0;2m][m 3 of 3[32m ✔[m[K
[2m[[0;34m99/716b10[0;2m] [0;2m[mCMSEARCH[33;2m ([0;33mcontigs_drinking_water_microbiome_spike_in_GCF_001457615__depth10_RF00177[2m)[m    [2m [[0;34m 50%[0;2m][m 3 of 6[K
[2m[[0;34m96/ace395[0;2m] [0;2m[mGET_CMSTATS[33;2m ([0;33mcontigs_drinking_water_microbiome_spike_in_GCF_000621645__depth10_RF00177[2m)[m [2m [[0;34m 66%[0;2m][m 2 of 3[K
[2m[[0;34med/ca1cba[0;2m] [0;2m[mEXT…EQUENCES[33;2m ([0;33mcontigs_drinking_water_microbiome_spike_in_GCF_000621645__depth10_RF00177[2m)[m[2m [[0;32m100%[0;2m][m 2 of 2[K
[2m[[0;34mb0/911ba7[0;2m] [0;2m[mBLA…ANNOTATE[33;2m ([0;33mcontigs_drinking_water_microbiome_spike_in_GCF_000621645__depth10_RF00177[2m)[m[2m [[0;34m  0%[0;2m][m 0 of 2[K
[2m[[0;34m-        [0;2m] [0;2m[mMERGE_BLAST_RESULTS                                                                      -[K
[2m[[0;34m-        [0;2m] [0;2m[mPROCESS_RESULTS                                                                          -[K
[2m[[0;34m-        [0;2m] [0;2m[mBUILD_SUMMARY                                                                            -[K
[10A
[2mexecutor >  local (17)[m[K
[2m[[0;34mfe/6741cd[0;2m] [0;2m[mCHECK_FNA_HEADERS[33;2m ([0;33mcontigs_drinking_water_microbiome_spike_in_GCF_000621645__depth10[2m)[m   [2m [[0;32m100%[0;2m][m 3 of 3[32m ✔[m[K
[2m[[0;34m99/716b10[0;2m] [0;2m[mCMSEARCH[33;2m ([0;33mcontigs_drinking_water_microbiome_spike_in_GCF_001457615__depth10_RF00177[2m)[m    [2m [[0;34m 50%[0;2m][m 3 of 6[K
[2m[[0;34m8d/23d514[0;2m] [0;2m[mGET_CMSTATS[33;2m ([0;33mcontigs_drinking_water_microbiome_spike_in_GCF_001457615__depth10_RF00177[2m)[m [2m [[0;32m100%[0;2m][m 3 of 3[K
[2m[[0;34mc1/32f8f4[0;2m] [0;2m[mEXT…EQUENCES[33;2m ([0;33mcontigs_drinking_water_microbiome_spike_in_GCF_001457615__depth10_RF00177[2m)[m[2m [[0;34m 66%[0;2m][m 2 of 3[K
[2m[[0;34mb0/911ba7[0;2m] [0;2m[mBLA…ANNOTATE[33;2m ([0;33mcontigs_drinking_water_microbiome_spike_in_GCF_000621645__depth10_RF00177[2m)[m[2m [[0;34m  0%[0;2m][m 0 of 2[K
[2m[[0;34m-        [0;2m] [0;2m[mMERGE_BLAST_RESULTS                                                                      -[K
[2m[[0;34m-        [0;2m] [0;2m[mPROCESS_RESULTS                                                                          -[K
[2m[[0;34m-        [0;2m] [0;2m[mBUILD_SUMMARY                                                                            -[K
[10A
[2mexecutor >  local (17)[m[K
[2m[[0;34mfe/6741cd[0;2m] [0;2m[mCHECK_FNA_HEADERS[33;2m ([0;33mcontigs_drinking_water_microbiome_spike_in_GCF_000621645__depth10[2m)[m   [2m [[0;32m100%[0;2m][m 3 of 3[32m ✔[m[K
[2m[[0;34m99/716b10[0;2m] [0;2m[mCMSEARCH[33;2m ([0;33mcontigs_drinking_water_microbiome_spike_in_GCF_001457615__depth10_RF00177[2m)[m    [2m [[0;34m 50%[0;2m][m 3 of 6[K
[2m[[0;34m8d/23d514[0;2m] [0;2m[mGET_CMSTATS[33;2m ([0;33mcontigs_drinking_water_microbiome_spike_in_GCF_001457615__depth10_RF00177[2m)[m [2m [[0;32m100%[0;2m][m 3 of 3[K
[2m[[0;34mc1/32f8f4[0;2m] [0;2m[mEXT…EQUENCES[33;2m ([0;33mcontigs_drinking_water_microbiome_spike_in_GCF_001457615__depth10_RF00177[2m)[m[2m [[0;34m 66%[0;2m][m 2 of 3[K
[2m[[0;34mb0/911ba7[0;2m] [0;2m[mBLA…ANNOTATE[33;2m ([0;33mcontigs_drinking_water_microbiome_spike_in_GCF_000621645__depth10_RF00177[2m)[m[2m [[0;34m  0%[0;2m][m 0 of 2[K
[2m[[0;34m-        [0;2m] [0;2m[mMERGE_BLAST_RESULTS                                                                      -[K
[2m[[0;34m-        [0;2m] [0;2m[mPROCESS_RESULTS                                                                          -[K
[2m[[0;34m-        [0;2m] [0;2m[mBUILD_SUMMARY                                                                            -[K
[10A
[2mexecutor >  local (18)[m[K
[2m[[0;34mfe/6741cd[0;2m] [0;2m[mCHECK_FNA_HEADERS[33;2m ([0;33mcontigs_drinking_water_microbiome_spike_in_GCF_000621645__depth10[2m)[m   [2m [[0;32m100%[0;2m][m 3 of 3[32m ✔[m[K
[2m[[0;34m99/716b10[0;2m] [0;2m[mCMSEARCH[33;2m ([0;33mcontigs_drinking_water_microbiome_spike_in_GCF_001457615__depth10_RF00177[2m)[m    [2m [[0;34m 50%[0;2m][m 3 of 6[K
[2m[[0;34m8d/23d514[0;2m] [0;2m[mGET_CMSTATS[33;2m ([0;33mcontigs_drinking_water_microbiome_spike_in_GCF_001457615__depth10_RF00177[2m)[m [2m [[0;32m100%[0;2m][m 3 of 3[K
[2m[[0;34mc1/32f8f4[0;2m] [0;2m[mEXT…EQUENCES[33;2m ([0;33mcontigs_drinking_water_microbiome_spike_in_GCF_001457615__depth10_RF00177[2m)[m[2m [[0;32m100%[0;2m][m 3 of 3[K
[2m[[0;34m9a/924869[0;2m] [0;2m[mBLA…ANNOTATE[33;2m ([0;33mcontigs_drinking_water_microbiome_spike_in_GCF_001457615__depth10_RF00177[2m)[m[2m [[0;34m  0%[0;2m][m 0 of 3[K
[2m[[0;34m-        [0;2m] [0;2m[mMERGE_BLAST_RESULTS                                                                      -[K
[2m[[0;34m-        [0;2m] [0;2m[mPROCESS_RESULTS                                                                          -[K
[2m[[0;34m-        [0;2m] [0;2m[mBUILD_SUMMARY                                                                            -[K
[10A
[2mexecutor >  local (18)[m[K
[2m[[0;34mfe/6741cd[0;2m] [0;2m[mCHECK_FNA_HEADERS[33;2m ([0;33mcontigs_drinking_water_microbiome_spike_in_GCF_000621645__depth10[2m)[m   [2m [[0;32m100%[0;2m][m 3 of 3[32m ✔[m[K
[2m[[0;34m99/716b10[0;2m] [0;2m[mCMSEARCH[33;2m ([0;33mcontigs_drinking_water_microbiome_spike_in_GCF_001457615__depth10_RF00177[2m)[m    [2m [[0;34m 50%[0;2m][m 3 of 6[K
[2m[[0;34m8d/23d514[0;2m] [0;2m[mGET_CMSTATS[33;2m ([0;33mcontigs_drinking_water_microbiome_spike_in_GCF_001457615__depth10_RF00177[2m)[m [2m [[0;32m100%[0;2m][m 3 of 3[K
[2m[[0;34mc1/32f8f4[0;2m] [0;2m[mEXT…EQUENCES[33;2m ([0;33mcontigs_drinking_water_microbiome_spike_in_GCF_001457615__depth10_RF00177[2m)[m[2m [[0;32m100%[0;2m][m 3 of 3[K
[2m[[0;34mb0/911ba7[0;2m] [0;2m[mBLA…ANNOTATE[33;2m ([0;33mcontigs_drinking_water_microbiome_spike_in_GCF_000621645__depth10_RF00177[2m)[m[2m [[0;32m100%[0;2m][m 3 of 3[K
[2m[[0;34m-        [0;2m] [0;2m[mMERGE_BLAST_RESULTS                                                                      -[K
[2m[[0;34m-        [0;2m] [0;2m[mPROCESS_RESULTS                                                                          -[K
[2m[[0;34m-        [0;2m] [0;2m[mBUILD_SUMMARY                                                                            -[K
[10A
[2mexecutor >  local (19)[m[K
[2m[[0;34mfe/6741cd[0;2m] [0;2m[mCHECK_FNA_HEADERS[33;2m ([0;33mcontigs_drinking_water_microbiome_spike_in_GCF_000621645__depth10[2m)[m   [2m [[0;32m100%[0;2m][m 3 of 3[32m ✔[m[K
[2m[[0;34m63/3d9f49[0;2m] [0;2m[mCMSEARCH[33;2m ([0;33mcontigs_drinking_water_microbiome_spike_in_GCF_001457615__depth10_RF01960[2m)[m    [2m [[0;34m 66%[0;2m][m 4 of 6[K
[2m[[0;34m79/fa406a[0;2m] [0;2m[mGET_CMSTATS[33;2m ([0;33mcontigs_drinking_water_microbiome_spike_in_GCF_001457615__depth10_RF01960[2m)[m [2m [[0;34m 75%[0;2m][m 3 of 4[K
[2m[[0;34mc1/32f8f4[0;2m] [0;2m[mEXT…EQUENCES[33;2m ([0;33mcontigs_drinking_water_microbiome_spike_in_GCF_001457615__depth10_RF00177[2m)[m[2m [[0;32m100%[0;2m][m 3 of 3[K
[2m[[0;34mb0/911ba7[0;2m] [0;2m[mBLA…ANNOTATE[33;2m ([0;33mcontigs_drinking_water_microbiome_spike_in_GCF_000621645__depth10_RF00177[2m)[m[2m [[0;32m100%[0;2m][m 3 of 3[K
[2m[[0;34m-        [0;2m] [0;2m[mMERGE_BLAST_RESULTS                                                                      -[K
[2m[[0;34m-        [0;2m] [0;2m[mPROCESS_RESULTS                                                                          -[K
[2m[[0;34m-        [0;2m] [0;2m[mBUILD_SUMMARY                                                                            -[K
[10A
[2mexecutor >  local (19)[m[K
[2m[[0;34mfe/6741cd[0;2m] [0;2m[mCHECK_FNA_HEADERS[33;2m ([0;33mcontigs_drinking_water_microbiome_spike_in_GCF_000621645__depth10[2m)[m   [2m [[0;32m100%[0;2m][m 3 of 3[32m ✔[m[K
[2m[[0;34m63/3d9f49[0;2m] [0;2m[mCMSEARCH[33;2m ([0;33mcontigs_drinking_water_microbiome_spike_in_GCF_001457615__depth10_RF01960[2m)[m    [2m [[0;34m 66%[0;2m][m 4 of 6[K
[2m[[0;34m79/fa406a[0;2m] [0;2m[mGET_CMSTATS[33;2m ([0;33mcontigs_drinking_water_microbiome_spike_in_GCF_001457615__depth10_RF01960[2m)[m [2m [[0;34m 75%[0;2m][m 3 of 4[K
[2m[[0;34mc1/32f8f4[0;2m] [0;2m[mEXT…EQUENCES[33;2m ([0;33mcontigs_drinking_water_microbiome_spike_in_GCF_001457615__depth10_RF00177[2m)[m[2m [[0;32m100%[0;2m][m 3 of 3[K
[2m[[0;34mb0/911ba7[0;2m] [0;2m[mBLA…ANNOTATE[33;2m ([0;33mcontigs_drinking_water_microbiome_spike_in_GCF_000621645__depth10_RF00177[2m)[m[2m [[0;32m100%[0;2m][m 3 of 3[K
[2m[[0;34m-        [0;2m] [0;2m[mMERGE_BLAST_RESULTS                                                                      -[K
[2m[[0;34m-        [0;2m] [0;2m[mPROCESS_RESULTS                                                                          -[K
[2m[[0;34m-        [0;2m] [0;2m[mBUILD_SUMMARY                                                                            -[K
[10A
[2mexecutor >  local (20)[m[K
[2m[[0;34mfe/6741cd[0;2m] [0;2m[mCHECK_FNA_HEADERS[33;2m ([0;33mcontigs_drinking_water_microbiome_spike_in_GCF_000621645__depth10[2m)[m   [2m [[0;32m100%[0;2m][m 3 of 3[32m ✔[m[K
[2m[[0;34m63/3d9f49[0;2m] [0;2m[mCMSEARCH[33;2m ([0;33mcontigs_drinking_water_microbiome_spike_in_GCF_001457615__depth10_RF01960[2m)[m    [2m [[0;34m 66%[0;2m][m 4 of 6[K
[2m[[0;34m79/fa406a[0;2m] [0;2m[mGET_CMSTATS[33;2m ([0;33mcontigs_drinking_water_microbiome_spike_in_GCF_001457615__depth10_RF01960[2m)[m [2m [[0;32m100%[0;2m][m 4 of 4[K
[2m[[0;34m4f/7b2a2d[0;2m] [0;2m[mEXT…EQUENCES[33;2m ([0;33mcontigs_drinking_water_microbiome_spike_in_GCF_001457615__depth10_RF01960[2m)[m[2m [[0;34m 75%[0;2m][m 3 of 4[K
[2m[[0;34mb0/911ba7[0;2m] [0;2m[mBLA…ANNOTATE[33;2m ([0;33mcontigs_drinking_water_microbiome_spike_in_GCF_000621645__depth10_RF00177[2m)[m[2m [[0;32m100%[0;2m][m 3 of 3[K
[2m[[0;34m-        [0;2m] [0;2m[mMERGE_BLAST_RESULTS                                                                      -[K
[2m[[0;34m-        [0;2m] [0;2m[mPROCESS_RESULTS                                                                          -[K
[2m[[0;34m-        [0;2m] [0;2m[mBUILD_SUMMARY                                                                            -[K
[10A
[2mexecutor >  local (20)[m[K
[2m[[0;34mfe/6741cd[0;2m] [0;2m[mCHECK_FNA_HEADERS[33;2m ([0;33mcontigs_drinking_water_microbiome_spike_in_GCF_000621645__depth10[2m)[m   [2m [[0;32m100%[0;2m][m 3 of 3[32m ✔[m[K
[2m[[0;34m63/3d9f49[0;2m] [0;2m[mCMSEARCH[33;2m ([0;33mcontigs_drinking_water_microbiome_spike_in_GCF_001457615__depth10_RF01960[2m)[m    [2m [[0;34m 66%[0;2m][m 4 of 6[K
[2m[[0;34m79/fa406a[0;2m] [0;2m[mGET_CMSTATS[33;2m ([0;33mcontigs_drinking_water_microbiome_spike_in_GCF_001457615__depth10_RF01960[2m)[m [2m [[0;32m100%[0;2m][m 4 of 4[K
[2m[[0;34m4f/7b2a2d[0;2m] [0;2m[mEXT…EQUENCES[33;2m ([0;33mcontigs_drinking_water_microbiome_spike_in_GCF_001457615__depth10_RF01960[2m)[m[2m [[0;34m 75%[0;2m][m 3 of 4[K
[2m[[0;34mb0/911ba7[0;2m] [0;2m[mBLA…ANNOTATE[33;2m ([0;33mcontigs_drinking_water_microbiome_spike_in_GCF_000621645__depth10_RF00177[2m)[m[2m [[0;32m100%[0;2m][m 3 of 3[K
[2m[[0;34m-        [0;2m] [0;2m[mMERGE_BLAST_RESULTS                                                                      -[K
[2m[[0;34m-        [0;2m] [0;2m[mPROCESS_RESULTS                                                                          -[K
[2m[[0;34m-        [0;2m] [0;2m[mBUILD_SUMMARY                                                                            -[K
[10A
[2mexecutor >  local (21)[m[K
[2m[[0;34mfe/6741cd[0;2m] [0;2m[mCHECK_FNA_HEADERS[33;2m ([0;33mcontigs_drinking_water_microbiome_spike_in_GCF_000621645__depth10[2m)[m   [2m [[0;32m100%[0;2m][m 3 of 3[32m ✔[m[K
[2m[[0;34m63/3d9f49[0;2m] [0;2m[mCMSEARCH[33;2m ([0;33mcontigs_drinking_water_microbiome_spike_in_GCF_001457615__depth10_RF01960[2m)[m    [2m [[0;34m 66%[0;2m][m 4 of 6[K
[2m[[0;34m79/fa406a[0;2m] [0;2m[mGET_CMSTATS[33;2m ([0;33mcontigs_drinking_water_microbiome_spike_in_GCF_001457615__depth10_RF01960[2m)[m [2m [[0;32m100%[0;2m][m 4 of 4[K
[2m[[0;34m4f/7b2a2d[0;2m] [0;2m[mEXT…EQUENCES[33;2m ([0;33mcontigs_drinking_water_microbiome_spike_in_GCF_001457615__depth10_RF01960[2m)[m[2m [[0;32m100%[0;2m][m 4 of 4[K
[2m[[0;34md1/b10d52[0;2m] [0;2m[mBLA…ANNOTATE[33;2m ([0;33mcontigs_drinking_water_microbiome_spike_in_GCF_001457615__depth10_RF01960[2m)[m[2m [[0;34m 75%[0;2m][m 3 of 4[K
[2m[[0;34m-        [0;2m] [0;2m[mMERGE_BLAST_RESULTS                                                                      -[K
[2m[[0;34m-        [0;2m] [0;2m[mPROCESS_RESULTS                                                                          -[K
[2m[[0;34m-        [0;2m] [0;2m[mBUILD_SUMMARY                                                                            -[K
[10A
[2mexecutor >  local (21)[m[K
[2m[[0;34mfe/6741cd[0;2m] [0;2m[mCHECK_FNA_HEADERS[33;2m ([0;33mcontigs_drinking_water_microbiome_spike_in_GCF_000621645__depth10[2m)[m   [2m [[0;32m100%[0;2m][m 3 of 3[32m ✔[m[K
[2m[[0;34m63/3d9f49[0;2m] [0;2m[mCMSEARCH[33;2m ([0;33mcontigs_drinking_water_microbiome_spike_in_GCF_001457615__depth10_RF01960[2m)[m    [2m [[0;34m 66%[0;2m][m 4 of 6[K
[2m[[0;34m79/fa406a[0;2m] [0;2m[mGET_CMSTATS[33;2m ([0;33mcontigs_drinking_water_microbiome_spike_in_GCF_001457615__depth10_RF01960[2m)[m [2m [[0;32m100%[0;2m][m 4 of 4[K
[2m[[0;34m4f/7b2a2d[0;2m] [0;2m[mEXT…EQUENCES[33;2m ([0;33mcontigs_drinking_water_microbiome_spike_in_GCF_001457615__depth10_RF01960[2m)[m[2m [[0;32m100%[0;2m][m 4 of 4[K
[2m[[0;34md1/b10d52[0;2m] [0;2m[mBLA…ANNOTATE[33;2m ([0;33mcontigs_drinking_water_microbiome_spike_in_GCF_001457615__depth10_RF01960[2m)[m[2m [[0;34m 75%[0;2m][m 3 of 4[K
[2m[[0;34m-        [0;2m] [0;2m[mMERGE_BLAST_RESULTS                                                                      -[K
[2m[[0;34m-        [0;2m] [0;2m[mPROCESS_RESULTS                                                                          -[K
[2m[[0;34m-        [0;2m] [0;2m[mBUILD_SUMMARY                                                                            -[K
[10A
[2mexecutor >  local (21)[m[K
[2m[[0;34mfe/6741cd[0;2m] [0;2m[mCHECK_FNA_HEADERS[33;2m ([0;33mcontigs_drinking_water_microbiome_spike_in_GCF_000621645__depth10[2m)[m   [2m [[0;32m100%[0;2m][m 3 of 3[32m ✔[m[K
[2m[[0;34m63/3d9f49[0;2m] [0;2m[mCMSEARCH[33;2m ([0;33mcontigs_drinking_water_microbiome_spike_in_GCF_001457615__depth10_RF01960[2m)[m    [2m [[0;34m 66%[0;2m][m 4 of 6[K
[2m[[0;34m79/fa406a[0;2m] [0;2m[mGET_CMSTATS[33;2m ([0;33mcontigs_drinking_water_microbiome_spike_in_GCF_001457615__depth10_RF01960[2m)[m [2m [[0;32m100%[0;2m][m 4 of 4[K
[2m[[0;34m4f/7b2a2d[0;2m] [0;2m[mEXT…EQUENCES[33;2m ([0;33mcontigs_drinking_water_microbiome_spike_in_GCF_001457615__depth10_RF01960[2m)[m[2m [[0;32m100%[0;2m][m 4 of 4[K
[2m[[0;34md1/b10d52[0;2m] [0;2m[mBLA…ANNOTATE[33;2m ([0;33mcontigs_drinking_water_microbiome_spike_in_GCF_001457615__depth10_RF01960[2m)[m[2m [[0;32m100%[0;2m][m 4 of 4[K
[2m[[0;34m-        [0;2m] [0;2m[mMERGE_BLAST_RESULTS                                                                      -[K
[2m[[0;34m-        [0;2m] [0;2m[mPROCESS_RESULTS                                                                          -[K
[2m[[0;34m-        [0;2m] [0;2m[mBUILD_SUMMARY                                                                            -[K
[10A
[2mexecutor >  local (22)[m[K
[2m[[0;34mfe/6741cd[0;2m] [0;2m[mCHECK_FNA_HEADERS[33;2m ([0;33mcontigs_drinking_water_microbiome_spike_in_GCF_000621645__depth10[2m)[m   [2m [[0;32m100%[0;2m][m 3 of 3[32m ✔[m[K
[2m[[0;34m2d/a3b2f0[0;2m] [0;2m[mCMSEARCH[33;2m ([0;33mcontigs_drinking_water_microbiome_spike_in_GCF_000621645__depth10_RF01960[2m)[m    [2m [[0;34m 83%[0;2m][m 5 of 6[K
[2m[[0;34m44/223101[0;2m] [0;2m[mGET_CMSTATS[33;2m ([0;33mcontigs_drinking_water_microbiome_spike_in_GCF_000621645__depth10_RF01960[2m)[m [2m [[0;34m 80%[0;2m][m 4 of 5[K
[2m[[0;34m4f/7b2a2d[0;2m] [0;2m[mEXT…EQUENCES[33;2m ([0;33mcontigs_drinking_water_microbiome_spike_in_GCF_001457615__depth10_RF01960[2m)[m[2m [[0;32m100%[0;2m][m 4 of 4[K
[2m[[0;34md1/b10d52[0;2m] [0;2m[mBLA…ANNOTATE[33;2m ([0;33mcontigs_drinking_water_microbiome_spike_in_GCF_001457615__depth10_RF01960[2m)[m[2m [[0;32m100%[0;2m][m 4 of 4[K
[2m[[0;34m-        [0;2m] [0;2m[mMERGE_BLAST_RESULTS                                                                      -[K
[2m[[0;34m-        [0;2m] [0;2m[mPROCESS_RESULTS                                                                          -[K
[2m[[0;34m-        [0;2m] [0;2m[mBUILD_SUMMARY                                                                            -[K
[10A
[2mexecutor >  local (22)[m[K
[2m[[0;34mfe/6741cd[0;2m] [0;2m[mCHECK_FNA_HEADERS[33;2m ([0;33mcontigs_drinking_water_microbiome_spike_in_GCF_000621645__depth10[2m)[m   [2m [[0;32m100%[0;2m][m 3 of 3[32m ✔[m[K
[2m[[0;34m2d/a3b2f0[0;2m] [0;2m[mCMSEARCH[33;2m ([0;33mcontigs_drinking_water_microbiome_spike_in_GCF_000621645__depth10_RF01960[2m)[m    [2m [[0;34m 83%[0;2m][m 5 of 6[K
[2m[[0;34m44/223101[0;2m] [0;2m[mGET_CMSTATS[33;2m ([0;33mcontigs_drinking_water_microbiome_spike_in_GCF_000621645__depth10_RF01960[2m)[m [2m [[0;34m 80%[0;2m][m 4 of 5[K
[2m[[0;34m4f/7b2a2d[0;2m] [0;2m[mEXT…EQUENCES[33;2m ([0;33mcontigs_drinking_water_microbiome_spike_in_GCF_001457615__depth10_RF01960[2m)[m[2m [[0;32m100%[0;2m][m 4 of 4[K
[2m[[0;34md1/b10d52[0;2m] [0;2m[mBLA…ANNOTATE[33;2m ([0;33mcontigs_drinking_water_microbiome_spike_in_GCF_001457615__depth10_RF01960[2m)[m[2m [[0;32m100%[0;2m][m 4 of 4[K
[2m[[0;34m-        [0;2m] [0;2m[mMERGE_BLAST_RESULTS                                                                      -[K
[2m[[0;34m-        [0;2m] [0;2m[mPROCESS_RESULTS                                                                          -[K
[2m[[0;34m-        [0;2m] [0;2m[mBUILD_SUMMARY                                                                            -[K
[10A
[2mexecutor >  local (23)[m[K
[2m[[0;34mfe/6741cd[0;2m] [0;2m[mCHECK_FNA_HEADERS[33;2m ([0;33mcontigs_drinking_water_microbiome_spike_in_GCF_000621645__depth10[2m)[m   [2m [[0;32m100%[0;2m][m 3 of 3[32m ✔[m[K
[2m[[0;34m2d/a3b2f0[0;2m] [0;2m[mCMSEARCH[33;2m ([0;33mcontigs_drinking_water_microbiome_spike_in_GCF_000621645__depth10_RF01960[2m)[m    [2m [[0;34m 83%[0;2m][m 5 of 6[K
[2m[[0;34m44/223101[0;2m] [0;2m[mGET_CMSTATS[33;2m ([0;33mcontigs_drinking_water_microbiome_spike_in_GCF_000621645__depth10_RF01960[2m)[m [2m [[0;32m100%[0;2m][m 5 of 5[K
[2m[[0;34m84/659312[0;2m] [0;2m[mEXT…EQUENCES[33;2m ([0;33mcontigs_drinking_water_microbiome_spike_in_GCF_000621645__depth10_RF01960[2m)[m[2m [[0;34m 80%[0;2m][m 4 of 5[K
[2m[[0;34md1/b10d52[0;2m] [0;2m[mBLA…ANNOTATE[33;2m ([0;33mcontigs_drinking_water_microbiome_spike_in_GCF_001457615__depth10_RF01960[2m)[m[2m [[0;32m100%[0;2m][m 4 of 4[K
[2m[[0;34m-        [0;2m] [0;2m[mMERGE_BLAST_RESULTS                                                                      -[K
[2m[[0;34m-        [0;2m] [0;2m[mPROCESS_RESULTS                                                                          -[K
[2m[[0;34m-        [0;2m] [0;2m[mBUILD_SUMMARY                                                                            -[K
[10A
[2mexecutor >  local (23)[m[K
[2m[[0;34mfe/6741cd[0;2m] [0;2m[mCHECK_FNA_HEADERS[33;2m ([0;33mcontigs_drinking_water_microbiome_spike_in_GCF_000621645__depth10[2m)[m   [2m [[0;32m100%[0;2m][m 3 of 3[32m ✔[m[K
[2m[[0;34m2d/a3b2f0[0;2m] [0;2m[mCMSEARCH[33;2m ([0;33mcontigs_drinking_water_microbiome_spike_in_GCF_000621645__depth10_RF01960[2m)[m    [2m [[0;34m 83%[0;2m][m 5 of 6[K
[2m[[0;34m44/223101[0;2m] [0;2m[mGET_CMSTATS[33;2m ([0;33mcontigs_drinking_water_microbiome_spike_in_GCF_000621645__depth10_RF01960[2m)[m [2m [[0;32m100%[0;2m][m 5 of 5[K
[2m[[0;34m84/659312[0;2m] [0;2m[mEXT…EQUENCES[33;2m ([0;33mcontigs_drinking_water_microbiome_spike_in_GCF_000621645__depth10_RF01960[2m)[m[2m [[0;34m 80%[0;2m][m 4 of 5[K
[2m[[0;34md1/b10d52[0;2m] [0;2m[mBLA…ANNOTATE[33;2m ([0;33mcontigs_drinking_water_microbiome_spike_in_GCF_001457615__depth10_RF01960[2m)[m[2m [[0;32m100%[0;2m][m 4 of 4[K
[2m[[0;34m-        [0;2m] [0;2m[mMERGE_BLAST_RESULTS                                                                      -[K
[2m[[0;34m-        [0;2m] [0;2m[mPROCESS_RESULTS                                                                          -[K
[2m[[0;34m-        [0;2m] [0;2m[mBUILD_SUMMARY                                                                            -[K
[10A
[2mexecutor >  local (24)[m[K
[2m[[0;34mfe/6741cd[0;2m] [0;2m[mCHECK_FNA_HEADERS[33;2m ([0;33mcontigs_drinking_water_microbiome_spike_in_GCF_000621645__depth10[2m)[m   [2m [[0;32m100%[0;2m][m 3 of 3[32m ✔[m[K
[2m[[0;34m2d/a3b2f0[0;2m] [0;2m[mCMSEARCH[33;2m ([0;33mcontigs_drinking_water_microbiome_spike_in_GCF_000621645__depth10_RF01960[2m)[m    [2m [[0;34m 83%[0;2m][m 5 of 6[K
[2m[[0;34m44/223101[0;2m] [0;2m[mGET_CMSTATS[33;2m ([0;33mcontigs_drinking_water_microbiome_spike_in_GCF_000621645__depth10_RF01960[2m)[m [2m [[0;32m100%[0;2m][m 5 of 5[K
[2m[[0;34m84/659312[0;2m] [0;2m[mEXT…EQUENCES[33;2m ([0;33mcontigs_drinking_water_microbiome_spike_in_GCF_000621645__depth10_RF01960[2m)[m[2m [[0;32m100%[0;2m][m 5 of 5[K
[2m[[0;34mb0/12adbf[0;2m] [0;2m[mBLA…ANNOTATE[33;2m ([0;33mcontigs_drinking_water_microbiome_spike_in_GCF_000621645__depth10_RF01960[2m)[m[2m [[0;34m 80%[0;2m][m 4 of 5[K
[2m[[0;34m-        [0;2m] [0;2m[mMERGE_BLAST_RESULTS                                                                      -[K
[2m[[0;34m-        [0;2m] [0;2m[mPROCESS_RESULTS                                                                          -[K
[2m[[0;34m-        [0;2m] [0;2m[mBUILD_SUMMARY                                                                            -[K
[10A
[2mexecutor >  local (24)[m[K
[2m[[0;34mfe/6741cd[0;2m] [0;2m[mCHECK_FNA_HEADERS[33;2m ([0;33mcontigs_drinking_water_microbiome_spike_in_GCF_000621645__depth10[2m)[m   [2m [[0;32m100%[0;2m][m 3 of 3[32m ✔[m[K
[2m[[0;34m2d/a3b2f0[0;2m] [0;2m[mCMSEARCH[33;2m ([0;33mcontigs_drinking_water_microbiome_spike_in_GCF_000621645__depth10_RF01960[2m)[m    [2m [[0;34m 83%[0;2m][m 5 of 6[K
[2m[[0;34m44/223101[0;2m] [0;2m[mGET_CMSTATS[33;2m ([0;33mcontigs_drinking_water_microbiome_spike_in_GCF_000621645__depth10_RF01960[2m)[m [2m [[0;32m100%[0;2m][m 5 of 5[K
[2m[[0;34m84/659312[0;2m] [0;2m[mEXT…EQUENCES[33;2m ([0;33mcontigs_drinking_water_microbiome_spike_in_GCF_000621645__depth10_RF01960[2m)[m[2m [[0;32m100%[0;2m][m 5 of 5[K
[2m[[0;34mb0/12adbf[0;2m] [0;2m[mBLA…ANNOTATE[33;2m ([0;33mcontigs_drinking_water_microbiome_spike_in_GCF_000621645__depth10_RF01960[2m)[m[2m [[0;32m100%[0;2m][m 5 of 5[K
[2m[[0;34m-        [0;2m] [0;2m[mMERGE_BLAST_RESULTS                                                                      -[K
[2m[[0;34m-        [0;2m] [0;2m[mPROCESS_RESULTS                                                                          -[K
[2m[[0;34m-        [0;2m] [0;2m[mBUILD_SUMMARY                                                                            -[K
[10A
[2mexecutor >  local (25)[m[K
[2m[[0;34mfe/6741cd[0;2m] [0;2m[mCHECK_FNA_HEADERS[33;2m ([0;33mcontigs_drinking_water_microbiome_spike_in_GCF_000621645__depth10[2m)[m   [2m [[0;32m100%[0;2m][m 3 of 3[32m ✔[m[K
[2m[[0;34mfa/04d10a[0;2m] [0;2m[mCMSEARCH[33;2m ([0;33mcontigs_drinking_water_microbiome_spike_in_GCF_000008485__depth10_RF01960[2m)[m    [2m [[0;32m100%[0;2m][m 6 of 6[32m ✔[m[K
[2m[[0;34m06/bd86a5[0;2m] [0;2m[mGET_CMSTATS[33;2m ([0;33mcontigs_drinking_water_microbiome_spike_in_GCF_000008485__depth10_RF01960[2m)[m [2m [[0;34m 83%[0;2m][m 5 of 6[K
[2m[[0;34m84/659312[0;2m] [0;2m[mEXT…EQUENCES[33;2m ([0;33mcontigs_drinking_water_microbiome_spike_in_GCF_000621645__depth10_RF01960[2m)[m[2m [[0;32m100%[0;2m][m 5 of 5[K
[2m[[0;34mb0/12adbf[0;2m] [0;2m[mBLA…ANNOTATE[33;2m ([0;33mcontigs_drinking_water_microbiome_spike_in_GCF_000621645__depth10_RF01960[2m)[m[2m [[0;32m100%[0;2m][m 5 of 5[K
[2m[[0;34m-        [0;2m] [0;2m[mMERGE_BLAST_RESULTS                                                                      -[K
[2m[[0;34m-        [0;2m] [0;2m[mPROCESS_RESULTS                                                                          -[K
[2m[[0;34m-        [0;2m] [0;2m[mBUILD_SUMMARY                                                                            -[K
[10A
[2mexecutor >  local (25)[m[K
[2m[[0;34mfe/6741cd[0;2m] [0;2m[mCHECK_FNA_HEADERS[33;2m ([0;33mcontigs_drinking_water_microbiome_spike_in_GCF_000621645__depth10[2m)[m   [2m [[0;32m100%[0;2m][m 3 of 3[32m ✔[m[K
[2m[[0;34mfa/04d10a[0;2m] [0;2m[mCMSEARCH[33;2m ([0;33mcontigs_drinking_water_microbiome_spike_in_GCF_000008485__depth10_RF01960[2m)[m    [2m [[0;32m100%[0;2m][m 6 of 6[32m ✔[m[K
[2m[[0;34m06/bd86a5[0;2m] [0;2m[mGET_CMSTATS[33;2m ([0;33mcontigs_drinking_water_microbiome_spike_in_GCF_000008485__depth10_RF01960[2m)[m [2m [[0;34m 83%[0;2m][m 5 of 6[K
[2m[[0;34m84/659312[0;2m] [0;2m[mEXT…EQUENCES[33;2m ([0;33mcontigs_drinking_water_microbiome_spike_in_GCF_000621645__depth10_RF01960[2m)[m[2m [[0;32m100%[0;2m][m 5 of 5[K
[2m[[0;34mb0/12adbf[0;2m] [0;2m[mBLA…ANNOTATE[33;2m ([0;33mcontigs_drinking_water_microbiome_spike_in_GCF_000621645__depth10_RF01960[2m)[m[2m [[0;32m100%[0;2m][m 5 of 5[K
[2m[[0;34m-        [0;2m] [0;2m[mMERGE_BLAST_RESULTS                                                                      -[K
[2m[[0;34m-        [0;2m] [0;2m[mPROCESS_RESULTS                                                                          -[K
[2m[[0;34m-        [0;2m] [0;2m[mBUILD_SUMMARY                                                                            -[K
[10A
[2mexecutor >  local (26)[m[K
[2m[[0;34mfe/6741cd[0;2m] [0;2m[mCHECK_FNA_HEADERS[33;2m ([0;33mcontigs_drinking_water_microbiome_spike_in_GCF_000621645__depth10[2m)[m   [2m [[0;32m100%[0;2m][m 3 of 3[32m ✔[m[K
[2m[[0;34mfa/04d10a[0;2m] [0;2m[mCMSEARCH[33;2m ([0;33mcontigs_drinking_water_microbiome_spike_in_GCF_000008485__depth10_RF01960[2m)[m    [2m [[0;32m100%[0;2m][m 6 of 6[32m ✔[m[K
[2m[[0;34m06/bd86a5[0;2m] [0;2m[mGET_CMSTATS[33;2m ([0;33mcontigs_drinking_water_microbiome_spike_in_GCF_000008485__depth10_RF01960[2m)[m [2m [[0;32m100%[0;2m][m 6 of 6[32m ✔[m[K
[2m[[0;34m42/f9dd31[0;2m] [0;2m[mEXT…EQUENCES[33;2m ([0;33mcontigs_drinking_water_microbiome_spike_in_GCF_000008485__depth10_RF01960[2m)[m[2m [[0;34m 83%[0;2m][m 5 of 6[K
[2m[[0;34mb0/12adbf[0;2m] [0;2m[mBLA…ANNOTATE[33;2m ([0;33mcontigs_drinking_water_microbiome_spike_in_GCF_000621645__depth10_RF01960[2m)[m[2m [[0;32m100%[0;2m][m 5 of 5[K
[2m[[0;34m-        [0;2m] [0;2m[mMERGE_BLAST_RESULTS                                                                      -[K
[2m[[0;34m-        [0;2m] [0;2m[mPROCESS_RESULTS                                                                          -[K
[2m[[0;34m-        [0;2m] [0;2m[mBUILD_SUMMARY                                                                            -[K
[10A
[2mexecutor >  local (26)[m[K
[2m[[0;34mfe/6741cd[0;2m] [0;2m[mCHECK_FNA_HEADERS[33;2m ([0;33mcontigs_drinking_water_microbiome_spike_in_GCF_000621645__depth10[2m)[m   [2m [[0;32m100%[0;2m][m 3 of 3[32m ✔[m[K
[2m[[0;34mfa/04d10a[0;2m] [0;2m[mCMSEARCH[33;2m ([0;33mcontigs_drinking_water_microbiome_spike_in_GCF_000008485__depth10_RF01960[2m)[m    [2m [[0;32m100%[0;2m][m 6 of 6[32m ✔[m[K
[2m[[0;34m06/bd86a5[0;2m] [0;2m[mGET_CMSTATS[33;2m ([0;33mcontigs_drinking_water_microbiome_spike_in_GCF_000008485__depth10_RF01960[2m)[m [2m [[0;32m100%[0;2m][m 6 of 6[32m ✔[m[K
[2m[[0;34m42/f9dd31[0;2m] [0;2m[mEXT…EQUENCES[33;2m ([0;33mcontigs_drinking_water_microbiome_spike_in_GCF_000008485__depth10_RF01960[2m)[m[2m [[0;34m 83%[0;2m][m 5 of 6[K
[2m[[0;34mb0/12adbf[0;2m] [0;2m[mBLA…ANNOTATE[33;2m ([0;33mcontigs_drinking_water_microbiome_spike_in_GCF_000621645__depth10_RF01960[2m)[m[2m [[0;32m100%[0;2m][m 5 of 5[K
[2m[[0;34m-        [0;2m] [0;2m[mMERGE_BLAST_RESULTS                                                                      -[K
[2m[[0;34m-        [0;2m] [0;2m[mPROCESS_RESULTS                                                                          -[K
[2m[[0;34m-        [0;2m] [0;2m[mBUILD_SUMMARY                                                                            -[K
[10A
[2mexecutor >  local (27)[m[K
[2m[[0;34mfe/6741cd[0;2m] [0;2m[mCHECK_FNA_HEADERS[33;2m ([0;33mcontigs_drinking_water_microbiome_spike_in_GCF_000621645__depth10[2m)[m   [2m [[0;32m100%[0;2m][m 3 of 3[32m ✔[m[K
[2m[[0;34mfa/04d10a[0;2m] [0;2m[mCMSEARCH[33;2m ([0;33mcontigs_drinking_water_microbiome_spike_in_GCF_000008485__depth10_RF01960[2m)[m    [2m [[0;32m100%[0;2m][m 6 of 6[32m ✔[m[K
[2m[[0;34m06/bd86a5[0;2m] [0;2m[mGET_CMSTATS[33;2m ([0;33mcontigs_drinking_water_microbiome_spike_in_GCF_000008485__depth10_RF01960[2m)[m [2m [[0;32m100%[0;2m][m 6 of 6[32m ✔[m[K
[2m[[0;34m42/f9dd31[0;2m] [0;2m[mEXT…EQUENCES[33;2m ([0;33mcontigs_drinking_water_microbiome_spike_in_GCF_000008485__depth10_RF01960[2m)[m[2m [[0;32m100%[0;2m][m 6 of 6[32m ✔[m[K
[2m[[0;34m86/092bf0[0;2m] [0;2m[mBLA…ANNOTATE[33;2m ([0;33mcontigs_drinking_water_microbiome_spike_in_GCF_000008485__depth10_RF01960[2m)[m[2m [[0;34m 83%[0;2m][m 5 of 6[K
[2m[[0;34m-        [0;2m] [0;2m[mMERGE_BLAST_RESULTS                                                                      -[K
[2m[[0;34m-        [0;2m] [0;2m[mPROCESS_RESULTS                                                                          -[K
[2m[[0;34m-        [0;2m] [0;2m[mBUILD_SUMMARY                                                                            -[K
[10A
[2mexecutor >  local (27)[m[K
[2m[[0;34mfe/6741cd[0;2m] [0;2m[mCHECK_FNA_HEADERS[33;2m ([0;33mcontigs_drinking_water_microbiome_spike_in_GCF_000621645__depth10[2m)[m   [2m [[0;32m100%[0;2m][m 3 of 3[32m ✔[m[K
[2m[[0;34mfa/04d10a[0;2m] [0;2m[mCMSEARCH[33;2m ([0;33mcontigs_drinking_water_microbiome_spike_in_GCF_000008485__depth10_RF01960[2m)[m    [2m [[0;32m100%[0;2m][m 6 of 6[32m ✔[m[K
[2m[[0;34m06/bd86a5[0;2m] [0;2m[mGET_CMSTATS[33;2m ([0;33mcontigs_drinking_water_microbiome_spike_in_GCF_000008485__depth10_RF01960[2m)[m [2m [[0;32m100%[0;2m][m 6 of 6[32m ✔[m[K
[2m[[0;34m42/f9dd31[0;2m] [0;2m[mEXT…EQUENCES[33;2m ([0;33mcontigs_drinking_water_microbiome_spike_in_GCF_000008485__depth10_RF01960[2m)[m[2m [[0;32m100%[0;2m][m 6 of 6[32m ✔[m[K
[2m[[0;34m86/092bf0[0;2m] [0;2m[mBLA…ANNOTATE[33;2m ([0;33mcontigs_drinking_water_microbiome_spike_in_GCF_000008485__depth10_RF01960[2m)[m[2m [[0;34m 83%[0;2m][m 5 of 6[K
[2m[[0;34m-        [0;2m] [0;2m[mMERGE_BLAST_RESULTS                                                                      -[K
[2m[[0;34m-        [0;2m] [0;2m[mPROCESS_RESULTS                                                                          -[K
[2m[[0;34m-        [0;2m] [0;2m[mBUILD_SUMMARY                                                                            -[K
[10A
[2mexecutor >  local (27)[m[K
[2m[[0;34mfe/6741cd[0;2m] [0;2m[mCHECK_FNA_HEADERS[33;2m ([0;33mcontigs_drinking_water_microbiome_spike_in_GCF_000621645__depth10[2m)[m   [2m [[0;32m100%[0;2m][m 3 of 3[32m ✔[m[K
[2m[[0;34mfa/04d10a[0;2m] [0;2m[mCMSEARCH[33;2m ([0;33mcontigs_drinking_water_microbiome_spike_in_GCF_000008485__depth10_RF01960[2m)[m    [2m [[0;32m100%[0;2m][m 6 of 6[32m ✔[m[K
[2m[[0;34m06/bd86a5[0;2m] [0;2m[mGET_CMSTATS[33;2m ([0;33mcontigs_drinking_water_microbiome_spike_in_GCF_000008485__depth10_RF01960[2m)[m [2m [[0;32m100%[0;2m][m 6 of 6[32m ✔[m[K
[2m[[0;34m42/f9dd31[0;2m] [0;2m[mEXT…EQUENCES[33;2m ([0;33mcontigs_drinking_water_microbiome_spike_in_GCF_000008485__depth10_RF01960[2m)[m[2m [[0;32m100%[0;2m][m 6 of 6[32m ✔[m[K
[2m[[0;34m86/092bf0[0;2m] [0;2m[mBLA…ANNOTATE[33;2m ([0;33mcontigs_drinking_water_microbiome_spike_in_GCF_000008485__depth10_RF01960[2m)[m[2m [[0;32m100%[0;2m][m 6 of 6[32m ✔[m[K
[2m[[0;34m-        [0;2m] [0;2m[mMERGE_BLAST_RESULTS                                                                     [2m [[0;34m  0%[0;2m][m 0 of 1[K
[2m[[0;34m-        [0;2m] [0;2m[mPROCESS_RESULTS                                                                          -[K
[2m[[0;34m-        [0;2m] [0;2m[mBUILD_SUMMARY                                                                            -[K
[10A
[2mexecutor >  local (28)[m[K
[2m[[0;34mfe/6741cd[0;2m] [0;2m[mCHECK_FNA_HEADERS[33;2m ([0;33mcontigs_drinking_water_microbiome_spike_in_GCF_000621645__depth10[2m)[m   [2m [[0;32m100%[0;2m][m 3 of 3[32m ✔[m[K
[2m[[0;34mfa/04d10a[0;2m] [0;2m[mCMSEARCH[33;2m ([0;33mcontigs_drinking_water_microbiome_spike_in_GCF_000008485__depth10_RF01960[2m)[m    [2m [[0;32m100%[0;2m][m 6 of 6[32m ✔[m[K
[2m[[0;34m06/bd86a5[0;2m] [0;2m[mGET_CMSTATS[33;2m ([0;33mcontigs_drinking_water_microbiome_spike_in_GCF_000008485__depth10_RF01960[2m)[m [2m [[0;32m100%[0;2m][m 6 of 6[32m ✔[m[K
[2m[[0;34m42/f9dd31[0;2m] [0;2m[mEXT…EQUENCES[33;2m ([0;33mcontigs_drinking_water_microbiome_spike_in_GCF_000008485__depth10_RF01960[2m)[m[2m [[0;32m100%[0;2m][m 6 of 6[32m ✔[m[K
[2m[[0;34m86/092bf0[0;2m] [0;2m[mBLA…ANNOTATE[33;2m ([0;33mcontigs_drinking_water_microbiome_spike_in_GCF_000008485__depth10_RF01960[2m)[m[2m [[0;32m100%[0;2m][m 6 of 6[32m ✔[m[K
[2m[[0;34m56/ed7aa8[0;2m] [0;2m[mMERGE_BLAST_RESULTS                                                                     [2m [[0;34m  0%[0;2m][m 0 of 1[K
[2m[[0;34m-        [0;2m] [0;2m[mPROCESS_RESULTS                                                                          -[K
[2m[[0;34m-        [0;2m] [0;2m[mBUILD_SUMMARY                                                                            -[K
[10A
[2mexecutor >  local (29)[m[K
[2m[[0;34mfe/6741cd[0;2m] [0;2m[mCHECK_FNA_HEADERS[33;2m ([0;33mcontigs_drinking_water_microbiome_spike_in_GCF_000621645__depth10[2m)[m   [2m [[0;32m100%[0;2m][m 3 of 3[32m ✔[m[K
[2m[[0;34mfa/04d10a[0;2m] [0;2m[mCMSEARCH[33;2m ([0;33mcontigs_drinking_water_microbiome_spike_in_GCF_000008485__depth10_RF01960[2m)[m    [2m [[0;32m100%[0;2m][m 6 of 6[32m ✔[m[K
[2m[[0;34m06/bd86a5[0;2m] [0;2m[mGET_CMSTATS[33;2m ([0;33mcontigs_drinking_water_microbiome_spike_in_GCF_000008485__depth10_RF01960[2m)[m [2m [[0;32m100%[0;2m][m 6 of 6[32m ✔[m[K
[2m[[0;34m42/f9dd31[0;2m] [0;2m[mEXT…EQUENCES[33;2m ([0;33mcontigs_drinking_water_microbiome_spike_in_GCF_000008485__depth10_RF01960[2m)[m[2m [[0;32m100%[0;2m][m 6 of 6[32m ✔[m[K
[2m[[0;34m86/092bf0[0;2m] [0;2m[mBLA…ANNOTATE[33;2m ([0;33mcontigs_drinking_water_microbiome_spike_in_GCF_000008485__depth10_RF01960[2m)[m[2m [[0;32m100%[0;2m][m 6 of 6[32m ✔[m[K
[2m[[0;34m56/ed7aa8[0;2m] [0;2m[mMERGE_BLAST_RESULTS                                                                     [2m [[0;32m100%[0;2m][m 1 of 1[32m ✔[m[K
[2m[[0;34m77/66f548[0;2m] [0;2m[mPROCESS_RESULTS                                                                         [2m [[0;34m  0%[0;2m][m 0 of 1[K
[2m[[0;34m-        [0;2m] [0;2m[mBUILD_SUMMARY                                                                            -[K
[10A
[2mexecutor >  local (29)[m[K
[2m[[0;34mfe/6741cd[0;2m] [0;2m[mCHECK_FNA_HEADERS[33;2m ([0;33mcontigs_drinking_water_microbiome_spike_in_GCF_000621645__depth10[2m)[m   [2m [[0;32m100%[0;2m][m 3 of 3[32m ✔[m[K
[2m[[0;34mfa/04d10a[0;2m] [0;2m[mCMSEARCH[33;2m ([0;33mcontigs_drinking_water_microbiome_spike_in_GCF_000008485__depth10_RF01960[2m)[m    [2m [[0;32m100%[0;2m][m 6 of 6[32m ✔[m[K
[2m[[0;34m06/bd86a5[0;2m] [0;2m[mGET_CMSTATS[33;2m ([0;33mcontigs_drinking_water_microbiome_spike_in_GCF_000008485__depth10_RF01960[2m)[m [2m [[0;32m100%[0;2m][m 6 of 6[32m ✔[m[K
[2m[[0;34m42/f9dd31[0;2m] [0;2m[mEXT…EQUENCES[33;2m ([0;33mcontigs_drinking_water_microbiome_spike_in_GCF_000008485__depth10_RF01960[2m)[m[2m [[0;32m100%[0;2m][m 6 of 6[32m ✔[m[K
[2m[[0;34m86/092bf0[0;2m] [0;2m[mBLA…ANNOTATE[33;2m ([0;33mcontigs_drinking_water_microbiome_spike_in_GCF_000008485__depth10_RF01960[2m)[m[2m [[0;32m100%[0;2m][m 6 of 6[32m ✔[m[K
[2m[[0;34m56/ed7aa8[0;2m] [0;2m[mMERGE_BLAST_RESULTS                                                                     [2m [[0;32m100%[0;2m][m 1 of 1[32m ✔[m[K
[2m[[0;34m77/66f548[0;2m] [0;2m[mPROCESS_RESULTS                                                                         [2m [[0;34m  0%[0;2m][m 0 of 1[K
[2m[[0;34m-        [0;2m] [0;2m[mBUILD_SUMMARY                                                                            -[K
[10A
[2mexecutor >  local (29)[m[K
[2m[[0;34mfe/6741cd[0;2m] [0;2m[mCHECK_FNA_HEADERS[33;2m ([0;33mcontigs_drinking_water_microbiome_spike_in_GCF_000621645__depth10[2m)[m   [2m [[0;32m100%[0;2m][m 3 of 3[32m ✔[m[K
[2m[[0;34mfa/04d10a[0;2m] [0;2m[mCMSEARCH[33;2m ([0;33mcontigs_drinking_water_microbiome_spike_in_GCF_000008485__depth10_RF01960[2m)[m    [2m [[0;32m100%[0;2m][m 6 of 6[32m ✔[m[K
[2m[[0;34m06/bd86a5[0;2m] [0;2m[mGET_CMSTATS[33;2m ([0;33mcontigs_drinking_water_microbiome_spike_in_GCF_000008485__depth10_RF01960[2m)[m [2m [[0;32m100%[0;2m][m 6 of 6[32m ✔[m[K
[2m[[0;34m42/f9dd31[0;2m] [0;2m[mEXT…EQUENCES[33;2m ([0;33mcontigs_drinking_water_microbiome_spike_in_GCF_000008485__depth10_RF01960[2m)[m[2m [[0;32m100%[0;2m][m 6 of 6[32m ✔[m[K
[2m[[0;34m86/092bf0[0;2m] [0;2m[mBLA…ANNOTATE[33;2m ([0;33mcontigs_drinking_water_microbiome_spike_in_GCF_000008485__depth10_RF01960[2m)[m[2m [[0;32m100%[0;2m][m 6 of 6[32m ✔[m[K
[2m[[0;34m56/ed7aa8[0;2m] [0;2m[mMERGE_BLAST_RESULTS                                                                     [2m [[0;32m100%[0;2m][m 1 of 1[32m ✔[m[K
[2m[[0;34m77/66f548[0;2m] [0;2m[mPROCESS_RESULTS                                                                         [2m [[0;32m100%[0;2m][m 1 of 1[32m ✔[m[K
[2m[[0;34m-        [0;2m] [0;2m[mBUILD_SUMMARY                                                                            -[K
[10A
[2mexecutor >  local (30)[m[K
[2m[[0;34mfe/6741cd[0;2m] [0;2m[mCHECK_FNA_HEADERS[33;2m ([0;33mcontigs_drinking_water_microbiome_spike_in_GCF_000621645__depth10[2m)[m   [2m [[0;32m100%[0;2m][m 3 of 3[32m ✔[m[K
[2m[[0;34mfa/04d10a[0;2m] [0;2m[mCMSEARCH[33;2m ([0;33mcontigs_drinking_water_microbiome_spike_in_GCF_000008485__depth10_RF01960[2m)[m    [2m [[0;32m100%[0;2m][m 6 of 6[32m ✔[m[K
[2m[[0;34m06/bd86a5[0;2m] [0;2m[mGET_CMSTATS[33;2m ([0;33mcontigs_drinking_water_microbiome_spike_in_GCF_000008485__depth10_RF01960[2m)[m [2m [[0;32m100%[0;2m][m 6 of 6[32m ✔[m[K
[2m[[0;34m42/f9dd31[0;2m] [0;2m[mEXT…EQUENCES[33;2m ([0;33mcontigs_drinking_water_microbiome_spike_in_GCF_000008485__depth10_RF01960[2m)[m[2m [[0;32m100%[0;2m][m 6 of 6[32m ✔[m[K
[2m[[0;34m86/092bf0[0;2m] [0;2m[mBLA…ANNOTATE[33;2m ([0;33mcontigs_drinking_water_microbiome_spike_in_GCF_000008485__depth10_RF01960[2m)[m[2m [[0;32m100%[0;2m][m 6 of 6[32m ✔[m[K
[2m[[0;34m56/ed7aa8[0;2m] [0;2m[mMERGE_BLAST_RESULTS                                                                     [2m [[0;32m100%[0;2m][m 1 of 1[32m ✔[m[K
[2m[[0;34m77/66f548[0;2m] [0;2m[mPROCESS_RESULTS                                                                         [2m [[0;32m100%[0;2m][m 1 of 1[32m ✔[m[K
[2m[[0;34m72/baec92[0;2m] [0;2m[mBUILD_SUMMARY                                                                           [2m [[0;34m  0%[0;2m][m 0 of 1[K
[10A
[2mexecutor >  local (30)[m[K
[2m[[0;34mfe/6741cd[0;2m] [0;2m[mCHECK_FNA_HEADERS[33;2m ([0;33mcontigs_drinking_water_microbiome_spike_in_GCF_000621645__depth10[2m)[m   [2m [[0;32m100%[0;2m][m 3 of 3[32m ✔[m[K
[2m[[0;34mfa/04d10a[0;2m] [0;2m[mCMSEARCH[33;2m ([0;33mcontigs_drinking_water_microbiome_spike_in_GCF_000008485__depth10_RF01960[2m)[m    [2m [[0;32m100%[0;2m][m 6 of 6[32m ✔[m[K
[2m[[0;34m06/bd86a5[0;2m] [0;2m[mGET_CMSTATS[33;2m ([0;33mcontigs_drinking_water_microbiome_spike_in_GCF_000008485__depth10_RF01960[2m)[m [2m [[0;32m100%[0;2m][m 6 of 6[32m ✔[m[K
[2m[[0;34m42/f9dd31[0;2m] [0;2m[mEXT…EQUENCES[33;2m ([0;33mcontigs_drinking_water_microbiome_spike_in_GCF_000008485__depth10_RF01960[2m)[m[2m [[0;32m100%[0;2m][m 6 of 6[32m ✔[m[K
[2m[[0;34m86/092bf0[0;2m] [0;2m[mBLA…ANNOTATE[33;2m ([0;33mcontigs_drinking_water_microbiome_spike_in_GCF_000008485__depth10_RF01960[2m)[m[2m [[0;32m100%[0;2m][m 6 of 6[32m ✔[m[K
[2m[[0;34m56/ed7aa8[0;2m] [0;2m[mMERGE_BLAST_RESULTS                                                                     [2m [[0;32m100%[0;2m][m 1 of 1[32m ✔[m[K
[2m[[0;34m77/66f548[0;2m] [0;2m[mPROCESS_RESULTS                                                                         [2m [[0;32m100%[0;2m][m 1 of 1[32m ✔[m[K
[2m[[0;34m72/baec92[0;2m] [0;2m[mBUILD_SUMMARY                                                                           [2m [[0;32m100%[0;2m][m 1 of 1[32m ✔[m[K
[10A
[2mexecutor >  local (30)[m[K
[2m[[0;34mfe/6741cd[0;2m] [0;2m[mCHECK_FNA_HEADERS[33;2m ([0;33mcontigs_drinking_water_microbiome_spike_in_GCF_000621645__depth10[2m)[m   [2m [[0;32m100%[0;2m][m 3 of 3[32m ✔[m[K
[2m[[0;34mfa/04d10a[0;2m] [0;2m[mCMSEARCH[33;2m ([0;33mcontigs_drinking_water_microbiome_spike_in_GCF_000008485__depth10_RF01960[2m)[m    [2m [[0;32m100%[0;2m][m 6 of 6[32m ✔[m[K
[2m[[0;34m06/bd86a5[0;2m] [0;2m[mGET_CMSTATS[33;2m ([0;33mcontigs_drinking_water_microbiome_spike_in_GCF_000008485__depth10_RF01960[2m)[m [2m [[0;32m100%[0;2m][m 6 of 6[32m ✔[m[K
[2m[[0;34m42/f9dd31[0;2m] [0;2m[mEXT…EQUENCES[33;2m ([0;33mcontigs_drinking_water_microbiome_spike_in_GCF_000008485__depth10_RF01960[2m)[m[2m [[0;32m100%[0;2m][m 6 of 6[32m ✔[m[K
[2m[[0;34m86/092bf0[0;2m] [0;2m[mBLA…ANNOTATE[33;2m ([0;33mcontigs_drinking_water_microbiome_spike_in_GCF_000008485__depth10_RF01960[2m)[m[2m [[0;32m100%[0;2m][m 6 of 6[32m ✔[m[K
[2m[[0;34m56/ed7aa8[0;2m] [0;2m[mMERGE_BLAST_RESULTS                                                                     [2m [[0;32m100%[0;2m][m 1 of 1[32m ✔[m[K
[2m[[0;34m77/66f548[0;2m] [0;2m[mPROCESS_RESULTS                                                                         [2m [[0;32m100%[0;2m][m 1 of 1[32m ✔[m[K
[2m[[0;34m72/baec92[0;2m] [0;2m[mBUILD_SUMMARY                                                                           [2m [[0;32m100%[0;2m][m 1 of 1[32m ✔[m[K
Pipeline completed at: 2025-07-25T15:03:14.475787191-07:00[K
Execution status: OK[K
Results directory: results/dataset[K
[13A
[2mexecutor >  local (30)[m[K
[2m[[0;34mfe/6741cd[0;2m] [0;2m[mCHECK_FNA_HEADERS[33;2m ([0;33mcontigs_drinking_water_microbiome_spike_in_GCF_000621645__depth10[2m)[m   [2m [[0;32m100%[0;2m][m 3 of 3[32m ✔[m[K
[2m[[0;34mfa/04d10a[0;2m] [0;2m[mCMSEARCH[33;2m ([0;33mcontigs_drinking_water_microbiome_spike_in_GCF_000008485__depth10_RF01960[2m)[m    [2m [[0;32m100%[0;2m][m 6 of 6[32m ✔[m[K
[2m[[0;34m06/bd86a5[0;2m] [0;2m[mGET_CMSTATS[33;2m ([0;33mcontigs_drinking_water_microbiome_spike_in_GCF_000008485__depth10_RF01960[2m)[m [2m [[0;32m100%[0;2m][m 6 of 6[32m ✔[m[K
[2m[[0;34m42/f9dd31[0;2m] [0;2m[mEXT…EQUENCES[33;2m ([0;33mcontigs_drinking_water_microbiome_spike_in_GCF_000008485__depth10_RF01960[2m)[m[2m [[0;32m100%[0;2m][m 6 of 6[32m ✔[m[K
[2m[[0;34m86/092bf0[0;2m] [0;2m[mBLA…ANNOTATE[33;2m ([0;33mcontigs_drinking_water_microbiome_spike_in_GCF_000008485__depth10_RF01960[2m)[m[2m [[0;32m100%[0;2m][m 6 of 6[32m ✔[m[K
[2m[[0;34m56/ed7aa8[0;2m] [0;2m[mMERGE_BLAST_RESULTS                                                                     [2m [[0;32m100%[0;2m][m 1 of 1[32m ✔[m[K
[2m[[0;34m77/66f548[0;2m] [0;2m[mPROCESS_RESULTS                                                                         [2m [[0;32m100%[0;2m][m 1 of 1[32m ✔[m[K
[2m[[0;34m72/baec92[0;2m] [0;2m[mBUILD_SUMMARY                                                                           [2m [[0;32m100%[0;2m][m 1 of 1[32m ✔[m[K
Pipeline completed at: 2025-07-25T15:03:14.475787191-07:00[K
Execution status: OK[K
Results directory: results/dataset[K
[32;1mCompleted at: 25-Jul-2025 15:03:15
Duration    : 7m 43s
CPU hours   : 0.6
Succeeded   : 30
[22;39m[K

