
[1m[38;5;232m[48;5;43m N E X T F L O W [0;2m  ~  [mversion 25.04.6[m
[K
Launching[35m `main.nf` [0;2m[[0;1;36mnostalgic_yalow[0;2m] DSL2 - [36mrevision: [0;36m2d60c0741a[m
[K
[2m[[0;34m-        [0;2m] [0;2m[mCHECK_FNA_HEADERS   -[K
[2m[[0;34m-        [0;2m] [0;2m[mCMSEARCH            -[K
[2m[[0;34m-        [0;2m] [0;2m[mGET_CMSTATS         -[K
[2m[[0;34m-        [0;2m] [0;2m[mEXTRACT_SEQUENCES   -[K
[2m[[0;34m-        [0;2m] [0;2m[mBLAST_ANNOTATE      -[K
[2m[[0;34m-        [0;2m] [0;2m[mMERGE_BLAST_RESULTS -[K
[2m[[0;34m-        [0;2m] [0;2m[mPROCESS_RESULTS     -[K
[2m[[0;34m-        [0;2m] [0;2m[mBUILD_SUMMARY       -[K
[9A
[2mexecutor >  local (3)[m[K
[2m[[0;34m14/c0ebcf[0;2m] [0;2m[mCHECK_FNA_HEADERS[33;2m ([0;33mcontigs_drinking_water_microbiome_spike_in_GCF_000621645__depth10[2m)[m[2m [[0;34m  0%[0;2m][m 0 of 3[K
[2m[[0;34m-        [0;2m] [0;2m[mCMSEARCH                                                                              -[K
[2m[[0;34m-        [0;2m] [0;2m[mGET_CMSTATS                                                                           -[K
[2m[[0;34m-        [0;2m] [0;2m[mEXTRACT_SEQUENCES                                                                     -[K
[2m[[0;34m-        [0;2m] [0;2m[mBLAST_ANNOTATE                                                                        -[K
[2m[[0;34m-        [0;2m] [0;2m[mMERGE_BLAST_RESULTS                                                                   -[K
[2m[[0;34m-        [0;2m] [0;2m[mPROCESS_RESULTS                                                                       -[K
[2m[[0;34m-        [0;2m] [0;2m[mBUILD_SUMMARY                                                                         -[K
[10A
[2mexecutor >  local (4)[m[K
[2m[[0;34m86/a6eb38[0;2m] [0;2m[mCHECK_FNA_HEADERS[33;2m ([0;33mcontigs_drinking_water_microbiome_spike_in_GCF_000008485__depth10[2m)[m[2m [[0;32m100%[0;2m][m 3 of 3[32m ✔[m[K
[2m[[0;34m51/28f8cc[0;2m] [0;2m[mCMSEARCH[33;2m ([0;33mcontigs_drinking_water_microbiome_spike_in_GCF_001457615__depth10_RF00177[2m)[m [2m [[0;34m  0%[0;2m][m 0 of 6[K
[2m[[0;34m-        [0;2m] [0;2m[mGET_CMSTATS                                                                           -[K
[2m[[0;34m-        [0;2m] [0;2m[mEXTRACT_SEQUENCES                                                                     -[K
[2m[[0;34m-        [0;2m] [0;2m[mBLAST_ANNOTATE                                                                        -[K
[2m[[0;34m-        [0;2m] [0;2m[mMERGE_BLAST_RESULTS                                                                   -[K
[2m[[0;34m-        [0;2m] [0;2m[mPROCESS_RESULTS                                                                       -[K
[2m[[0;34m-        [0;2m] [0;2m[mBUILD_SUMMARY                                                                         -[K
[10A
[2mexecutor >  local (7)[m[K
[2m[[0;34m86/a6eb38[0;2m] [0;2m[mCHECK_FNA_HEADERS[33;2m ([0;33mcontigs_drinking_water_microbiome_spike_in_GCF_000008485__depth10[2m)[m[2m [[0;32m100%[0;2m][m 3 of 3[32m ✔[m[K
[2m[[0;34m44/3d0e50[0;2m] [0;2m[mCMSEARCH[33;2m ([0;33mcontigs_drinking_water_microbiome_spike_in_GCF_000621645__depth10_RF01960[2m)[m [2m [[0;34m  0%[0;2m][m 0 of 6[K
[2m[[0;34m-        [0;2m] [0;2m[mGET_CMSTATS                                                                           -[K
[2m[[0;34m-        [0;2m] [0;2m[mEXTRACT_SEQUENCES                                                                     -[K
[2m[[0;34m-        [0;2m] [0;2m[mBLAST_ANNOTATE                                                                        -[K
[2m[[0;34m-        [0;2m] [0;2m[mMERGE_BLAST_RESULTS                                                                   -[K
[2m[[0;34m-        [0;2m] [0;2m[mPROCESS_RESULTS                                                                       -[K
[2m[[0;34m-        [0;2m] [0;2m[mBUILD_SUMMARY                                                                         -[K
[10A
[2mexecutor >  local (7)[m[K
[2m[[0;34m86/a6eb38[0;2m] [0;2m[mCHECK_FNA_HEADERS[33;2m ([0;33mcontigs_drinking_water_microbiome_spike_in_GCF_000008485__depth10[2m)[m[2m [[0;32m100%[0;2m][m 3 of 3[32m ✔[m[K
[2m[[0;34m44/3d0e50[0;2m] [0;2m[mCMSEARCH[33;2m ([0;33mcontigs_drinking_water_microbiome_spike_in_GCF_000621645__depth10_RF01960[2m)[m [2m [[0;34m  0%[0;2m][m 0 of 6[K
[2m[[0;34m-        [0;2m] [0;2m[mGET_CMSTATS                                                                           -[K
[2m[[0;34m-        [0;2m] [0;2m[mEXTRACT_SEQUENCES                                                                     -[K
[2m[[0;34m-        [0;2m] [0;2m[mBLAST_ANNOTATE                                                                        -[K
[2m[[0;34m-        [0;2m] [0;2m[mMERGE_BLAST_RESULTS                                                                   -[K
[2m[[0;34m-        [0;2m] [0;2m[mPROCESS_RESULTS                                                                       -[K
[2m[[0;34m-        [0;2m] [0;2m[mBUILD_SUMMARY                                                                         -[K
[10A
[2mexecutor >  local (8)[m[K
[2m[[0;34m86/a6eb38[0;2m] [0;2m[mCHECK_FNA_HEADERS[33;2m ([0;33mcontigs_drinking_water_microbiome_spike_in_GCF_000008485__depth10[2m)[m[2m [[0;32m100%[0;2m][m 3 of 3[32m ✔[m[K
[2m[[0;34m7d/fa863a[0;2m] [0;2m[mCMSEARCH[33;2m ([0;33mcontigs_drinking_water_microbiome_spike_in_GCF_000008485__depth10_RF00177[2m)[m [2m [[0;34m 16%[0;2m][m 1 of 6[K
[2m[[0;34m-        [0;2m] [0;2m[mGET_CMSTATS                                                                          [2m [[0;34m  0%[0;2m][m 0 of 1[K
[2m[[0;34m-        [0;2m] [0;2m[mEXTRACT_SEQUENCES                                                                     -[K
[2m[[0;34m-        [0;2m] [0;2m[mBLAST_ANNOTATE                                                                        -[K
[2m[[0;34m-        [0;2m] [0;2m[mMERGE_BLAST_RESULTS                                                                   -[K
[2m[[0;34m-        [0;2m] [0;2m[mPROCESS_RESULTS                                                                       -[K
[2m[[0;34m-        [0;2m] [0;2m[mBUILD_SUMMARY                                                                         -[K
[10A
[2mexecutor >  local (9)[m[K
[2m[[0;34m86/a6eb38[0;2m] [0;2m[mCHECK_FNA_HEADERS[33;2m ([0;33mcontigs_drinking_water_microbiome_spike_in_GCF_000008485__depth10[2m)[m[2m [[0;32m100%[0;2m][m 3 of 3[32m ✔[m[K
[2m[[0;34m51/28f8cc[0;2m] [0;2m[mCMSEARCH[33;2m ([0;33mcontigs_drinking_water_microbiome_spike_in_GCF_001457615__depth10_RF00177[2m)[m [2m [[0;34m 33%[0;2m][m 2 of 6[K
[2m[[0;34m-        [0;2m] [0;2m[mGET_CMSTATS                                                                          [2m [[0;34m  0%[0;2m][m 0 of 2[K
[2m[[0;34m-        [0;2m] [0;2m[mEXTRACT_SEQUENCES                                                                     -[K
[2m[[0;34m-        [0;2m] [0;2m[mBLAST_ANNOTATE                                                                        -[K
[2m[[0;34m-        [0;2m] [0;2m[mMERGE_BLAST_RESULTS                                                                   -[K
[2m[[0;34m-        [0;2m] [0;2m[mPROCESS_RESULTS                                                                       -[K
[2m[[0;34m-        [0;2m] [0;2m[mBUILD_SUMMARY                                                                         -[K
[10A
[2mexecutor >  local (9)[m[K
[2m[[0;34m86/a6eb38[0;2m] [0;2m[mCHECK_FNA_HEADERS[33;2m ([0;33mcontigs_drinking_water_microbiome_spike_in_GCF_000008485__depth10[2m)[m[2m [[0;32m100%[0;2m][m 3 of 3[32m ✔[m[K
[2m[[0;34m51/28f8cc[0;2m] [0;2m[mCMSEARCH[33;2m ([0;33mcontigs_drinking_water_microbiome_spike_in_GCF_001457615__depth10_RF00177[2m)[m [2m [[0;34m 33%[0;2m][m 2 of 6[K
[2m[[0;34m-        [0;2m] [0;2m[mGET_CMSTATS                                                                          [2m [[0;34m  0%[0;2m][m 0 of 2[K
[2m[[0;34m-        [0;2m] [0;2m[mEXTRACT_SEQUENCES                                                                     -[K
[2m[[0;34m-        [0;2m] [0;2m[mBLAST_ANNOTATE                                                                        -[K
[2m[[0;34m-        [0;2m] [0;2m[mMERGE_BLAST_RESULTS                                                                   -[K
[2m[[0;34m-        [0;2m] [0;2m[mPROCESS_RESULTS                                                                       -[K
[2m[[0;34m-        [0;2m] [0;2m[mBUILD_SUMMARY                                                                         -[K
[10A
[2mexecutor >  local (10)[m[K
[2m[[0;34m86/a6eb38[0;2m] [0;2m[mCHECK_FNA_HEADERS[33;2m ([0;33mcontigs_drinking_water_microbiome_spike_in_GCF_000008485__depth10[2m)[m  [2m [[0;32m100%[0;2m][m 3 of 3[32m ✔[m[K
[2m[[0;34med/65a35e[0;2m] [0;2m[mCMSEARCH[33;2m ([0;33mcontigs_drinking_water_microbiome_spike_in_GCF_001457615__depth10_RF01960[2m)[m   [2m [[0;34m 50%[0;2m][m 3 of 6[K
[2m[[0;34mef/38c558[0;2m] [0;2m[mGET_CMSTATS[33;2m ([0;33mcontigs_drinking_water_microbiome_spike_in_GCF_000621645__depth10_RF00177[2m)[m[2m [[0;34m  0%[0;2m][m 0 of 3[K
[2m[[0;34m-        [0;2m] [0;2m[mEXTRACT_SEQUENCES                                                                       -[K
[2m[[0;34m-        [0;2m] [0;2m[mBLAST_ANNOTATE                                                                          -[K
[2m[[0;34m-        [0;2m] [0;2m[mMERGE_BLAST_RESULTS                                                                     -[K
[2m[[0;34m-        [0;2m] [0;2m[mPROCESS_RESULTS                                                                         -[K
[2m[[0;34m-        [0;2m] [0;2m[mBUILD_SUMMARY                                                                           -[K
[10A
[2mexecutor >  local (12)[m[K
[2m[[0;34m86/a6eb38[0;2m] [0;2m[mCHECK_FNA_HEADERS[33;2m ([0;33mcontigs_drinking_water_microbiome_spike_in_GCF_000008485__depth10[2m)[m  [2m [[0;32m100%[0;2m][m 3 of 3[32m ✔[m[K
[2m[[0;34med/65a35e[0;2m] [0;2m[mCMSEARCH[33;2m ([0;33mcontigs_drinking_water_microbiome_spike_in_GCF_001457615__depth10_RF01960[2m)[m   [2m [[0;34m 50%[0;2m][m 3 of 6[K
[2m[[0;34m92/531968[0;2m] [0;2m[mGET_CMSTATS[33;2m ([0;33mcontigs_drinking_water_microbiome_spike_in_GCF_001457615__depth10_RF01960[2m)[m[2m [[0;34m  0%[0;2m][m 0 of 3[K
[2m[[0;34m-        [0;2m] [0;2m[mEXTRACT_SEQUENCES                                                                       -[K
[2m[[0;34m-        [0;2m] [0;2m[mBLAST_ANNOTATE                                                                          -[K
[2m[[0;34m-        [0;2m] [0;2m[mMERGE_BLAST_RESULTS                                                                     -[K
[2m[[0;34m-        [0;2m] [0;2m[mPROCESS_RESULTS                                                                         -[K
[2m[[0;34m-        [0;2m] [0;2m[mBUILD_SUMMARY                                                                           -[K
[10A
[2mexecutor >  local (12)[m[K
[2m[[0;34m86/a6eb38[0;2m] [0;2m[mCHECK_FNA_HEADERS[33;2m ([0;33mcontigs_drinking_water_microbiome_spike_in_GCF_000008485__depth10[2m)[m  [2m [[0;32m100%[0;2m][m 3 of 3[32m ✔[m[K
[2m[[0;34m44/3d0e50[0;2m] [0;2m[mCMSEARCH[33;2m ([0;33mcontigs_drinking_water_microbiome_spike_in_GCF_000621645__depth10_RF01960[2m)[m   [2m [[0;34m 66%[0;2m][m 4 of 6[K
[2m[[0;34m92/531968[0;2m] [0;2m[mGET_CMSTATS[33;2m ([0;33mcontigs_drinking_water_microbiome_spike_in_GCF_001457615__depth10_RF01960[2m)[m[2m [[0;34m  0%[0;2m][m 0 of 4[K
[2m[[0;34m-        [0;2m] [0;2m[mEXTRACT_SEQUENCES                                                                       -[K
[2m[[0;34m-        [0;2m] [0;2m[mBLAST_ANNOTATE                                                                          -[K
[2m[[0;34m-        [0;2m] [0;2m[mMERGE_BLAST_RESULTS                                                                     -[K
[2m[[0;34m-        [0;2m] [0;2m[mPROCESS_RESULTS                                                                         -[K
[2m[[0;34m-        [0;2m] [0;2m[mBUILD_SUMMARY                                                                           -[K
[10A
[2mexecutor >  local (13)[m[K
[2m[[0;34m86/a6eb38[0;2m] [0;2m[mCHECK_FNA_HEADERS[33;2m ([0;33mcontigs_drinking_water_microbiome_spike_in_GCF_000008485__depth10[2m)[m  [2m [[0;32m100%[0;2m][m 3 of 3[32m ✔[m[K
[2m[[0;34m44/3d0e50[0;2m] [0;2m[mCMSEARCH[33;2m ([0;33mcontigs_drinking_water_microbiome_spike_in_GCF_000621645__depth10_RF01960[2m)[m   [2m [[0;34m 66%[0;2m][m 4 of 6[K
[2m[[0;34m62/99d9e0[0;2m] [0;2m[mGET_CMSTATS[33;2m ([0;33mcontigs_drinking_water_microbiome_spike_in_GCF_000621645__depth10_RF01960[2m)[m[2m [[0;34m  0%[0;2m][m 0 of 4[K
[2m[[0;34m-        [0;2m] [0;2m[mEXTRACT_SEQUENCES                                                                       -[K
[2m[[0;34m-        [0;2m] [0;2m[mBLAST_ANNOTATE                                                                          -[K
[2m[[0;34m-        [0;2m] [0;2m[mMERGE_BLAST_RESULTS                                                                     -[K
[2m[[0;34m-        [0;2m] [0;2m[mPROCESS_RESULTS                                                                         -[K
[2m[[0;34m-        [0;2m] [0;2m[mBUILD_SUMMARY                                                                           -[K
[10A
[2mexecutor >  local (13)[m[K
[2m[[0;34m86/a6eb38[0;2m] [0;2m[mCHECK_FNA_HEADERS[33;2m ([0;33mcontigs_drinking_water_microbiome_spike_in_GCF_000008485__depth10[2m)[m  [2m [[0;32m100%[0;2m][m 3 of 3[32m ✔[m[K
[2m[[0;34m44/3d0e50[0;2m] [0;2m[mCMSEARCH[33;2m ([0;33mcontigs_drinking_water_microbiome_spike_in_GCF_000621645__depth10_RF01960[2m)[m   [2m [[0;34m 66%[0;2m][m 4 of 6[K
[2m[[0;34m62/99d9e0[0;2m] [0;2m[mGET_CMSTATS[33;2m ([0;33mcontigs_drinking_water_microbiome_spike_in_GCF_000621645__depth10_RF01960[2m)[m[2m [[0;34m  0%[0;2m][m 0 of 4[K
[2m[[0;34m-        [0;2m] [0;2m[mEXTRACT_SEQUENCES                                                                       -[K
[2m[[0;34m-        [0;2m] [0;2m[mBLAST_ANNOTATE                                                                          -[K
[2m[[0;34m-        [0;2m] [0;2m[mMERGE_BLAST_RESULTS                                                                     -[K
[2m[[0;34m-        [0;2m] [0;2m[mPROCESS_RESULTS                                                                         -[K
[2m[[0;34m-        [0;2m] [0;2m[mBUILD_SUMMARY                                                                           -[K
[10A
[2mexecutor >  local (14)[m[K
[2m[[0;34m86/a6eb38[0;2m] [0;2m[mCHECK_FNA_HEADERS[33;2m ([0;33mcontigs_drinking_water_microbiome_spike_in_GCF_000008485__depth10[2m)[m   [2m [[0;32m100%[0;2m][m 3 of 3[32m ✔[m[K
[2m[[0;34m44/3d0e50[0;2m] [0;2m[mCMSEARCH[33;2m ([0;33mcontigs_drinking_water_microbiome_spike_in_GCF_000621645__depth10_RF01960[2m)[m    [2m [[0;34m 66%[0;2m][m 4 of 6[K
[2m[[0;34m92/531968[0;2m] [0;2m[mGET_CMSTATS[33;2m ([0;33mcontigs_drinking_water_microbiome_spike_in_GCF_001457615__depth10_RF01960[2m)[m [2m [[0;34m 50%[0;2m][m 2 of 4[K
[2m[[0;34mdd/e6361f[0;2m] [0;2m[mEXT…EQUENCES[33;2m ([0;33mcontigs_drinking_water_microbiome_spike_in_GCF_001457615__depth10_RF00177[2m)[m[2m [[0;34m  0%[0;2m][m 0 of 2[K
[2m[[0;34m-        [0;2m] [0;2m[mBLAST_ANNOTATE                                                                           -[K
[2m[[0;34m-        [0;2m] [0;2m[mMERGE_BLAST_RESULTS                                                                      -[K
[2m[[0;34m-        [0;2m] [0;2m[mPROCESS_RESULTS                                                                          -[K
[2m[[0;34m-        [0;2m] [0;2m[mBUILD_SUMMARY                                                                            -[K
[10A
[2mexecutor >  local (16)[m[K
[2m[[0;34m86/a6eb38[0;2m] [0;2m[mCHECK_FNA_HEADERS[33;2m ([0;33mcontigs_drinking_water_microbiome_spike_in_GCF_000008485__depth10[2m)[m   [2m [[0;32m100%[0;2m][m 3 of 3[32m ✔[m[K
[2m[[0;34m44/3d0e50[0;2m] [0;2m[mCMSEARCH[33;2m ([0;33mcontigs_drinking_water_microbiome_spike_in_GCF_000621645__depth10_RF01960[2m)[m    [2m [[0;34m 66%[0;2m][m 4 of 6[K
[2m[[0;34mef/38c558[0;2m] [0;2m[mGET_CMSTATS[33;2m ([0;33mcontigs_drinking_water_microbiome_spike_in_GCF_000621645__depth10_RF00177[2m)[m [2m [[0;34m 75%[0;2m][m 3 of 4[K
[2m[[0;34me8/18a7f9[0;2m] [0;2m[mEXT…EQUENCES[33;2m ([0;33mcontigs_drinking_water_microbiome_spike_in_GCF_000621645__depth10_RF00177[2m)[m[2m [[0;34m  0%[0;2m][m 0 of 3[K
[2m[[0;34m-        [0;2m] [0;2m[mBLAST_ANNOTATE                                                                           -[K
[2m[[0;34m-        [0;2m] [0;2m[mMERGE_BLAST_RESULTS                                                                      -[K
[2m[[0;34m-        [0;2m] [0;2m[mPROCESS_RESULTS                                                                          -[K
[2m[[0;34m-        [0;2m] [0;2m[mBUILD_SUMMARY                                                                            -[K
[10A
[2mexecutor >  local (16)[m[K
[2m[[0;34m86/a6eb38[0;2m] [0;2m[mCHECK_FNA_HEADERS[33;2m ([0;33mcontigs_drinking_water_microbiome_spike_in_GCF_000008485__depth10[2m)[m   [2m [[0;32m100%[0;2m][m 3 of 3[32m ✔[m[K
[2m[[0;34m44/3d0e50[0;2m] [0;2m[mCMSEARCH[33;2m ([0;33mcontigs_drinking_water_microbiome_spike_in_GCF_000621645__depth10_RF01960[2m)[m    [2m [[0;34m 66%[0;2m][m 4 of 6[K
[2m[[0;34mef/38c558[0;2m] [0;2m[mGET_CMSTATS[33;2m ([0;33mcontigs_drinking_water_microbiome_spike_in_GCF_000621645__depth10_RF00177[2m)[m [2m [[0;34m 75%[0;2m][m 3 of 4[K
[2m[[0;34me8/18a7f9[0;2m] [0;2m[mEXT…EQUENCES[33;2m ([0;33mcontigs_drinking_water_microbiome_spike_in_GCF_000621645__depth10_RF00177[2m)[m[2m [[0;34m  0%[0;2m][m 0 of 3[K
[2m[[0;34m-        [0;2m] [0;2m[mBLAST_ANNOTATE                                                                           -[K
[2m[[0;34m-        [0;2m] [0;2m[mMERGE_BLAST_RESULTS                                                                      -[K
[2m[[0;34m-        [0;2m] [0;2m[mPROCESS_RESULTS                                                                          -[K
[2m[[0;34m-        [0;2m] [0;2m[mBUILD_SUMMARY                                                                            -[K
[10A
[2mexecutor >  local (17)[m[K
[2m[[0;34m86/a6eb38[0;2m] [0;2m[mCHECK_FNA_HEADERS[33;2m ([0;33mcontigs_drinking_water_microbiome_spike_in_GCF_000008485__depth10[2m)[m   [2m [[0;32m100%[0;2m][m 3 of 3[32m ✔[m[K
[2m[[0;34m44/3d0e50[0;2m] [0;2m[mCMSEARCH[33;2m ([0;33mcontigs_drinking_water_microbiome_spike_in_GCF_000621645__depth10_RF01960[2m)[m    [2m [[0;34m 66%[0;2m][m 4 of 6[K
[2m[[0;34mef/38c558[0;2m] [0;2m[mGET_CMSTATS[33;2m ([0;33mcontigs_drinking_water_microbiome_spike_in_GCF_000621645__depth10_RF00177[2m)[m [2m [[0;34m 75%[0;2m][m 3 of 4[K
[2m[[0;34mdb/484026[0;2m] [0;2m[mEXT…EQUENCES[33;2m ([0;33mcontigs_drinking_water_microbiome_spike_in_GCF_001457615__depth10_RF01960[2m)[m[2m [[0;34m 66%[0;2m][m 2 of 3[K
[2m[[0;34m03/e0e945[0;2m] [0;2m[mBLA…ANNOTATE[33;2m ([0;33mcontigs_drinking_water_microbiome_spike_in_GCF_001457615__depth10_RF00177[2m)[m[2m [[0;34m  0%[0;2m][m 0 of 2[K
[2m[[0;34m-        [0;2m] [0;2m[mMERGE_BLAST_RESULTS                                                                      -[K
[2m[[0;34m-        [0;2m] [0;2m[mPROCESS_RESULTS                                                                          -[K
[2m[[0;34m-        [0;2m] [0;2m[mBUILD_SUMMARY                                                                            -[K
[10A
[2mexecutor >  local (17)[m[K
[2m[[0;34m86/a6eb38[0;2m] [0;2m[mCHECK_FNA_HEADERS[33;2m ([0;33mcontigs_drinking_water_microbiome_spike_in_GCF_000008485__depth10[2m)[m   [2m [[0;32m100%[0;2m][m 3 of 3[32m ✔[m[K
[2m[[0;34m44/3d0e50[0;2m] [0;2m[mCMSEARCH[33;2m ([0;33mcontigs_drinking_water_microbiome_spike_in_GCF_000621645__depth10_RF01960[2m)[m    [2m [[0;34m 66%[0;2m][m 4 of 6[K
[2m[[0;34mef/38c558[0;2m] [0;2m[mGET_CMSTATS[33;2m ([0;33mcontigs_drinking_water_microbiome_spike_in_GCF_000621645__depth10_RF00177[2m)[m [2m [[0;34m 75%[0;2m][m 3 of 4[K
[2m[[0;34mdb/484026[0;2m] [0;2m[mEXT…EQUENCES[33;2m ([0;33mcontigs_drinking_water_microbiome_spike_in_GCF_001457615__depth10_RF01960[2m)[m[2m [[0;34m 66%[0;2m][m 2 of 3[K
[2m[[0;34m03/e0e945[0;2m] [0;2m[mBLA…ANNOTATE[33;2m ([0;33mcontigs_drinking_water_microbiome_spike_in_GCF_001457615__depth10_RF00177[2m)[m[2m [[0;34m  0%[0;2m][m 0 of 2[K
[2m[[0;34m-        [0;2m] [0;2m[mMERGE_BLAST_RESULTS                                                                      -[K
[2m[[0;34m-        [0;2m] [0;2m[mPROCESS_RESULTS                                                                          -[K
[2m[[0;34m-        [0;2m] [0;2m[mBUILD_SUMMARY                                                                            -[K
[10A
[2mexecutor >  local (17)[m[K
[2m[[0;34m86/a6eb38[0;2m] [0;2m[mCHECK_FNA_HEADERS[33;2m ([0;33mcontigs_drinking_water_microbiome_spike_in_GCF_000008485__depth10[2m)[m   [2m [[0;32m100%[0;2m][m 3 of 3[32m ✔[m[K
[2m[[0;34m44/3d0e50[0;2m] [0;2m[mCMSEARCH[33;2m ([0;33mcontigs_drinking_water_microbiome_spike_in_GCF_000621645__depth10_RF01960[2m)[m    [2m [[0;34m 66%[0;2m][m 4 of 6[K
[2m[[0;34m62/99d9e0[0;2m] [0;2m[mGET_CMSTATS[33;2m ([0;33mcontigs_drinking_water_microbiome_spike_in_GCF_000621645__depth10_RF01960[2m)[m [2m [[0;32m100%[0;2m][m 4 of 4[K
[2m[[0;34mdb/484026[0;2m] [0;2m[mEXT…EQUENCES[33;2m ([0;33mcontigs_drinking_water_microbiome_spike_in_GCF_001457615__depth10_RF01960[2m)[m[2m [[0;34m 50%[0;2m][m 2 of 4[K
[2m[[0;34m03/e0e945[0;2m] [0;2m[mBLA…ANNOTATE[33;2m ([0;33mcontigs_drinking_water_microbiome_spike_in_GCF_001457615__depth10_RF00177[2m)[m[2m [[0;34m  0%[0;2m][m 0 of 2[K
[2m[[0;34m-        [0;2m] [0;2m[mMERGE_BLAST_RESULTS                                                                      -[K
[2m[[0;34m-        [0;2m] [0;2m[mPROCESS_RESULTS                                                                          -[K
[2m[[0;34m-        [0;2m] [0;2m[mBUILD_SUMMARY                                                                            -[K
[10A
[2mexecutor >  local (18)[m[K
[2m[[0;34m86/a6eb38[0;2m] [0;2m[mCHECK_FNA_HEADERS[33;2m ([0;33mcontigs_drinking_water_microbiome_spike_in_GCF_000008485__depth10[2m)[m   [2m [[0;32m100%[0;2m][m 3 of 3[32m ✔[m[K
[2m[[0;34m44/3d0e50[0;2m] [0;2m[mCMSEARCH[33;2m ([0;33mcontigs_drinking_water_microbiome_spike_in_GCF_000621645__depth10_RF01960[2m)[m    [2m [[0;34m 66%[0;2m][m 4 of 6[K
[2m[[0;34m62/99d9e0[0;2m] [0;2m[mGET_CMSTATS[33;2m ([0;33mcontigs_drinking_water_microbiome_spike_in_GCF_000621645__depth10_RF01960[2m)[m [2m [[0;32m100%[0;2m][m 4 of 4[K
[2m[[0;34me8/18a7f9[0;2m] [0;2m[mEXT…EQUENCES[33;2m ([0;33mcontigs_drinking_water_microbiome_spike_in_GCF_000621645__depth10_RF00177[2m)[m[2m [[0;34m 75%[0;2m][m 3 of 4[K
[2m[[0;34m05/6df138[0;2m] [0;2m[mBLA…ANNOTATE[33;2m ([0;33mcontigs_drinking_water_microbiome_spike_in_GCF_001457615__depth10_RF01960[2m)[m[2m [[0;34m  0%[0;2m][m 0 of 3[K
[2m[[0;34m-        [0;2m] [0;2m[mMERGE_BLAST_RESULTS                                                                      -[K
[2m[[0;34m-        [0;2m] [0;2m[mPROCESS_RESULTS                                                                          -[K
[2m[[0;34m-        [0;2m] [0;2m[mBUILD_SUMMARY                                                                            -[K
[10A
[2mexecutor >  local (18)[m[K
[2m[[0;34m86/a6eb38[0;2m] [0;2m[mCHECK_FNA_HEADERS[33;2m ([0;33mcontigs_drinking_water_microbiome_spike_in_GCF_000008485__depth10[2m)[m   [2m [[0;32m100%[0;2m][m 3 of 3[32m ✔[m[K
[2m[[0;34m44/3d0e50[0;2m] [0;2m[mCMSEARCH[33;2m ([0;33mcontigs_drinking_water_microbiome_spike_in_GCF_000621645__depth10_RF01960[2m)[m    [2m [[0;34m 66%[0;2m][m 4 of 6[K
[2m[[0;34m62/99d9e0[0;2m] [0;2m[mGET_CMSTATS[33;2m ([0;33mcontigs_drinking_water_microbiome_spike_in_GCF_000621645__depth10_RF01960[2m)[m [2m [[0;32m100%[0;2m][m 4 of 4[K
[2m[[0;34me8/18a7f9[0;2m] [0;2m[mEXT…EQUENCES[33;2m ([0;33mcontigs_drinking_water_microbiome_spike_in_GCF_000621645__depth10_RF00177[2m)[m[2m [[0;34m 75%[0;2m][m 3 of 4[K
[2m[[0;34m05/6df138[0;2m] [0;2m[mBLA…ANNOTATE[33;2m ([0;33mcontigs_drinking_water_microbiome_spike_in_GCF_001457615__depth10_RF01960[2m)[m[2m [[0;34m  0%[0;2m][m 0 of 3[K
[2m[[0;34m-        [0;2m] [0;2m[mMERGE_BLAST_RESULTS                                                                      -[K
[2m[[0;34m-        [0;2m] [0;2m[mPROCESS_RESULTS                                                                          -[K
[2m[[0;34m-        [0;2m] [0;2m[mBUILD_SUMMARY                                                                            -[K
[10A
[2mexecutor >  local (19)[m[K
[2m[[0;34m86/a6eb38[0;2m] [0;2m[mCHECK_FNA_HEADERS[33;2m ([0;33mcontigs_drinking_water_microbiome_spike_in_GCF_000008485__depth10[2m)[m   [2m [[0;32m100%[0;2m][m 3 of 3[32m ✔[m[K
[2m[[0;34m44/3d0e50[0;2m] [0;2m[mCMSEARCH[33;2m ([0;33mcontigs_drinking_water_microbiome_spike_in_GCF_000621645__depth10_RF01960[2m)[m    [2m [[0;34m 66%[0;2m][m 4 of 6[K
[2m[[0;34m62/99d9e0[0;2m] [0;2m[mGET_CMSTATS[33;2m ([0;33mcontigs_drinking_water_microbiome_spike_in_GCF_000621645__depth10_RF01960[2m)[m [2m [[0;32m100%[0;2m][m 4 of 4[K
[2m[[0;34m0d/bd0559[0;2m] [0;2m[mEXT…EQUENCES[33;2m ([0;33mcontigs_drinking_water_microbiome_spike_in_GCF_000621645__depth10_RF01960[2m)[m[2m [[0;34m 75%[0;2m][m 3 of 4[K
[2m[[0;34m03/e0e945[0;2m] [0;2m[mBLA…ANNOTATE[33;2m ([0;33mcontigs_drinking_water_microbiome_spike_in_GCF_001457615__depth10_RF00177[2m)[m[2m [[0;34m 33%[0;2m][m 1 of 3[K
[2m[[0;34m-        [0;2m] [0;2m[mMERGE_BLAST_RESULTS                                                                      -[K
[2m[[0;34m-        [0;2m] [0;2m[mPROCESS_RESULTS                                                                          -[K
[2m[[0;34m-        [0;2m] [0;2m[mBUILD_SUMMARY                                                                            -[K
[10A
[2mexecutor >  local (19)[m[K
[2m[[0;34m86/a6eb38[0;2m] [0;2m[mCHECK_FNA_HEADERS[33;2m ([0;33mcontigs_drinking_water_microbiome_spike_in_GCF_000008485__depth10[2m)[m   [2m [[0;32m100%[0;2m][m 3 of 3[32m ✔[m[K
[2m[[0;34m44/3d0e50[0;2m] [0;2m[mCMSEARCH[33;2m ([0;33mcontigs_drinking_water_microbiome_spike_in_GCF_000621645__depth10_RF01960[2m)[m    [2m [[0;34m 66%[0;2m][m 4 of 6[K
[2m[[0;34m62/99d9e0[0;2m] [0;2m[mGET_CMSTATS[33;2m ([0;33mcontigs_drinking_water_microbiome_spike_in_GCF_000621645__depth10_RF01960[2m)[m [2m [[0;32m100%[0;2m][m 4 of 4[K
[2m[[0;34m0d/bd0559[0;2m] [0;2m[mEXT…EQUENCES[33;2m ([0;33mcontigs_drinking_water_microbiome_spike_in_GCF_000621645__depth10_RF01960[2m)[m[2m [[0;34m 75%[0;2m][m 3 of 4[K
[2m[[0;34m03/e0e945[0;2m] [0;2m[mBLA…ANNOTATE[33;2m ([0;33mcontigs_drinking_water_microbiome_spike_in_GCF_001457615__depth10_RF00177[2m)[m[2m [[0;34m 33%[0;2m][m 1 of 3[K
[2m[[0;34m-        [0;2m] [0;2m[mMERGE_BLAST_RESULTS                                                                      -[K
[2m[[0;34m-        [0;2m] [0;2m[mPROCESS_RESULTS                                                                          -[K
[2m[[0;34m-        [0;2m] [0;2m[mBUILD_SUMMARY                                                                            -[K
[10A
[2mexecutor >  local (20)[m[K
[2m[[0;34m86/a6eb38[0;2m] [0;2m[mCHECK_FNA_HEADERS[33;2m ([0;33mcontigs_drinking_water_microbiome_spike_in_GCF_000008485__depth10[2m)[m   [2m [[0;32m100%[0;2m][m 3 of 3[32m ✔[m[K
[2m[[0;34m44/3d0e50[0;2m] [0;2m[mCMSEARCH[33;2m ([0;33mcontigs_drinking_water_microbiome_spike_in_GCF_000621645__depth10_RF01960[2m)[m    [2m [[0;34m 66%[0;2m][m 4 of 6[K
[2m[[0;34m62/99d9e0[0;2m] [0;2m[mGET_CMSTATS[33;2m ([0;33mcontigs_drinking_water_microbiome_spike_in_GCF_000621645__depth10_RF01960[2m)[m [2m [[0;32m100%[0;2m][m 4 of 4[K
[2m[[0;34m0d/bd0559[0;2m] [0;2m[mEXT…EQUENCES[33;2m ([0;33mcontigs_drinking_water_microbiome_spike_in_GCF_000621645__depth10_RF01960[2m)[m[2m [[0;34m 75%[0;2m][m 3 of 4[K
[2m[[0;34ma1/7a249e[0;2m] [0;2m[mBLA…ANNOTATE[33;2m ([0;33mcontigs_drinking_water_microbiome_spike_in_GCF_000621645__depth10_RF00177[2m)[m[2m [[0;34m 66%[0;2m][m 2 of 3[K
[2m[[0;34m-        [0;2m] [0;2m[mMERGE_BLAST_RESULTS                                                                      -[K
[2m[[0;34m-        [0;2m] [0;2m[mPROCESS_RESULTS                                                                          -[K
[2m[[0;34m-        [0;2m] [0;2m[mBUILD_SUMMARY                                                                            -[K
[10A
[2mexecutor >  local (21)[m[K
[2m[[0;34m86/a6eb38[0;2m] [0;2m[mCHECK_FNA_HEADERS[33;2m ([0;33mcontigs_drinking_water_microbiome_spike_in_GCF_000008485__depth10[2m)[m   [2m [[0;32m100%[0;2m][m 3 of 3[32m ✔[m[K
[2m[[0;34m44/3d0e50[0;2m] [0;2m[mCMSEARCH[33;2m ([0;33mcontigs_drinking_water_microbiome_spike_in_GCF_000621645__depth10_RF01960[2m)[m    [2m [[0;34m 66%[0;2m][m 4 of 6[K
[2m[[0;34m62/99d9e0[0;2m] [0;2m[mGET_CMSTATS[33;2m ([0;33mcontigs_drinking_water_microbiome_spike_in_GCF_000621645__depth10_RF01960[2m)[m [2m [[0;32m100%[0;2m][m 4 of 4[K
[2m[[0;34m0d/bd0559[0;2m] [0;2m[mEXT…EQUENCES[33;2m ([0;33mcontigs_drinking_water_microbiome_spike_in_GCF_000621645__depth10_RF01960[2m)[m[2m [[0;32m100%[0;2m][m 4 of 4[K
[2m[[0;34md8/6f6b62[0;2m] [0;2m[mBLA…ANNOTATE[33;2m ([0;33mcontigs_drinking_water_microbiome_spike_in_GCF_000621645__depth10_RF01960[2m)[m[2m [[0;34m 50%[0;2m][m 2 of 4[K
[2m[[0;34m-        [0;2m] [0;2m[mMERGE_BLAST_RESULTS                                                                      -[K
[2m[[0;34m-        [0;2m] [0;2m[mPROCESS_RESULTS                                                                          -[K
[2m[[0;34m-        [0;2m] [0;2m[mBUILD_SUMMARY                                                                            -[K
[10A
[2mexecutor >  local (21)[m[K
[2m[[0;34m86/a6eb38[0;2m] [0;2m[mCHECK_FNA_HEADERS[33;2m ([0;33mcontigs_drinking_water_microbiome_spike_in_GCF_000008485__depth10[2m)[m   [2m [[0;32m100%[0;2m][m 3 of 3[32m ✔[m[K
[2m[[0;34m44/3d0e50[0;2m] [0;2m[mCMSEARCH[33;2m ([0;33mcontigs_drinking_water_microbiome_spike_in_GCF_000621645__depth10_RF01960[2m)[m    [2m [[0;34m 66%[0;2m][m 4 of 6[K
[2m[[0;34m62/99d9e0[0;2m] [0;2m[mGET_CMSTATS[33;2m ([0;33mcontigs_drinking_water_microbiome_spike_in_GCF_000621645__depth10_RF01960[2m)[m [2m [[0;32m100%[0;2m][m 4 of 4[K
[2m[[0;34m0d/bd0559[0;2m] [0;2m[mEXT…EQUENCES[33;2m ([0;33mcontigs_drinking_water_microbiome_spike_in_GCF_000621645__depth10_RF01960[2m)[m[2m [[0;32m100%[0;2m][m 4 of 4[K
[2m[[0;34md8/6f6b62[0;2m] [0;2m[mBLA…ANNOTATE[33;2m ([0;33mcontigs_drinking_water_microbiome_spike_in_GCF_000621645__depth10_RF01960[2m)[m[2m [[0;34m 50%[0;2m][m 2 of 4[K
[2m[[0;34m-        [0;2m] [0;2m[mMERGE_BLAST_RESULTS                                                                      -[K
[2m[[0;34m-        [0;2m] [0;2m[mPROCESS_RESULTS                                                                          -[K
[2m[[0;34m-        [0;2m] [0;2m[mBUILD_SUMMARY                                                                            -[K
[10A
[2mexecutor >  local (21)[m[K
[2m[[0;34m86/a6eb38[0;2m] [0;2m[mCHECK_FNA_HEADERS[33;2m ([0;33mcontigs_drinking_water_microbiome_spike_in_GCF_000008485__depth10[2m)[m   [2m [[0;32m100%[0;2m][m 3 of 3[32m ✔[m[K
[2m[[0;34m44/3d0e50[0;2m] [0;2m[mCMSEARCH[33;2m ([0;33mcontigs_drinking_water_microbiome_spike_in_GCF_000621645__depth10_RF01960[2m)[m    [2m [[0;34m 66%[0;2m][m 4 of 6[K
[2m[[0;34m62/99d9e0[0;2m] [0;2m[mGET_CMSTATS[33;2m ([0;33mcontigs_drinking_water_microbiome_spike_in_GCF_000621645__depth10_RF01960[2m)[m [2m [[0;32m100%[0;2m][m 4 of 4[K
[2m[[0;34m0d/bd0559[0;2m] [0;2m[mEXT…EQUENCES[33;2m ([0;33mcontigs_drinking_water_microbiome_spike_in_GCF_000621645__depth10_RF01960[2m)[m[2m [[0;32m100%[0;2m][m 4 of 4[K
[2m[[0;34ma1/7a249e[0;2m] [0;2m[mBLA…ANNOTATE[33;2m ([0;33mcontigs_drinking_water_microbiome_spike_in_GCF_000621645__depth10_RF00177[2m)[m[2m [[0;34m 75%[0;2m][m 3 of 4[K
[2m[[0;34m-        [0;2m] [0;2m[mMERGE_BLAST_RESULTS                                                                      -[K
[2m[[0;34m-        [0;2m] [0;2m[mPROCESS_RESULTS                                                                          -[K
[2m[[0;34m-        [0;2m] [0;2m[mBUILD_SUMMARY                                                                            -[K
[10A
[2mexecutor >  local (21)[m[K
[2m[[0;34m86/a6eb38[0;2m] [0;2m[mCHECK_FNA_HEADERS[33;2m ([0;33mcontigs_drinking_water_microbiome_spike_in_GCF_000008485__depth10[2m)[m   [2m [[0;32m100%[0;2m][m 3 of 3[32m ✔[m[K
[2m[[0;34m44/3d0e50[0;2m] [0;2m[mCMSEARCH[33;2m ([0;33mcontigs_drinking_water_microbiome_spike_in_GCF_000621645__depth10_RF01960[2m)[m    [2m [[0;34m 66%[0;2m][m 4 of 6[K
[2m[[0;34m62/99d9e0[0;2m] [0;2m[mGET_CMSTATS[33;2m ([0;33mcontigs_drinking_water_microbiome_spike_in_GCF_000621645__depth10_RF01960[2m)[m [2m [[0;32m100%[0;2m][m 4 of 4[K
[2m[[0;34m0d/bd0559[0;2m] [0;2m[mEXT…EQUENCES[33;2m ([0;33mcontigs_drinking_water_microbiome_spike_in_GCF_000621645__depth10_RF01960[2m)[m[2m [[0;32m100%[0;2m][m 4 of 4[K
[2m[[0;34md8/6f6b62[0;2m] [0;2m[mBLA…ANNOTATE[33;2m ([0;33mcontigs_drinking_water_microbiome_spike_in_GCF_000621645__depth10_RF01960[2m)[m[2m [[0;32m100%[0;2m][m 4 of 4[K
[2m[[0;34m-        [0;2m] [0;2m[mMERGE_BLAST_RESULTS                                                                      -[K
[2m[[0;34m-        [0;2m] [0;2m[mPROCESS_RESULTS                                                                          -[K
[2m[[0;34m-        [0;2m] [0;2m[mBUILD_SUMMARY                                                                            -[K
[10A
[2mexecutor >  local (21)[m[K
[2m[[0;34m86/a6eb38[0;2m] [0;2m[mCHECK_FNA_HEADERS[33;2m ([0;33mcontigs_drinking_water_microbiome_spike_in_GCF_000008485__depth10[2m)[m   [2m [[0;32m100%[0;2m][m 3 of 3[32m ✔[m[K
[2m[[0;34m7d/fa863a[0;2m] [0;2m[mCMSEARCH[33;2m ([0;33mcontigs_drinking_water_microbiome_spike_in_GCF_000008485__depth10_RF00177[2m)[m    [2m [[0;34m 83%[0;2m][m 5 of 6[K
[2m[[0;34m62/99d9e0[0;2m] [0;2m[mGET_CMSTATS[33;2m ([0;33mcontigs_drinking_water_microbiome_spike_in_GCF_000621645__depth10_RF01960[2m)[m [2m [[0;34m 80%[0;2m][m 4 of 5[K
[2m[[0;34m0d/bd0559[0;2m] [0;2m[mEXT…EQUENCES[33;2m ([0;33mcontigs_drinking_water_microbiome_spike_in_GCF_000621645__depth10_RF01960[2m)[m[2m [[0;32m100%[0;2m][m 4 of 4[K
[2m[[0;34md8/6f6b62[0;2m] [0;2m[mBLA…ANNOTATE[33;2m ([0;33mcontigs_drinking_water_microbiome_spike_in_GCF_000621645__depth10_RF01960[2m)[m[2m [[0;32m100%[0;2m][m 4 of 4[K
[2m[[0;34m-        [0;2m] [0;2m[mMERGE_BLAST_RESULTS                                                                      -[K
[2m[[0;34m-        [0;2m] [0;2m[mPROCESS_RESULTS                                                                          -[K
[2m[[0;34m-        [0;2m] [0;2m[mBUILD_SUMMARY                                                                            -[K
[10A
[2mexecutor >  local (22)[m[K
[2m[[0;34m86/a6eb38[0;2m] [0;2m[mCHECK_FNA_HEADERS[33;2m ([0;33mcontigs_drinking_water_microbiome_spike_in_GCF_000008485__depth10[2m)[m   [2m [[0;32m100%[0;2m][m 3 of 3[32m ✔[m[K
[2m[[0;34m7d/fa863a[0;2m] [0;2m[mCMSEARCH[33;2m ([0;33mcontigs_drinking_water_microbiome_spike_in_GCF_000008485__depth10_RF00177[2m)[m    [2m [[0;34m 83%[0;2m][m 5 of 6[K
[2m[[0;34m75/d5c85b[0;2m] [0;2m[mGET_CMSTATS[33;2m ([0;33mcontigs_drinking_water_microbiome_spike_in_GCF_000008485__depth10_RF00177[2m)[m [2m [[0;34m 80%[0;2m][m 4 of 5[K
[2m[[0;34m0d/bd0559[0;2m] [0;2m[mEXT…EQUENCES[33;2m ([0;33mcontigs_drinking_water_microbiome_spike_in_GCF_000621645__depth10_RF01960[2m)[m[2m [[0;32m100%[0;2m][m 4 of 4[K
[2m[[0;34md8/6f6b62[0;2m] [0;2m[mBLA…ANNOTATE[33;2m ([0;33mcontigs_drinking_water_microbiome_spike_in_GCF_000621645__depth10_RF01960[2m)[m[2m [[0;32m100%[0;2m][m 4 of 4[K
[2m[[0;34m-        [0;2m] [0;2m[mMERGE_BLAST_RESULTS                                                                      -[K
[2m[[0;34m-        [0;2m] [0;2m[mPROCESS_RESULTS                                                                          -[K
[2m[[0;34m-        [0;2m] [0;2m[mBUILD_SUMMARY                                                                            -[K
[10A
[2mexecutor >  local (23)[m[K
[2m[[0;34m86/a6eb38[0;2m] [0;2m[mCHECK_FNA_HEADERS[33;2m ([0;33mcontigs_drinking_water_microbiome_spike_in_GCF_000008485__depth10[2m)[m   [2m [[0;32m100%[0;2m][m 3 of 3[32m ✔[m[K
[2m[[0;34m7d/fa863a[0;2m] [0;2m[mCMSEARCH[33;2m ([0;33mcontigs_drinking_water_microbiome_spike_in_GCF_000008485__depth10_RF00177[2m)[m    [2m [[0;34m 83%[0;2m][m 5 of 6[K
[2m[[0;34m75/d5c85b[0;2m] [0;2m[mGET_CMSTATS[33;2m ([0;33mcontigs_drinking_water_microbiome_spike_in_GCF_000008485__depth10_RF00177[2m)[m [2m [[0;32m100%[0;2m][m 5 of 5[K
[2m[[0;34m87/130f0f[0;2m] [0;2m[mEXT…EQUENCES[33;2m ([0;33mcontigs_drinking_water_microbiome_spike_in_GCF_000008485__depth10_RF00177[2m)[m[2m [[0;34m 80%[0;2m][m 4 of 5[K
[2m[[0;34md8/6f6b62[0;2m] [0;2m[mBLA…ANNOTATE[33;2m ([0;33mcontigs_drinking_water_microbiome_spike_in_GCF_000621645__depth10_RF01960[2m)[m[2m [[0;32m100%[0;2m][m 4 of 4[K
[2m[[0;34m-        [0;2m] [0;2m[mMERGE_BLAST_RESULTS                                                                      -[K
[2m[[0;34m-        [0;2m] [0;2m[mPROCESS_RESULTS                                                                          -[K
[2m[[0;34m-        [0;2m] [0;2m[mBUILD_SUMMARY                                                                            -[K
[10A
[2mexecutor >  local (23)[m[K
[2m[[0;34m86/a6eb38[0;2m] [0;2m[mCHECK_FNA_HEADERS[33;2m ([0;33mcontigs_drinking_water_microbiome_spike_in_GCF_000008485__depth10[2m)[m   [2m [[0;32m100%[0;2m][m 3 of 3[32m ✔[m[K
[2m[[0;34m7d/fa863a[0;2m] [0;2m[mCMSEARCH[33;2m ([0;33mcontigs_drinking_water_microbiome_spike_in_GCF_000008485__depth10_RF00177[2m)[m    [2m [[0;34m 83%[0;2m][m 5 of 6[K
[2m[[0;34m75/d5c85b[0;2m] [0;2m[mGET_CMSTATS[33;2m ([0;33mcontigs_drinking_water_microbiome_spike_in_GCF_000008485__depth10_RF00177[2m)[m [2m [[0;32m100%[0;2m][m 5 of 5[K
[2m[[0;34m87/130f0f[0;2m] [0;2m[mEXT…EQUENCES[33;2m ([0;33mcontigs_drinking_water_microbiome_spike_in_GCF_000008485__depth10_RF00177[2m)[m[2m [[0;34m 80%[0;2m][m 4 of 5[K
[2m[[0;34md8/6f6b62[0;2m] [0;2m[mBLA…ANNOTATE[33;2m ([0;33mcontigs_drinking_water_microbiome_spike_in_GCF_000621645__depth10_RF01960[2m)[m[2m [[0;32m100%[0;2m][m 4 of 4[K
[2m[[0;34m-        [0;2m] [0;2m[mMERGE_BLAST_RESULTS                                                                      -[K
[2m[[0;34m-        [0;2m] [0;2m[mPROCESS_RESULTS                                                                          -[K
[2m[[0;34m-        [0;2m] [0;2m[mBUILD_SUMMARY                                                                            -[K
[10A
[2mexecutor >  local (24)[m[K
[2m[[0;34m86/a6eb38[0;2m] [0;2m[mCHECK_FNA_HEADERS[33;2m ([0;33mcontigs_drinking_water_microbiome_spike_in_GCF_000008485__depth10[2m)[m   [2m [[0;32m100%[0;2m][m 3 of 3[32m ✔[m[K
[2m[[0;34m7d/fa863a[0;2m] [0;2m[mCMSEARCH[33;2m ([0;33mcontigs_drinking_water_microbiome_spike_in_GCF_000008485__depth10_RF00177[2m)[m    [2m [[0;34m 83%[0;2m][m 5 of 6[K
[2m[[0;34m75/d5c85b[0;2m] [0;2m[mGET_CMSTATS[33;2m ([0;33mcontigs_drinking_water_microbiome_spike_in_GCF_000008485__depth10_RF00177[2m)[m [2m [[0;32m100%[0;2m][m 5 of 5[K
[2m[[0;34m87/130f0f[0;2m] [0;2m[mEXT…EQUENCES[33;2m ([0;33mcontigs_drinking_water_microbiome_spike_in_GCF_000008485__depth10_RF00177[2m)[m[2m [[0;32m100%[0;2m][m 5 of 5[K
[2m[[0;34mfa/36dc66[0;2m] [0;2m[mBLA…ANNOTATE[33;2m ([0;33mcontigs_drinking_water_microbiome_spike_in_GCF_000008485__depth10_RF00177[2m)[m[2m [[0;34m 80%[0;2m][m 4 of 5[K
[2m[[0;34m-        [0;2m] [0;2m[mMERGE_BLAST_RESULTS                                                                      -[K
[2m[[0;34m-        [0;2m] [0;2m[mPROCESS_RESULTS                                                                          -[K
[2m[[0;34m-        [0;2m] [0;2m[mBUILD_SUMMARY                                                                            -[K
[10A
[2mexecutor >  local (24)[m[K
[2m[[0;34m86/a6eb38[0;2m] [0;2m[mCHECK_FNA_HEADERS[33;2m ([0;33mcontigs_drinking_water_microbiome_spike_in_GCF_000008485__depth10[2m)[m   [2m [[0;32m100%[0;2m][m 3 of 3[32m ✔[m[K
[2m[[0;34m7d/fa863a[0;2m] [0;2m[mCMSEARCH[33;2m ([0;33mcontigs_drinking_water_microbiome_spike_in_GCF_000008485__depth10_RF00177[2m)[m    [2m [[0;34m 83%[0;2m][m 5 of 6[K
[2m[[0;34m75/d5c85b[0;2m] [0;2m[mGET_CMSTATS[33;2m ([0;33mcontigs_drinking_water_microbiome_spike_in_GCF_000008485__depth10_RF00177[2m)[m [2m [[0;32m100%[0;2m][m 5 of 5[K
[2m[[0;34m87/130f0f[0;2m] [0;2m[mEXT…EQUENCES[33;2m ([0;33mcontigs_drinking_water_microbiome_spike_in_GCF_000008485__depth10_RF00177[2m)[m[2m [[0;32m100%[0;2m][m 5 of 5[K
[2m[[0;34mfa/36dc66[0;2m] [0;2m[mBLA…ANNOTATE[33;2m ([0;33mcontigs_drinking_water_microbiome_spike_in_GCF_000008485__depth10_RF00177[2m)[m[2m [[0;34m 80%[0;2m][m 4 of 5[K
[2m[[0;34m-        [0;2m] [0;2m[mMERGE_BLAST_RESULTS                                                                      -[K
[2m[[0;34m-        [0;2m] [0;2m[mPROCESS_RESULTS                                                                          -[K
[2m[[0;34m-        [0;2m] [0;2m[mBUILD_SUMMARY                                                                            -[K
[10A
[2mexecutor >  local (24)[m[K
[2m[[0;34m86/a6eb38[0;2m] [0;2m[mCHECK_FNA_HEADERS[33;2m ([0;33mcontigs_drinking_water_microbiome_spike_in_GCF_000008485__depth10[2m)[m   [2m [[0;32m100%[0;2m][m 3 of 3[32m ✔[m[K
[2m[[0;34m7d/fa863a[0;2m] [0;2m[mCMSEARCH[33;2m ([0;33mcontigs_drinking_water_microbiome_spike_in_GCF_000008485__depth10_RF00177[2m)[m    [2m [[0;34m 83%[0;2m][m 5 of 6[K
[2m[[0;34m75/d5c85b[0;2m] [0;2m[mGET_CMSTATS[33;2m ([0;33mcontigs_drinking_water_microbiome_spike_in_GCF_000008485__depth10_RF00177[2m)[m [2m [[0;32m100%[0;2m][m 5 of 5[K
[2m[[0;34m87/130f0f[0;2m] [0;2m[mEXT…EQUENCES[33;2m ([0;33mcontigs_drinking_water_microbiome_spike_in_GCF_000008485__depth10_RF00177[2m)[m[2m [[0;32m100%[0;2m][m 5 of 5[K
[2m[[0;34mfa/36dc66[0;2m] [0;2m[mBLA…ANNOTATE[33;2m ([0;33mcontigs_drinking_water_microbiome_spike_in_GCF_000008485__depth10_RF00177[2m)[m[2m [[0;32m100%[0;2m][m 5 of 5[K
[2m[[0;34m-        [0;2m] [0;2m[mMERGE_BLAST_RESULTS                                                                      -[K
[2m[[0;34m-        [0;2m] [0;2m[mPROCESS_RESULTS                                                                          -[K
[2m[[0;34m-        [0;2m] [0;2m[mBUILD_SUMMARY                                                                            -[K
[10A
[2mexecutor >  local (24)[m[K
[2m[[0;34m86/a6eb38[0;2m] [0;2m[mCHECK_FNA_HEADERS[33;2m ([0;33mcontigs_drinking_water_microbiome_spike_in_GCF_000008485__depth10[2m)[m   [2m [[0;32m100%[0;2m][m 3 of 3[32m ✔[m[K
[2m[[0;34m65/54a60e[0;2m] [0;2m[mCMSEARCH[33;2m ([0;33mcontigs_drinking_water_microbiome_spike_in_GCF_000008485__depth10_RF01960[2m)[m    [2m [[0;32m100%[0;2m][m 6 of 6[32m ✔[m[K
[2m[[0;34m75/d5c85b[0;2m] [0;2m[mGET_CMSTATS[33;2m ([0;33mcontigs_drinking_water_microbiome_spike_in_GCF_000008485__depth10_RF00177[2m)[m [2m [[0;34m 83%[0;2m][m 5 of 6[K
[2m[[0;34m87/130f0f[0;2m] [0;2m[mEXT…EQUENCES[33;2m ([0;33mcontigs_drinking_water_microbiome_spike_in_GCF_000008485__depth10_RF00177[2m)[m[2m [[0;32m100%[0;2m][m 5 of 5[K
[2m[[0;34mfa/36dc66[0;2m] [0;2m[mBLA…ANNOTATE[33;2m ([0;33mcontigs_drinking_water_microbiome_spike_in_GCF_000008485__depth10_RF00177[2m)[m[2m [[0;32m100%[0;2m][m 5 of 5[K
[2m[[0;34m-        [0;2m] [0;2m[mMERGE_BLAST_RESULTS                                                                      -[K
[2m[[0;34m-        [0;2m] [0;2m[mPROCESS_RESULTS                                                                          -[K
[2m[[0;34m-        [0;2m] [0;2m[mBUILD_SUMMARY                                                                            -[K
[10A
[2mexecutor >  local (25)[m[K
[2m[[0;34m86/a6eb38[0;2m] [0;2m[mCHECK_FNA_HEADERS[33;2m ([0;33mcontigs_drinking_water_microbiome_spike_in_GCF_000008485__depth10[2m)[m   [2m [[0;32m100%[0;2m][m 3 of 3[32m ✔[m[K
[2m[[0;34m65/54a60e[0;2m] [0;2m[mCMSEARCH[33;2m ([0;33mcontigs_drinking_water_microbiome_spike_in_GCF_000008485__depth10_RF01960[2m)[m    [2m [[0;32m100%[0;2m][m 6 of 6[32m ✔[m[K
[2m[[0;34ma3/14895c[0;2m] [0;2m[mGET_CMSTATS[33;2m ([0;33mcontigs_drinking_water_microbiome_spike_in_GCF_000008485__depth10_RF01960[2m)[m [2m [[0;34m 83%[0;2m][m 5 of 6[K
[2m[[0;34m87/130f0f[0;2m] [0;2m[mEXT…EQUENCES[33;2m ([0;33mcontigs_drinking_water_microbiome_spike_in_GCF_000008485__depth10_RF00177[2m)[m[2m [[0;32m100%[0;2m][m 5 of 5[K
[2m[[0;34mfa/36dc66[0;2m] [0;2m[mBLA…ANNOTATE[33;2m ([0;33mcontigs_drinking_water_microbiome_spike_in_GCF_000008485__depth10_RF00177[2m)[m[2m [[0;32m100%[0;2m][m 5 of 5[K
[2m[[0;34m-        [0;2m] [0;2m[mMERGE_BLAST_RESULTS                                                                      -[K
[2m[[0;34m-        [0;2m] [0;2m[mPROCESS_RESULTS                                                                          -[K
[2m[[0;34m-        [0;2m] [0;2m[mBUILD_SUMMARY                                                                            -[K
[10A
[2mexecutor >  local (25)[m[K
[2m[[0;34m86/a6eb38[0;2m] [0;2m[mCHECK_FNA_HEADERS[33;2m ([0;33mcontigs_drinking_water_microbiome_spike_in_GCF_000008485__depth10[2m)[m   [2m [[0;32m100%[0;2m][m 3 of 3[32m ✔[m[K
[2m[[0;34m65/54a60e[0;2m] [0;2m[mCMSEARCH[33;2m ([0;33mcontigs_drinking_water_microbiome_spike_in_GCF_000008485__depth10_RF01960[2m)[m    [2m [[0;32m100%[0;2m][m 6 of 6[32m ✔[m[K
[2m[[0;34ma3/14895c[0;2m] [0;2m[mGET_CMSTATS[33;2m ([0;33mcontigs_drinking_water_microbiome_spike_in_GCF_000008485__depth10_RF01960[2m)[m [2m [[0;32m100%[0;2m][m 6 of 6[32m ✔[m[K
[2m[[0;34m87/130f0f[0;2m] [0;2m[mEXT…EQUENCES[33;2m ([0;33mcontigs_drinking_water_microbiome_spike_in_GCF_000008485__depth10_RF00177[2m)[m[2m [[0;32m100%[0;2m][m 5 of 5[K
[2m[[0;34mfa/36dc66[0;2m] [0;2m[mBLA…ANNOTATE[33;2m ([0;33mcontigs_drinking_water_microbiome_spike_in_GCF_000008485__depth10_RF00177[2m)[m[2m [[0;32m100%[0;2m][m 5 of 5[K
[2m[[0;34m-        [0;2m] [0;2m[mMERGE_BLAST_RESULTS                                                                      -[K
[2m[[0;34m-        [0;2m] [0;2m[mPROCESS_RESULTS                                                                          -[K
[2m[[0;34m-        [0;2m] [0;2m[mBUILD_SUMMARY                                                                            -[K
[10A
[2mexecutor >  local (26)[m[K
[2m[[0;34m86/a6eb38[0;2m] [0;2m[mCHECK_FNA_HEADERS[33;2m ([0;33mcontigs_drinking_water_microbiome_spike_in_GCF_000008485__depth10[2m)[m   [2m [[0;32m100%[0;2m][m 3 of 3[32m ✔[m[K
[2m[[0;34m65/54a60e[0;2m] [0;2m[mCMSEARCH[33;2m ([0;33mcontigs_drinking_water_microbiome_spike_in_GCF_000008485__depth10_RF01960[2m)[m    [2m [[0;32m100%[0;2m][m 6 of 6[32m ✔[m[K
[2m[[0;34ma3/14895c[0;2m] [0;2m[mGET_CMSTATS[33;2m ([0;33mcontigs_drinking_water_microbiome_spike_in_GCF_000008485__depth10_RF01960[2m)[m [2m [[0;32m100%[0;2m][m 6 of 6[32m ✔[m[K
[2m[[0;34ma1/3826da[0;2m] [0;2m[mEXT…EQUENCES[33;2m ([0;33mcontigs_drinking_water_microbiome_spike_in_GCF_000008485__depth10_RF01960[2m)[m[2m [[0;34m 83%[0;2m][m 5 of 6[K
[2m[[0;34mfa/36dc66[0;2m] [0;2m[mBLA…ANNOTATE[33;2m ([0;33mcontigs_drinking_water_microbiome_spike_in_GCF_000008485__depth10_RF00177[2m)[m[2m [[0;32m100%[0;2m][m 5 of 5[K
[2m[[0;34m-        [0;2m] [0;2m[mMERGE_BLAST_RESULTS                                                                      -[K
[2m[[0;34m-        [0;2m] [0;2m[mPROCESS_RESULTS                                                                          -[K
[2m[[0;34m-        [0;2m] [0;2m[mBUILD_SUMMARY                                                                            -[K
[10A
[2mexecutor >  local (27)[m[K
[2m[[0;34m86/a6eb38[0;2m] [0;2m[mCHECK_FNA_HEADERS[33;2m ([0;33mcontigs_drinking_water_microbiome_spike_in_GCF_000008485__depth10[2m)[m   [2m [[0;32m100%[0;2m][m 3 of 3[32m ✔[m[K
[2m[[0;34m65/54a60e[0;2m] [0;2m[mCMSEARCH[33;2m ([0;33mcontigs_drinking_water_microbiome_spike_in_GCF_000008485__depth10_RF01960[2m)[m    [2m [[0;32m100%[0;2m][m 6 of 6[32m ✔[m[K
[2m[[0;34ma3/14895c[0;2m] [0;2m[mGET_CMSTATS[33;2m ([0;33mcontigs_drinking_water_microbiome_spike_in_GCF_000008485__depth10_RF01960[2m)[m [2m [[0;32m100%[0;2m][m 6 of 6[32m ✔[m[K
[2m[[0;34ma1/3826da[0;2m] [0;2m[mEXT…EQUENCES[33;2m ([0;33mcontigs_drinking_water_microbiome_spike_in_GCF_000008485__depth10_RF01960[2m)[m[2m [[0;32m100%[0;2m][m 6 of 6[32m ✔[m[K
[2m[[0;34m35/52d0a6[0;2m] [0;2m[mBLA…ANNOTATE[33;2m ([0;33mcontigs_drinking_water_microbiome_spike_in_GCF_000008485__depth10_RF01960[2m)[m[2m [[0;34m 83%[0;2m][m 5 of 6[K
[2m[[0;34m-        [0;2m] [0;2m[mMERGE_BLAST_RESULTS                                                                      -[K
[2m[[0;34m-        [0;2m] [0;2m[mPROCESS_RESULTS                                                                          -[K
[2m[[0;34m-        [0;2m] [0;2m[mBUILD_SUMMARY                                                                            -[K
[10A
[2mexecutor >  local (27)[m[K
[2m[[0;34m86/a6eb38[0;2m] [0;2m[mCHECK_FNA_HEADERS[33;2m ([0;33mcontigs_drinking_water_microbiome_spike_in_GCF_000008485__depth10[2m)[m   [2m [[0;32m100%[0;2m][m 3 of 3[32m ✔[m[K
[2m[[0;34m65/54a60e[0;2m] [0;2m[mCMSEARCH[33;2m ([0;33mcontigs_drinking_water_microbiome_spike_in_GCF_000008485__depth10_RF01960[2m)[m    [2m [[0;32m100%[0;2m][m 6 of 6[32m ✔[m[K
[2m[[0;34ma3/14895c[0;2m] [0;2m[mGET_CMSTATS[33;2m ([0;33mcontigs_drinking_water_microbiome_spike_in_GCF_000008485__depth10_RF01960[2m)[m [2m [[0;32m100%[0;2m][m 6 of 6[32m ✔[m[K
[2m[[0;34ma1/3826da[0;2m] [0;2m[mEXT…EQUENCES[33;2m ([0;33mcontigs_drinking_water_microbiome_spike_in_GCF_000008485__depth10_RF01960[2m)[m[2m [[0;32m100%[0;2m][m 6 of 6[32m ✔[m[K
[2m[[0;34m35/52d0a6[0;2m] [0;2m[mBLA…ANNOTATE[33;2m ([0;33mcontigs_drinking_water_microbiome_spike_in_GCF_000008485__depth10_RF01960[2m)[m[2m [[0;34m 83%[0;2m][m 5 of 6[K
[2m[[0;34m-        [0;2m] [0;2m[mMERGE_BLAST_RESULTS                                                                      -[K
[2m[[0;34m-        [0;2m] [0;2m[mPROCESS_RESULTS                                                                          -[K
[2m[[0;34m-        [0;2m] [0;2m[mBUILD_SUMMARY                                                                            -[K
[10A
[2mexecutor >  local (28)[m[K
[2m[[0;34m86/a6eb38[0;2m] [0;2m[mCHECK_FNA_HEADERS[33;2m ([0;33mcontigs_drinking_water_microbiome_spike_in_GCF_000008485__depth10[2m)[m   [2m [[0;32m100%[0;2m][m 3 of 3[32m ✔[m[K
[2m[[0;34m65/54a60e[0;2m] [0;2m[mCMSEARCH[33;2m ([0;33mcontigs_drinking_water_microbiome_spike_in_GCF_000008485__depth10_RF01960[2m)[m    [2m [[0;32m100%[0;2m][m 6 of 6[32m ✔[m[K
[2m[[0;34ma3/14895c[0;2m] [0;2m[mGET_CMSTATS[33;2m ([0;33mcontigs_drinking_water_microbiome_spike_in_GCF_000008485__depth10_RF01960[2m)[m [2m [[0;32m100%[0;2m][m 6 of 6[32m ✔[m[K
[2m[[0;34ma1/3826da[0;2m] [0;2m[mEXT…EQUENCES[33;2m ([0;33mcontigs_drinking_water_microbiome_spike_in_GCF_000008485__depth10_RF01960[2m)[m[2m [[0;32m100%[0;2m][m 6 of 6[32m ✔[m[K
[2m[[0;34m35/52d0a6[0;2m] [0;2m[mBLA…ANNOTATE[33;2m ([0;33mcontigs_drinking_water_microbiome_spike_in_GCF_000008485__depth10_RF01960[2m)[m[2m [[0;32m100%[0;2m][m 6 of 6[32m ✔[m[K
[2m[[0;34m75/296fdf[0;2m] [0;2m[mMERGE_BLAST_RESULTS                                                                     [2m [[0;34m  0%[0;2m][m 0 of 1[K
[2m[[0;34m-        [0;2m] [0;2m[mPROCESS_RESULTS                                                                          -[K
[2m[[0;34m-        [0;2m] [0;2m[mBUILD_SUMMARY                                                                            -[K
[10A
[2mexecutor >  local (29)[m[K
[2m[[0;34m86/a6eb38[0;2m] [0;2m[mCHECK_FNA_HEADERS[33;2m ([0;33mcontigs_drinking_water_microbiome_spike_in_GCF_000008485__depth10[2m)[m   [2m [[0;32m100%[0;2m][m 3 of 3[32m ✔[m[K
[2m[[0;34m65/54a60e[0;2m] [0;2m[mCMSEARCH[33;2m ([0;33mcontigs_drinking_water_microbiome_spike_in_GCF_000008485__depth10_RF01960[2m)[m    [2m [[0;32m100%[0;2m][m 6 of 6[32m ✔[m[K
[2m[[0;34ma3/14895c[0;2m] [0;2m[mGET_CMSTATS[33;2m ([0;33mcontigs_drinking_water_microbiome_spike_in_GCF_000008485__depth10_RF01960[2m)[m [2m [[0;32m100%[0;2m][m 6 of 6[32m ✔[m[K
[2m[[0;34ma1/3826da[0;2m] [0;2m[mEXT…EQUENCES[33;2m ([0;33mcontigs_drinking_water_microbiome_spike_in_GCF_000008485__depth10_RF01960[2m)[m[2m [[0;32m100%[0;2m][m 6 of 6[32m ✔[m[K
[2m[[0;34m35/52d0a6[0;2m] [0;2m[mBLA…ANNOTATE[33;2m ([0;33mcontigs_drinking_water_microbiome_spike_in_GCF_000008485__depth10_RF01960[2m)[m[2m [[0;32m100%[0;2m][m 6 of 6[32m ✔[m[K
[2m[[0;34m75/296fdf[0;2m] [0;2m[mMERGE_BLAST_RESULTS                                                                     [2m [[0;32m100%[0;2m][m 1 of 1[32m ✔[m[K
[2m[[0;34m3b/d71834[0;2m] [0;2m[mPROCESS_RESULTS                                                                         [2m [[0;34m  0%[0;2m][m 0 of 1[K
[2m[[0;34m-        [0;2m] [0;2m[mBUILD_SUMMARY                                                                            -[K
[10A
[2mexecutor >  local (29)[m[K
[2m[[0;34m86/a6eb38[0;2m] [0;2m[mCHECK_FNA_HEADERS[33;2m ([0;33mcontigs_drinking_water_microbiome_spike_in_GCF_000008485__depth10[2m)[m   [2m [[0;32m100%[0;2m][m 3 of 3[32m ✔[m[K
[2m[[0;34m65/54a60e[0;2m] [0;2m[mCMSEARCH[33;2m ([0;33mcontigs_drinking_water_microbiome_spike_in_GCF_000008485__depth10_RF01960[2m)[m    [2m [[0;32m100%[0;2m][m 6 of 6[32m ✔[m[K
[2m[[0;34ma3/14895c[0;2m] [0;2m[mGET_CMSTATS[33;2m ([0;33mcontigs_drinking_water_microbiome_spike_in_GCF_000008485__depth10_RF01960[2m)[m [2m [[0;32m100%[0;2m][m 6 of 6[32m ✔[m[K
[2m[[0;34ma1/3826da[0;2m] [0;2m[mEXT…EQUENCES[33;2m ([0;33mcontigs_drinking_water_microbiome_spike_in_GCF_000008485__depth10_RF01960[2m)[m[2m [[0;32m100%[0;2m][m 6 of 6[32m ✔[m[K
[2m[[0;34m35/52d0a6[0;2m] [0;2m[mBLA…ANNOTATE[33;2m ([0;33mcontigs_drinking_water_microbiome_spike_in_GCF_000008485__depth10_RF01960[2m)[m[2m [[0;32m100%[0;2m][m 6 of 6[32m ✔[m[K
[2m[[0;34m75/296fdf[0;2m] [0;2m[mMERGE_BLAST_RESULTS                                                                     [2m [[0;32m100%[0;2m][m 1 of 1[32m ✔[m[K
[2m[[0;34m3b/d71834[0;2m] [0;2m[mPROCESS_RESULTS                                                                         [2m [[0;34m  0%[0;2m][m 0 of 1[K
[2m[[0;34m-        [0;2m] [0;2m[mBUILD_SUMMARY                                                                            -[K
[10A
[2mexecutor >  local (29)[m[K
[2m[[0;34m86/a6eb38[0;2m] [0;2m[mCHECK_FNA_HEADERS[33;2m ([0;33mcontigs_drinking_water_microbiome_spike_in_GCF_000008485__depth10[2m)[m   [2m [[0;32m100%[0;2m][m 3 of 3[32m ✔[m[K
[2m[[0;34m65/54a60e[0;2m] [0;2m[mCMSEARCH[33;2m ([0;33mcontigs_drinking_water_microbiome_spike_in_GCF_000008485__depth10_RF01960[2m)[m    [2m [[0;32m100%[0;2m][m 6 of 6[32m ✔[m[K
[2m[[0;34ma3/14895c[0;2m] [0;2m[mGET_CMSTATS[33;2m ([0;33mcontigs_drinking_water_microbiome_spike_in_GCF_000008485__depth10_RF01960[2m)[m [2m [[0;32m100%[0;2m][m 6 of 6[32m ✔[m[K
[2m[[0;34ma1/3826da[0;2m] [0;2m[mEXT…EQUENCES[33;2m ([0;33mcontigs_drinking_water_microbiome_spike_in_GCF_000008485__depth10_RF01960[2m)[m[2m [[0;32m100%[0;2m][m 6 of 6[32m ✔[m[K
[2m[[0;34m35/52d0a6[0;2m] [0;2m[mBLA…ANNOTATE[33;2m ([0;33mcontigs_drinking_water_microbiome_spike_in_GCF_000008485__depth10_RF01960[2m)[m[2m [[0;32m100%[0;2m][m 6 of 6[32m ✔[m[K
[2m[[0;34m75/296fdf[0;2m] [0;2m[mMERGE_BLAST_RESULTS                                                                     [2m [[0;32m100%[0;2m][m 1 of 1[32m ✔[m[K
[2m[[0;34m3b/d71834[0;2m] [0;2m[mPROCESS_RESULTS                                                                         [2m [[0;32m100%[0;2m][m 1 of 1[32m ✔[m[K
[2m[[0;34m-        [0;2m] [0;2m[mBUILD_SUMMARY                                                                           [2m [[0;34m  0%[0;2m][m 0 of 1[K
[10A
[2mexecutor >  local (30)[m[K
[2m[[0;34m86/a6eb38[0;2m] [0;2m[mCHECK_FNA_HEADERS[33;2m ([0;33mcontigs_drinking_water_microbiome_spike_in_GCF_000008485__depth10[2m)[m   [2m [[0;32m100%[0;2m][m 3 of 3[32m ✔[m[K
[2m[[0;34m65/54a60e[0;2m] [0;2m[mCMSEARCH[33;2m ([0;33mcontigs_drinking_water_microbiome_spike_in_GCF_000008485__depth10_RF01960[2m)[m    [2m [[0;32m100%[0;2m][m 6 of 6[32m ✔[m[K
[2m[[0;34ma3/14895c[0;2m] [0;2m[mGET_CMSTATS[33;2m ([0;33mcontigs_drinking_water_microbiome_spike_in_GCF_000008485__depth10_RF01960[2m)[m [2m [[0;32m100%[0;2m][m 6 of 6[32m ✔[m[K
[2m[[0;34ma1/3826da[0;2m] [0;2m[mEXT…EQUENCES[33;2m ([0;33mcontigs_drinking_water_microbiome_spike_in_GCF_000008485__depth10_RF01960[2m)[m[2m [[0;32m100%[0;2m][m 6 of 6[32m ✔[m[K
[2m[[0;34m35/52d0a6[0;2m] [0;2m[mBLA…ANNOTATE[33;2m ([0;33mcontigs_drinking_water_microbiome_spike_in_GCF_000008485__depth10_RF01960[2m)[m[2m [[0;32m100%[0;2m][m 6 of 6[32m ✔[m[K
[2m[[0;34m75/296fdf[0;2m] [0;2m[mMERGE_BLAST_RESULTS                                                                     [2m [[0;32m100%[0;2m][m 1 of 1[32m ✔[m[K
[2m[[0;34m3b/d71834[0;2m] [0;2m[mPROCESS_RESULTS                                                                         [2m [[0;32m100%[0;2m][m 1 of 1[32m ✔[m[K
[2m[[0;34m82/6b6959[0;2m] [0;2m[mBUILD_SUMMARY                                                                           [2m [[0;34m  0%[0;2m][m 0 of 1[K
[10A
[2mexecutor >  local (30)[m[K
[2m[[0;34m86/a6eb38[0;2m] [0;2m[mCHECK_FNA_HEADERS[33;2m ([0;33mcontigs_drinking_water_microbiome_spike_in_GCF_000008485__depth10[2m)[m   [2m [[0;32m100%[0;2m][m 3 of 3[32m ✔[m[K
[2m[[0;34m65/54a60e[0;2m] [0;2m[mCMSEARCH[33;2m ([0;33mcontigs_drinking_water_microbiome_spike_in_GCF_000008485__depth10_RF01960[2m)[m    [2m [[0;32m100%[0;2m][m 6 of 6[32m ✔[m[K
[2m[[0;34ma3/14895c[0;2m] [0;2m[mGET_CMSTATS[33;2m ([0;33mcontigs_drinking_water_microbiome_spike_in_GCF_000008485__depth10_RF01960[2m)[m [2m [[0;32m100%[0;2m][m 6 of 6[32m ✔[m[K
[2m[[0;34ma1/3826da[0;2m] [0;2m[mEXT…EQUENCES[33;2m ([0;33mcontigs_drinking_water_microbiome_spike_in_GCF_000008485__depth10_RF01960[2m)[m[2m [[0;32m100%[0;2m][m 6 of 6[32m ✔[m[K
[2m[[0;34m35/52d0a6[0;2m] [0;2m[mBLA…ANNOTATE[33;2m ([0;33mcontigs_drinking_water_microbiome_spike_in_GCF_000008485__depth10_RF01960[2m)[m[2m [[0;32m100%[0;2m][m 6 of 6[32m ✔[m[K
[2m[[0;34m75/296fdf[0;2m] [0;2m[mMERGE_BLAST_RESULTS                                                                     [2m [[0;32m100%[0;2m][m 1 of 1[32m ✔[m[K
[2m[[0;34m3b/d71834[0;2m] [0;2m[mPROCESS_RESULTS                                                                         [2m [[0;32m100%[0;2m][m 1 of 1[32m ✔[m[K
[2m[[0;34m82/6b6959[0;2m] [0;2m[mBUILD_SUMMARY                                                                           [2m [[0;32m100%[0;2m][m 1 of 1[32m ✔[m[K
Pipeline completed at: 2025-07-25T15:11:35.722716413-07:00[K
Execution status: OK[K
Results directory: results/dataset[K
[13A
[2mexecutor >  local (30)[m[K
[2m[[0;34m86/a6eb38[0;2m] [0;2m[mCHECK_FNA_HEADERS[33;2m ([0;33mcontigs_drinking_water_microbiome_spike_in_GCF_000008485__depth10[2m)[m   [2m [[0;32m100%[0;2m][m 3 of 3[32m ✔[m[K
[2m[[0;34m65/54a60e[0;2m] [0;2m[mCMSEARCH[33;2m ([0;33mcontigs_drinking_water_microbiome_spike_in_GCF_000008485__depth10_RF01960[2m)[m    [2m [[0;32m100%[0;2m][m 6 of 6[32m ✔[m[K
[2m[[0;34ma3/14895c[0;2m] [0;2m[mGET_CMSTATS[33;2m ([0;33mcontigs_drinking_water_microbiome_spike_in_GCF_000008485__depth10_RF01960[2m)[m [2m [[0;32m100%[0;2m][m 6 of 6[32m ✔[m[K
[2m[[0;34ma1/3826da[0;2m] [0;2m[mEXT…EQUENCES[33;2m ([0;33mcontigs_drinking_water_microbiome_spike_in_GCF_000008485__depth10_RF01960[2m)[m[2m [[0;32m100%[0;2m][m 6 of 6[32m ✔[m[K
[2m[[0;34m35/52d0a6[0;2m] [0;2m[mBLA…ANNOTATE[33;2m ([0;33mcontigs_drinking_water_microbiome_spike_in_GCF_000008485__depth10_RF01960[2m)[m[2m [[0;32m100%[0;2m][m 6 of 6[32m ✔[m[K
[2m[[0;34m75/296fdf[0;2m] [0;2m[mMERGE_BLAST_RESULTS                                                                     [2m [[0;32m100%[0;2m][m 1 of 1[32m ✔[m[K
[2m[[0;34m3b/d71834[0;2m] [0;2m[mPROCESS_RESULTS                                                                         [2m [[0;32m100%[0;2m][m 1 of 1[32m ✔[m[K
[2m[[0;34m82/6b6959[0;2m] [0;2m[mBUILD_SUMMARY                                                                           [2m [[0;32m100%[0;2m][m 1 of 1[32m ✔[m[K
Pipeline completed at: 2025-07-25T15:11:35.722716413-07:00[K
Execution status: OK[K
Results directory: results/dataset[K
[32;1mCompleted at: 25-Jul-2025 15:11:36
Duration    : 2m 1s
CPU hours   : 0.7
Succeeded   : 30
[22;39m[K

