
 N E X T F L O W   ~  version 25.04.6

Launching `main.nf` [tiny_mayer] DSL2 - revision: 2d60c0741a

[-        ] CHECK_FNA_HEADERS   -
[-        ] CMSEARCH            -
[-        ] GET_CMSTATS         -
[-        ] EXTRACT_SEQUENCES   -
[-        ] BLAST_ANNOTATE      -
[-        ] MERGE_BLAST_RESULTS -
[-        ] PROCESS_RESULTS     -
[-        ] BUILD_SUMMARY       -

executor >  local (1)
[76/58c77b] CHECK_FNA_HEADERS (combined_dataset) | 0 of 1
[-        ] CMSEARCH                             -
[-        ] GET_CMSTATS                          -
[-        ] EXTRACT_SEQUENCES                    -
[-        ] BLAST_ANNOTATE                       -
[-        ] MERGE_BLAST_RESULTS                  -
[-        ] PROCESS_RESULTS                      -
[-        ] BUILD_SUMMARY                        -

executor >  local (1)
[76/58c77b] CHECK_FNA_HEADERS (combined_dataset) | 1 of 1 ✔
[-        ] CMSEARCH                             | 0 of 2
[-        ] GET_CMSTATS                          -
[-        ] EXTRACT_SEQUENCES                    -
[-        ] BLAST_ANNOTATE                       -
[-        ] MERGE_BLAST_RESULTS                  -
[-        ] PROCESS_RESULTS                      -
[-        ] BUILD_SUMMARY                        -

executor >  local (3)
[76/58c77b] CHECK_FNA_HEADERS (combined_dataset) | 1 of 1 ✔
[5e/143c0d] CMSEARCH (combined_dataset_RF01960)  | 0 of 2
[-        ] GET_CMSTATS                          -
[-        ] EXTRACT_SEQUENCES                    -
[-        ] BLAST_ANNOTATE                       -
[-        ] MERGE_BLAST_RESULTS                  -
[-        ] PROCESS_RESULTS                      -
[-        ] BUILD_SUMMARY                        -

executor >  local (3)
[76/58c77b] CHECK_FNA_HEADERS (combined_dataset) | 1 of 1 ✔
[5e/143c0d] CMSEARCH (combined_dataset_RF01960)  | 0 of 2
[-        ] GET_CMSTATS                          -
[-        ] EXTRACT_SEQUENCES                    -
[-        ] BLAST_ANNOTATE                       -
[-        ] MERGE_BLAST_RESULTS                  -
[-        ] PROCESS_RESULTS                      -
[-        ] BUILD_SUMMARY                        -

executor >  local (4)
[76/58c77b] CHECK_FNA_HEADERS (combined_dataset)   | 1 of 1 ✔
[db/0654f5] CMSEARCH (combined_dataset_RF00177)    | 1 of 2
[ff/3637e8] GET_CMSTATS (combined_dataset_RF00177) | 0 of 1
[-        ] EXTRACT_SEQUENCES                      -
[-        ] BLAST_ANNOTATE                         -
[-        ] MERGE_BLAST_RESULTS                    -
[-        ] PROCESS_RESULTS                        -
[-        ] BUILD_SUMMARY                          -

executor >  local (4)
[76/58c77b] CHECK_FNA_HEADERS (combined_dataset)   | 1 of 1 ✔
[db/0654f5] CMSEARCH (combined_dataset_RF00177)    | 1 of 2
[ff/3637e8] GET_CMSTATS (combined_dataset_RF00177) | 0 of 1
[-        ] EXTRACT_SEQUENCES                      -
[-        ] BLAST_ANNOTATE                         -
[-        ] MERGE_BLAST_RESULTS                    -
[-        ] PROCESS_RESULTS                        -
[-        ] BUILD_SUMMARY                          -

executor >  local (5)
[76/58c77b] CHECK_FNA_HEADERS (combined_dataset)         | 1 of 1 ✔
[db/0654f5] CMSEARCH (combined_dataset_RF00177)          | 1 of 2
[ff/3637e8] GET_CMSTATS (combined_dataset_RF00177)       | 1 of 1
[0a/48cc75] EXTRACT_SEQUENCES (combined_dataset_RF00177) | 0 of 1
[-        ] BLAST_ANNOTATE                               -
[-        ] MERGE_BLAST_RESULTS                          -
[-        ] PROCESS_RESULTS                              -
[-        ] BUILD_SUMMARY                                -

executor >  local (5)
[76/58c77b] CHECK_FNA_HEADERS (combined_dataset)         | 1 of 1 ✔
[db/0654f5] CMSEARCH (combined_dataset_RF00177)          | 1 of 2
[ff/3637e8] GET_CMSTATS (combined_dataset_RF00177)       | 1 of 1
[0a/48cc75] EXTRACT_SEQUENCES (combined_dataset_RF00177) | 1 of 1
[-        ] BLAST_ANNOTATE                               | 0 of 1
[-        ] MERGE_BLAST_RESULTS                          -
[-        ] PROCESS_RESULTS                              -
[-        ] BUILD_SUMMARY                                -

executor >  local (6)
[76/58c77b] CHECK_FNA_HEADERS (combined_dataset)         | 1 of 1 ✔
[db/0654f5] CMSEARCH (combined_dataset_RF00177)          | 1 of 2
[ff/3637e8] GET_CMSTATS (combined_dataset_RF00177)       | 1 of 1
[0a/48cc75] EXTRACT_SEQUENCES (combined_dataset_RF00177) | 1 of 1
[fd/65bfa8] BLAST_ANNOTATE (combined_dataset_RF00177)    | 0 of 1
[-        ] MERGE_BLAST_RESULTS                          -
[-        ] PROCESS_RESULTS                              -
[-        ] BUILD_SUMMARY                                -

executor >  local (6)
[76/58c77b] CHECK_FNA_HEADERS (combined_dataset)         | 1 of 1 ✔
[db/0654f5] CMSEARCH (combined_dataset_RF00177)          | 1 of 2
[ff/3637e8] GET_CMSTATS (combined_dataset_RF00177)       | 1 of 1
[0a/48cc75] EXTRACT_SEQUENCES (combined_dataset_RF00177) | 1 of 1
[fd/65bfa8] BLAST_ANNOTATE (combined_dataset_RF00177)    | 1 of 1
[-        ] MERGE_BLAST_RESULTS                          -
[-        ] PROCESS_RESULTS                              -
[-        ] BUILD_SUMMARY                                -

executor >  local (7)
[76/58c77b] CHECK_FNA_HEADERS (combined_dataset)         | 1 of 1 ✔
[5e/143c0d] CMSEARCH (combined_dataset_RF01960)          | 2 of 2 ✔
[fb/0d11fb] GET_CMSTATS (combined_dataset_RF01960)       | 1 of 2
[0a/48cc75] EXTRACT_SEQUENCES (combined_dataset_RF00177) | 1 of 1
[fd/65bfa8] BLAST_ANNOTATE (combined_dataset_RF00177)    | 1 of 1
[-        ] MERGE_BLAST_RESULTS                          -
[-        ] PROCESS_RESULTS                              -
[-        ] BUILD_SUMMARY                                -

executor >  local (7)
[76/58c77b] CHECK_FNA_HEADERS (combined_dataset)         | 1 of 1 ✔
[5e/143c0d] CMSEARCH (combined_dataset_RF01960)          | 2 of 2 ✔
[fb/0d11fb] GET_CMSTATS (combined_dataset_RF01960)       | 1 of 2
[0a/48cc75] EXTRACT_SEQUENCES (combined_dataset_RF00177) | 1 of 1
[fd/65bfa8] BLAST_ANNOTATE (combined_dataset_RF00177)    | 1 of 1
[-        ] MERGE_BLAST_RESULTS                          -
[-        ] PROCESS_RESULTS                              -
[-        ] BUILD_SUMMARY                                -

executor >  local (7)
[76/58c77b] CHECK_FNA_HEADERS (combined_dataset)         | 1 of 1 ✔
[5e/143c0d] CMSEARCH (combined_dataset_RF01960)          | 2 of 2 ✔
[fb/0d11fb] GET_CMSTATS (combined_dataset_RF01960)       | 2 of 2 ✔
[0a/48cc75] EXTRACT_SEQUENCES (combined_dataset_RF00177) | 1 of 2
[fd/65bfa8] BLAST_ANNOTATE (combined_dataset_RF00177)    | 1 of 1
[-        ] MERGE_BLAST_RESULTS                          -
[-        ] PROCESS_RESULTS                              -
[-        ] BUILD_SUMMARY                                -

executor >  local (8)
[76/58c77b] CHECK_FNA_HEADERS (combined_dataset)         | 1 of 1 ✔
[5e/143c0d] CMSEARCH (combined_dataset_RF01960)          | 2 of 2 ✔
[fb/0d11fb] GET_CMSTATS (combined_dataset_RF01960)       | 2 of 2 ✔
[8d/6e3c16] EXTRACT_SEQUENCES (combined_dataset_RF01960) | 1 of 2
[fd/65bfa8] BLAST_ANNOTATE (combined_dataset_RF00177)    | 1 of 1
[-        ] MERGE_BLAST_RESULTS                          -
[-        ] PROCESS_RESULTS                              -
[-        ] BUILD_SUMMARY                                -

executor >  local (8)
[76/58c77b] CHECK_FNA_HEADERS (combined_dataset)         | 1 of 1 ✔
[5e/143c0d] CMSEARCH (combined_dataset_RF01960)          | 2 of 2 ✔
[fb/0d11fb] GET_CMSTATS (combined_dataset_RF01960)       | 2 of 2 ✔
[8d/6e3c16] EXTRACT_SEQUENCES (combined_dataset_RF01960) | 2 of 2 ✔
[fd/65bfa8] BLAST_ANNOTATE (combined_dataset_RF00177)    | 1 of 2
[-        ] MERGE_BLAST_RESULTS                          -
[-        ] PROCESS_RESULTS                              -
[-        ] BUILD_SUMMARY                                -

executor >  local (9)
[76/58c77b] CHECK_FNA_HEADERS (combined_dataset)         | 1 of 1 ✔
[5e/143c0d] CMSEARCH (combined_dataset_RF01960)          | 2 of 2 ✔
[fb/0d11fb] GET_CMSTATS (combined_dataset_RF01960)       | 2 of 2 ✔
[8d/6e3c16] EXTRACT_SEQUENCES (combined_dataset_RF01960) | 2 of 2 ✔
[6c/c95970] BLAST_ANNOTATE (combined_dataset_RF01960)    | 1 of 2
[-        ] MERGE_BLAST_RESULTS                          -
[-        ] PROCESS_RESULTS                              -
[-        ] BUILD_SUMMARY                                -

executor >  local (10)
[76/58c77b] CHECK_FNA_HEADERS (combined_dataset)         | 1 of 1 ✔
[5e/143c0d] CMSEARCH (combined_dataset_RF01960)          | 2 of 2 ✔
[fb/0d11fb] GET_CMSTATS (combined_dataset_RF01960)       | 2 of 2 ✔
[8d/6e3c16] EXTRACT_SEQUENCES (combined_dataset_RF01960) | 2 of 2 ✔
[6c/c95970] BLAST_ANNOTATE (combined_dataset_RF01960)    | 2 of 2 ✔
[31/c191ed] MERGE_BLAST_RESULTS                          | 0 of 1
[-        ] PROCESS_RESULTS                              -
[-        ] BUILD_SUMMARY                                -

executor >  local (11)
[76/58c77b] CHECK_FNA_HEADERS (combined_dataset)         | 1 of 1 ✔
[5e/143c0d] CMSEARCH (combined_dataset_RF01960)          | 2 of 2 ✔
[fb/0d11fb] GET_CMSTATS (combined_dataset_RF01960)       | 2 of 2 ✔
[8d/6e3c16] EXTRACT_SEQUENCES (combined_dataset_RF01960) | 2 of 2 ✔
[6c/c95970] BLAST_ANNOTATE (combined_dataset_RF01960)    | 2 of 2 ✔
[31/c191ed] MERGE_BLAST_RESULTS                          | 1 of 1 ✔
[81/244228] PROCESS_RESULTS                              | 0 of 1
[-        ] BUILD_SUMMARY                                -

executor >  local (12)
[76/58c77b] CHECK_FNA_HEADERS (combined_dataset)         | 1 of 1 ✔
[5e/143c0d] CMSEARCH (combined_dataset_RF01960)          | 2 of 2 ✔
[fb/0d11fb] GET_CMSTATS (combined_dataset_RF01960)       | 2 of 2 ✔
[8d/6e3c16] EXTRACT_SEQUENCES (combined_dataset_RF01960) | 2 of 2 ✔
[6c/c95970] BLAST_ANNOTATE (combined_dataset_RF01960)    | 2 of 2 ✔
[31/c191ed] MERGE_BLAST_RESULTS                          | 1 of 1 ✔
[81/244228] PROCESS_RESULTS                              | 1 of 1 ✔
[-        ] BUILD_SUMMARY                                | 0 of 1

executor >  local (12)
[76/58c77b] CHECK_FNA_HEADERS (combined_dataset)         | 1 of 1 ✔
[5e/143c0d] CMSEARCH (combined_dataset_RF01960)          | 2 of 2 ✔
[fb/0d11fb] GET_CMSTATS (combined_dataset_RF01960)       | 2 of 2 ✔
[8d/6e3c16] EXTRACT_SEQUENCES (combined_dataset_RF01960) | 2 of 2 ✔
[6c/c95970] BLAST_ANNOTATE (combined_dataset_RF01960)    | 2 of 2 ✔
[31/c191ed] MERGE_BLAST_RESULTS                          | 1 of 1 ✔
[81/244228] PROCESS_RESULTS                              | 1 of 1 ✔
[18/1cfa99] BUILD_SUMMARY                                | 0 of 1

executor >  local (12)
[76/58c77b] CHECK_FNA_HEADERS (combined_dataset)         | 1 of 1 ✔
[5e/143c0d] CMSEARCH (combined_dataset_RF01960)          | 2 of 2 ✔
[fb/0d11fb] GET_CMSTATS (combined_dataset_RF01960)       | 2 of 2 ✔
[8d/6e3c16] EXTRACT_SEQUENCES (combined_dataset_RF01960) | 2 of 2 ✔
[6c/c95970] BLAST_ANNOTATE (combined_dataset_RF01960)    | 2 of 2 ✔
[31/c191ed] MERGE_BLAST_RESULTS                          | 1 of 1 ✔
[81/244228] PROCESS_RESULTS                              | 1 of 1 ✔
[18/1cfa99] BUILD_SUMMARY                                | 1 of 1 ✔
Pipeline completed at: 2025-07-28T14:26:15.180424525-07:00
Execution status: OK
Results directory: results/combined

executor >  local (12)
[76/58c77b] CHECK_FNA_HEADERS (combined_dataset)         | 1 of 1 ✔
[5e/143c0d] CMSEARCH (combined_dataset_RF01960)          | 2 of 2 ✔
[fb/0d11fb] GET_CMSTATS (combined_dataset_RF01960)       | 2 of 2 ✔
[8d/6e3c16] EXTRACT_SEQUENCES (combined_dataset_RF01960) | 2 of 2 ✔
[6c/c95970] BLAST_ANNOTATE (combined_dataset_RF01960)    | 2 of 2 ✔
[31/c191ed] MERGE_BLAST_RESULTS                          | 1 of 1 ✔
[81/244228] PROCESS_RESULTS                              | 1 of 1 ✔
[18/1cfa99] BUILD_SUMMARY                                | 1 of 1 ✔
Pipeline completed at: 2025-07-28T14:26:15.180424525-07:00
Execution status: OK
Results directory: results/combined
Completed at: 28-Jul-2025 14:26:15
Duration    : 1m 54s
CPU hours   : 0.7
Succeeded   : 12


