
 N E X T F L O W   ~  version 25.04.6

Launching `main.nf` [cheeky_swirles] DSL2 - revision: 2d60c0741a

[-        ] CHECK_FNA_HEADERS   -
Plus 7 more processes waiting for tasks…

executor >  local (1)
[a7/0de8f8] CHECK_FNA_HEADERS (combined_dataset) | 0 of 1
Plus 7 more processes waiting for tasks…

executor >  local (2)
[a7/0de8f8] CHECK_FNA_HEADERS (combined_dataset) | 1 of 1 ✔
[17/02c1ff] CMSEARCH (combined_dataset_RF00177)  | 0 of 1
Plus 6 more processes waiting for tasks…

executor >  local (3)
[a7/0de8f8] CHECK_FNA_HEADERS (combined_dataset) | 1 of 1 ✔
[d0/137b4e] CMSEARCH (combined_dataset_RF01960)  | 0 of 2
Plus 6 more processes waiting for tasks…

executor >  local (4)
[a7/0de8f8] CHECK_FNA_HEADERS (combined_dataset)   | 1 of 1 ✔
[17/02c1ff] CMSEARCH (combined_dataset_RF00177)    | 1 of 2
[3f/afb6e9] GET_CMSTATS (combined_dataset_RF00177) | 0 of 1
[-        ] EXTRACT_SEQUENCES                      -
[-        ] BLAST_ANNOTATE                         -
[-        ] MERGE_BLAST_RESULTS                    -
[-        ] PROCESS_RESULTS                        -
[-        ] BUILD_SUMMARY                          -

executor >  local (4)
[a7/0de8f8] CHECK_FNA_HEADERS (combined_dataset)   | 1 of 1 ✔
[17/02c1ff] CMSEARCH (combined_dataset_RF00177)    | 1 of 2
[3f/afb6e9] GET_CMSTATS (combined_dataset_RF00177) | 0 of 1
[-        ] EXTRACT_SEQUENCES                      -
[-        ] BLAST_ANNOTATE                         -
[-        ] MERGE_BLAST_RESULTS                    -
[-        ] PROCESS_RESULTS                        -
[-        ] BUILD_SUMMARY                          -

executor >  local (4)
[a7/0de8f8] CHECK_FNA_HEADERS (combined_dataset)   | 1 of 1 ✔
[17/02c1ff] CMSEARCH (combined_dataset_RF00177)    | 1 of 2
[3f/afb6e9] GET_CMSTATS (combined_dataset_RF00177) | 1 of 1
[-        ] EXTRACT_SEQUENCES                      | 0 of 1
[-        ] BLAST_ANNOTATE                         -
[-        ] MERGE_BLAST_RESULTS                    -
[-        ] PROCESS_RESULTS                        -
[-        ] BUILD_SUMMARY                          -

executor >  local (5)
[a7/0de8f8] CHECK_FNA_HEADERS (combined_dataset)         | 1 of 1 ✔
[17/02c1ff] CMSEARCH (combined_dataset_RF00177)          | 1 of 2
[3f/afb6e9] GET_CMSTATS (combined_dataset_RF00177)       | 1 of 1
[f7/0fd598] EXTRACT_SEQUENCES (combined_dataset_RF00177) | 0 of 1
[-        ] BLAST_ANNOTATE                               -
[-        ] MERGE_BLAST_RESULTS                          -
[-        ] PROCESS_RESULTS                              -
[-        ] BUILD_SUMMARY                                -

executor >  local (6)
[a7/0de8f8] CHECK_FNA_HEADERS (combined_dataset)         | 1 of 1 ✔
[17/02c1ff] CMSEARCH (combined_dataset_RF00177)          | 1 of 2
[3f/afb6e9] GET_CMSTATS (combined_dataset_RF00177)       | 1 of 1
[f7/0fd598] EXTRACT_SEQUENCES (combined_dataset_RF00177) | 1 of 1
[69/32d79d] BLAST_ANNOTATE (combined_dataset_RF00177)    | 0 of 1
[-        ] MERGE_BLAST_RESULTS                          -
[-        ] PROCESS_RESULTS                              -
[-        ] BUILD_SUMMARY                                -

executor >  local (6)
[a7/0de8f8] CHECK_FNA_HEADERS (combined_dataset)         | 1 of 1 ✔
[17/02c1ff] CMSEARCH (combined_dataset_RF00177)          | 1 of 2
[3f/afb6e9] GET_CMSTATS (combined_dataset_RF00177)       | 1 of 1
[f7/0fd598] EXTRACT_SEQUENCES (combined_dataset_RF00177) | 1 of 1
[69/32d79d] BLAST_ANNOTATE (combined_dataset_RF00177)    | 0 of 1
[-        ] MERGE_BLAST_RESULTS                          -
[-        ] PROCESS_RESULTS                              -
[-        ] BUILD_SUMMARY                                -

executor >  local (6)
[a7/0de8f8] CHECK_FNA_HEADERS (combined_dataset)         | 1 of 1 ✔
[17/02c1ff] CMSEARCH (combined_dataset_RF00177)          | 1 of 2
[3f/afb6e9] GET_CMSTATS (combined_dataset_RF00177)       | 1 of 1
[f7/0fd598] EXTRACT_SEQUENCES (combined_dataset_RF00177) | 1 of 1
[69/32d79d] BLAST_ANNOTATE (combined_dataset_RF00177)    | 1 of 1
[-        ] MERGE_BLAST_RESULTS                          -
[-        ] PROCESS_RESULTS                              -
[-        ] BUILD_SUMMARY                                -

executor >  local (7)
[a7/0de8f8] CHECK_FNA_HEADERS (combined_dataset)         | 1 of 1 ✔
[d0/137b4e] CMSEARCH (combined_dataset_RF01960)          | 2 of 2 ✔
[b1/d9fbb0] GET_CMSTATS (combined_dataset_RF01960)       | 1 of 2
[f7/0fd598] EXTRACT_SEQUENCES (combined_dataset_RF00177) | 1 of 1
[69/32d79d] BLAST_ANNOTATE (combined_dataset_RF00177)    | 1 of 1
[-        ] MERGE_BLAST_RESULTS                          -
[-        ] PROCESS_RESULTS                              -
[-        ] BUILD_SUMMARY                                -

executor >  local (8)
[a7/0de8f8] CHECK_FNA_HEADERS (combined_dataset)         | 1 of 1 ✔
[d0/137b4e] CMSEARCH (combined_dataset_RF01960)          | 2 of 2 ✔
[b1/d9fbb0] GET_CMSTATS (combined_dataset_RF01960)       | 2 of 2 ✔
[b2/ff7ee1] EXTRACT_SEQUENCES (combined_dataset_RF01960) | 1 of 2
[69/32d79d] BLAST_ANNOTATE (combined_dataset_RF00177)    | 1 of 1
[-        ] MERGE_BLAST_RESULTS                          -
[-        ] PROCESS_RESULTS                              -
[-        ] BUILD_SUMMARY                                -

executor >  local (9)
[a7/0de8f8] CHECK_FNA_HEADERS (combined_dataset)         | 1 of 1 ✔
[d0/137b4e] CMSEARCH (combined_dataset_RF01960)          | 2 of 2 ✔
[b1/d9fbb0] GET_CMSTATS (combined_dataset_RF01960)       | 2 of 2 ✔
[b2/ff7ee1] EXTRACT_SEQUENCES (combined_dataset_RF01960) | 2 of 2 ✔
[fa/7d42ef] BLAST_ANNOTATE (combined_dataset_RF01960)    | 1 of 2
[-        ] MERGE_BLAST_RESULTS                          -
[-        ] PROCESS_RESULTS                              -
[-        ] BUILD_SUMMARY                                -

executor >  local (10)
[a7/0de8f8] CHECK_FNA_HEADERS (combined_dataset)         | 1 of 1 ✔
[d0/137b4e] CMSEARCH (combined_dataset_RF01960)          | 2 of 2 ✔
[b1/d9fbb0] GET_CMSTATS (combined_dataset_RF01960)       | 2 of 2 ✔
[b2/ff7ee1] EXTRACT_SEQUENCES (combined_dataset_RF01960) | 2 of 2 ✔
[fa/7d42ef] BLAST_ANNOTATE (combined_dataset_RF01960)    | 2 of 2 ✔
[d8/556867] MERGE_BLAST_RESULTS                          | 0 of 1
[-        ] PROCESS_RESULTS                              -
[-        ] BUILD_SUMMARY                                -

executor >  local (10)
[a7/0de8f8] CHECK_FNA_HEADERS (combined_dataset)         | 1 of 1 ✔
[d0/137b4e] CMSEARCH (combined_dataset_RF01960)          | 2 of 2 ✔
[b1/d9fbb0] GET_CMSTATS (combined_dataset_RF01960)       | 2 of 2 ✔
[b2/ff7ee1] EXTRACT_SEQUENCES (combined_dataset_RF01960) | 2 of 2 ✔
[fa/7d42ef] BLAST_ANNOTATE (combined_dataset_RF01960)    | 2 of 2 ✔
[d8/556867] MERGE_BLAST_RESULTS                          | 1 of 1 ✔
[-        ] PROCESS_RESULTS                              | 0 of 1
[-        ] BUILD_SUMMARY                                -

executor >  local (11)
[a7/0de8f8] CHECK_FNA_HEADERS (combined_dataset)         | 1 of 1 ✔
[d0/137b4e] CMSEARCH (combined_dataset_RF01960)          | 2 of 2 ✔
[b1/d9fbb0] GET_CMSTATS (combined_dataset_RF01960)       | 2 of 2 ✔
[b2/ff7ee1] EXTRACT_SEQUENCES (combined_dataset_RF01960) | 2 of 2 ✔
[fa/7d42ef] BLAST_ANNOTATE (combined_dataset_RF01960)    | 2 of 2 ✔
[d8/556867] MERGE_BLAST_RESULTS                          | 1 of 1 ✔
[11/98e6ea] PROCESS_RESULTS                              | 0 of 1
[-        ] BUILD_SUMMARY                                -

executor >  local (12)
[a7/0de8f8] CHECK_FNA_HEADERS (combined_dataset)         | 1 of 1 ✔
[d0/137b4e] CMSEARCH (combined_dataset_RF01960)          | 2 of 2 ✔
[b1/d9fbb0] GET_CMSTATS (combined_dataset_RF01960)       | 2 of 2 ✔
[b2/ff7ee1] EXTRACT_SEQUENCES (combined_dataset_RF01960) | 2 of 2 ✔
[fa/7d42ef] BLAST_ANNOTATE (combined_dataset_RF01960)    | 2 of 2 ✔
[d8/556867] MERGE_BLAST_RESULTS                          | 1 of 1 ✔
[11/98e6ea] PROCESS_RESULTS                              | 1 of 1 ✔
[19/cf0dcc] BUILD_SUMMARY                                | 0 of 1

executor >  local (12)
[a7/0de8f8] CHECK_FNA_HEADERS (combined_dataset)         | 1 of 1 ✔
[d0/137b4e] CMSEARCH (combined_dataset_RF01960)          | 2 of 2 ✔
[b1/d9fbb0] GET_CMSTATS (combined_dataset_RF01960)       | 2 of 2 ✔
[b2/ff7ee1] EXTRACT_SEQUENCES (combined_dataset_RF01960) | 2 of 2 ✔
[fa/7d42ef] BLAST_ANNOTATE (combined_dataset_RF01960)    | 2 of 2 ✔
[d8/556867] MERGE_BLAST_RESULTS                          | 1 of 1 ✔
[11/98e6ea] PROCESS_RESULTS                              | 1 of 1 ✔
[19/cf0dcc] BUILD_SUMMARY                                | 1 of 1 ✔

executor >  local (12)
[a7/0de8f8] CHECK_FNA_HEADERS (combined_dataset)         | 1 of 1 ✔
[d0/137b4e] CMSEARCH (combined_dataset_RF01960)          | 2 of 2 ✔
[b1/d9fbb0] GET_CMSTATS (combined_dataset_RF01960)       | 2 of 2 ✔
[b2/ff7ee1] EXTRACT_SEQUENCES (combined_dataset_RF01960) | 2 of 2 ✔
[fa/7d42ef] BLAST_ANNOTATE (combined_dataset_RF01960)    | 2 of 2 ✔
[d8/556867] MERGE_BLAST_RESULTS                          | 1 of 1 ✔
[11/98e6ea] PROCESS_RESULTS                              | 1 of 1 ✔
[19/cf0dcc] BUILD_SUMMARY                                | 1 of 1 ✔
Pipeline completed at: 2025-07-28T14:02:36.106397400-07:00
Execution status: OK
Results directory: results/combined

executor >  local (12)
[a7/0de8f8] CHECK_FNA_HEADERS (combined_dataset)         | 1 of 1 ✔
[d0/137b4e] CMSEARCH (combined_dataset_RF01960)          | 2 of 2 ✔
[b1/d9fbb0] GET_CMSTATS (combined_dataset_RF01960)       | 2 of 2 ✔
[b2/ff7ee1] EXTRACT_SEQUENCES (combined_dataset_RF01960) | 2 of 2 ✔
[fa/7d42ef] BLAST_ANNOTATE (combined_dataset_RF01960)    | 2 of 2 ✔
[d8/556867] MERGE_BLAST_RESULTS                          | 1 of 1 ✔
[11/98e6ea] PROCESS_RESULTS                              | 1 of 1 ✔
[19/cf0dcc] BUILD_SUMMARY                                | 1 of 1 ✔
Pipeline completed at: 2025-07-28T14:02:36.106397400-07:00
Execution status: OK
Results directory: results/combined
Completed at: 28-Jul-2025 14:02:36
Duration    : 21m 13s
CPU hours   : 0.6
Succeeded   : 12


